PDF isn't valid PDF/UA-1:
ValidationResult [flavour=ua1, totalAssertions=248318, assertions=[
TestAssertion [ruleId=RuleId [specification=ISO 14289-1:2014, clause=7.2, testNumber=27], status=failed,
message=TOC element may contain only TOC, TOCI and Caption elements,
location=Location [level=CosDocument, context=root/document[0]/StructTreeRoot[0](1381 0 obj PDStructTreeRoot)/K[0](1383 0 obj SEDocument Document)/K[1](1390 0 obj SEPart Part)/K[0](1420 0 obj SESect Sect)/K[1](1423 0 obj SETOC TOC)], locationContext=null, errorMessage=null], 
TestAssertion [ruleId=RuleId [specification=ISO 14289-1:2014, clause=7.2, testNumber=26], status=failed,
message=TOCI element should be contained in TOC element,
location=Location [level=CosDocument, context=root/document[0]/StructTreeRoot[0](1381 0 obj PDStructTreeRoot)/K[0](1383 0 obj SEDocument Document)/K[1](1390 0 obj SEPart Part)/K[0](1420 0 obj SESect Sect)/K[1](1423 0 obj SETOC TOC)/K[1](1435 0 obj SEP P)/K[0](1437 0 obj SETOCI TOCI)], locationContext=null, errorMessage=null], 
TestAssertion [ruleId=RuleId [specification=ISO 14289-1:2014, clause=7.2, testNumber=26], status=failed,
message=TOCI element should be contained in TOC element,
location=Location [level=CosDocument, context=root/document[0]/StructTreeRoot[0](1381 0 obj PDStructTreeRoot)/K[0](1383 0 obj SEDocument Document)/K[1](1390 0 obj SEPart Part)/K[0](1420 0 obj SESect Sect)/K[1](1423 0 obj SETOC TOC)/K[1](1435 0 obj SEP P)/K[1](1438 0 obj SETOCI TOCI)], locationContext=null, errorMessage=null], 
TestAssertion [ruleId=RuleId [specification=ISO 14289-1:2014, clause=7.2, testNumber=26], status=failed,
message=TOCI element should be contained in TOC element,
location=Location [level=CosDocument, context=root/document[0]/StructTreeRoot[0](1381 0 obj PDStructTreeRoot)/K[0](1383 0 obj SEDocument Document)/K[1](1390 0 obj SEPart Part)/K[0](1420 0 obj SESect Sect)/K[1](1423 0 obj SETOC TOC)/K[1](1435 0 obj SEP P)/K[2](1439 0 obj SETOCI TOCI)], locationContext=null, errorMessage=null], 
TestAssertion [ruleId=RuleId [specification=ISO 14289-1:2014, clause=7.2, testNumber=26], status=failed,
message=TOCI element should be contained in TOC element,
location=Location [level=CosDocument, context=root/document[0]/StructTreeRoot[0](1381 0 obj PDStructTreeRoot)/K[0](1383 0 obj SEDocument Document)/K[1](1390 0 obj SEPart Part)/K[0](1420 0 obj SESect Sect)/K[1](1423 0 obj SETOC TOC)/K[1](1435 0 obj SEP P)/K[3](1440 0 obj SETOCI TOCI)], locationContext=null, errorMessage=null], 
TestAssertion [ruleId=RuleId [specification=ISO 14289-1:2014, clause=7.2, testNumber=26], status=failed,
message=TOCI element should be contained in TOC element,
location=Location [level=CosDocument, context=root/document[0]/StructTreeRoot[0](1381 0 obj PDStructTreeRoot)/K[0](1383 0 obj SEDocument Document)/K[1](1390 0 obj SEPart Part)/K[0](1420 0 obj SESect Sect)/K[1](1423 0 obj SETOC TOC)/K[1](1435 0 obj SEP P)/K[4](1441 0 obj SETOCI TOCI)], locationContext=null, errorMessage=null], 
TestAssertion [ruleId=RuleId [specification=ISO 14289-1:2014, clause=7.2, testNumber=26], status=failed,
message=TOCI element should be contained in TOC element,
location=Location [level=CosDocument, context=root/document[0]/StructTreeRoot[0](1381 0 obj PDStructTreeRoot)/K[0](1383 0 obj SEDocument Document)/K[1](1390 0 obj SEPart Part)/K[0](1420 0 obj SESect Sect)/K[1](1423 0 obj SETOC TOC)/K[1](1435 0 obj SEP P)/K[5](1442 0 obj SETOCI TOCI)], locationContext=null, errorMessage=null], 
TestAssertion [ruleId=RuleId [specification=ISO 14289-1:2014, clause=7.2, testNumber=26], status=failed,
message=TOCI element should be contained in TOC element,
location=Location [level=CosDocument, context=root/document[0]/StructTreeRoot[0](1381 0 obj PDStructTreeRoot)/K[0](1383 0 obj SEDocument Document)/K[1](1390 0 obj SEPart Part)/K[0](1420 0 obj SESect Sect)/K[1](1423 0 obj SETOC TOC)/K[1](1435 0 obj SEP P)/K[6](1443 0 obj SETOCI TOCI)], locationContext=null, errorMessage=null], 
TestAssertion [ruleId=RuleId [specification=ISO 14289-1:2014, clause=7.2, testNumber=26], status=failed,
message=TOCI element should be contained in TOC element,
location=Location [level=CosDocument, context=root/document[0]/StructTreeRoot[0](1381 0 obj PDStructTreeRoot)/K[0](1383 0 obj SEDocument Document)/K[1](1390 0 obj SEPart Part)/K[0](1420 0 obj SESect Sect)/K[1](1423 0 obj SETOC TOC)/K[1](1435 0 obj SEP P)/K[7](1444 0 obj SETOCI TOCI)], locationContext=null, errorMessage=null], 
TestAssertion [ruleId=RuleId [specification=ISO 14289-1:2014, clause=7.2, testNumber=26], status=failed,
message=TOCI element should be contained in TOC element,
location=Location [level=CosDocument, context=root/document[0]/StructTreeRoot[0](1381 0 obj PDStructTreeRoot)/K[0](1383 0 obj SEDocument Document)/K[1](1390 0 obj SEPart Part)/K[0](1420 0 obj SESect Sect)/K[1](1423 0 obj SETOC TOC)/K[1](1435 0 obj SEP P)/K[8](1445 0 obj SETOCI TOCI)], locationContext=null, errorMessage=null], 
TestAssertion [ruleId=RuleId [specification=ISO 14289-1:2014, clause=7.2, testNumber=26], status=failed,
message=TOCI element should be contained in TOC element,
location=Location [level=CosDocument, context=root/document[0]/StructTreeRoot[0](1381 0 obj PDStructTreeRoot)/K[0](1383 0 obj SEDocument Document)/K[1](1390 0 obj SEPart Part)/K[0](1420 0 obj SESect Sect)/K[1](1423 0 obj SETOC TOC)/K[1](1435 0 obj SEP P)/K[9](1446 0 obj SETOCI TOCI)], locationContext=null, errorMessage=null], 
TestAssertion [ruleId=RuleId [specification=ISO 14289-1:2014, clause=7.2, testNumber=26], status=failed,
message=TOCI element should be contained in TOC element,
location=Location [level=CosDocument, context=root/document[0]/StructTreeRoot[0](1381 0 obj PDStructTreeRoot)/K[0](1383 0 obj SEDocument Document)/K[1](1390 0 obj SEPart Part)/K[0](1420 0 obj SESect Sect)/K[1](1423 0 obj SETOC TOC)/K[1](1435 0 obj SEP P)/K[10](1447 0 obj SETOCI TOCI)], locationContext=null, errorMessage=null], 
TestAssertion [ruleId=RuleId [specification=ISO 14289-1:2014, clause=7.2, testNumber=26], status=failed,
message=TOCI element should be contained in TOC element,
location=Location [level=CosDocument, context=root/document[0]/StructTreeRoot[0](1381 0 obj PDStructTreeRoot)/K[0](1383 0 obj SEDocument Document)/K[1](1390 0 obj SEPart Part)/K[0](1420 0 obj SESect Sect)/K[1](1423 0 obj SETOC TOC)/K[1](1435 0 obj SEP P)/K[11](1448 0 obj SETOCI TOCI)], locationContext=null, errorMessage=null], 
TestAssertion [ruleId=RuleId [specification=ISO 14289-1:2014, clause=7.2, testNumber=26], status=failed,
message=TOCI element should be contained in TOC element,
location=Location [level=CosDocument, context=root/document[0]/StructTreeRoot[0](1381 0 obj PDStructTreeRoot)/K[0](1383 0 obj SEDocument Document)/K[1](1390 0 obj SEPart Part)/K[0](1420 0 obj SESect Sect)/K[1](1423 0 obj SETOC TOC)/K[1](1435 0 obj SEP P)/K[12](1449 0 obj SETOCI TOCI)], locationContext=null, errorMessage=null], 
TestAssertion [ruleId=RuleId [specification=ISO 14289-1:2014, clause=7.2, testNumber=26], status=failed,
message=TOCI element should be contained in TOC element,
location=Location [level=CosDocument, context=root/document[0]/StructTreeRoot[0](1381 0 obj PDStructTreeRoot)/K[0](1383 0 obj SEDocument Document)/K[1](1390 0 obj SEPart Part)/K[0](1420 0 obj SESect Sect)/K[1](1423 0 obj SETOC TOC)/K[1](1435 0 obj SEP P)/K[13](1450 0 obj SETOCI TOCI)], locationContext=null, errorMessage=null], 
TestAssertion [ruleId=RuleId [specification=ISO 14289-1:2014, clause=7.2, testNumber=26], status=failed,
message=TOCI element should be contained in TOC element,
location=Location [level=CosDocument, context=root/document[0]/StructTreeRoot[0](1381 0 obj PDStructTreeRoot)/K[0](1383 0 obj SEDocument Document)/K[1](1390 0 obj SEPart Part)/K[0](1420 0 obj SESect Sect)/K[1](1423 0 obj SETOC TOC)/K[1](1435 0 obj SEP P)/K[14](1451 0 obj SETOCI TOCI)], locationContext=null, errorMessage=null], 
TestAssertion [ruleId=RuleId [specification=ISO 14289-1:2014, clause=7.2, testNumber=26], status=failed,
message=TOCI element should be contained in TOC element,
location=Location [level=CosDocument, context=root/document[0]/StructTreeRoot[0](1381 0 obj PDStructTreeRoot)/K[0](1383 0 obj SEDocument Document)/K[1](1390 0 obj SEPart Part)/K[0](1420 0 obj SESect Sect)/K[1](1423 0 obj SETOC TOC)/K[1](1435 0 obj SEP P)/K[15](1452 0 obj SETOCI TOCI)], locationContext=null, errorMessage=null], 
TestAssertion [ruleId=RuleId [specification=ISO 14289-1:2014, clause=7.2, testNumber=26], status=failed,
message=TOCI element should be contained in TOC element,
location=Location [level=CosDocument, context=root/document[0]/StructTreeRoot[0](1381 0 obj PDStructTreeRoot)/K[0](1383 0 obj SEDocument Document)/K[1](1390 0 obj SEPart Part)/K[0](1420 0 obj SESect Sect)/K[1](1423 0 obj SETOC TOC)/K[1](1435 0 obj SEP P)/K[16](1453 0 obj SETOCI TOCI)], locationContext=null, errorMessage=null], 
TestAssertion [ruleId=RuleId [specification=ISO 14289-1:2014, clause=7.2, testNumber=26], status=failed,
message=TOCI element should be contained in TOC element,
location=Location [level=CosDocument, context=root/document[0]/StructTreeRoot[0](1381 0 obj PDStructTreeRoot)/K[0](1383 0 obj SEDocument Document)/K[1](1390 0 obj SEPart Part)/K[0](1420 0 obj SESect Sect)/K[1](1423 0 obj SETOC TOC)/K[1](1435 0 obj SEP P)/K[17](1454 0 obj SETOCI TOCI)], locationContext=null, errorMessage=null], 
TestAssertion [ruleId=RuleId [specification=ISO 14289-1:2014, clause=7.2, testNumber=26], status=failed,
message=TOCI element should be contained in TOC element,
location=Location [level=CosDocument, context=root/document[0]/StructTreeRoot[0](1381 0 obj PDStructTreeRoot)/K[0](1383 0 obj SEDocument Document)/K[1](1390 0 obj SEPart Part)/K[0](1420 0 obj SESect Sect)/K[1](1423 0 obj SETOC TOC)/K[1](1435 0 obj SEP P)/K[18](1455 0 obj SETOCI TOCI)], locationContext=null, errorMessage=null], 
TestAssertion [ruleId=RuleId [specification=ISO 14289-1:2014, clause=7.2, testNumber=26], status=failed,
message=TOCI element should be contained in TOC element,
location=Location [level=CosDocument, context=root/document[0]/StructTreeRoot[0](1381 0 obj PDStructTreeRoot)/K[0](1383 0 obj SEDocument Document)/K[1](1390 0 obj SEPart Part)/K[0](1420 0 obj SESect Sect)/K[1](1423 0 obj SETOC TOC)/K[1](1435 0 obj SEP P)/K[19](1456 0 obj SETOCI TOCI)], locationContext=null, errorMessage=null], 
TestAssertion [ruleId=RuleId [specification=ISO 14289-1:2014, clause=7.2, testNumber=26], status=failed,
message=TOCI element should be contained in TOC element,
location=Location [level=CosDocument, context=root/document[0]/StructTreeRoot[0](1381 0 obj PDStructTreeRoot)/K[0](1383 0 obj SEDocument Document)/K[1](1390 0 obj SEPart Part)/K[0](1420 0 obj SESect Sect)/K[1](1423 0 obj SETOC TOC)/K[1](1435 0 obj SEP P)/K[20](1457 0 obj SETOCI TOCI)], locationContext=null, errorMessage=null], 
TestAssertion [ruleId=RuleId [specification=ISO 14289-1:2014, clause=7.2, testNumber=26], status=failed,
message=TOCI element should be contained in TOC element,
location=Location [level=CosDocument, context=root/document[0]/StructTreeRoot[0](1381 0 obj PDStructTreeRoot)/K[0](1383 0 obj SEDocument Document)/K[1](1390 0 obj SEPart Part)/K[0](1420 0 obj SESect Sect)/K[1](1423 0 obj SETOC TOC)/K[1](1435 0 obj SEP P)/K[21](1458 0 obj SETOCI TOCI)], locationContext=null, errorMessage=null], 
TestAssertion [ruleId=RuleId [specification=ISO 14289-1:2014, clause=7.2, testNumber=26], status=failed,
message=TOCI element should be contained in TOC element,
location=Location [level=CosDocument, context=root/document[0]/StructTreeRoot[0](1381 0 obj PDStructTreeRoot)/K[0](1383 0 obj SEDocument Document)/K[1](1390 0 obj SEPart Part)/K[0](1420 0 obj SESect Sect)/K[1](1423 0 obj SETOC TOC)/K[1](1435 0 obj SEP P)/K[22](1459 0 obj SETOCI TOCI)], locationContext=null, errorMessage=null], 
TestAssertion [ruleId=RuleId [specification=ISO 14289-1:2014, clause=7.2, testNumber=26], status=failed,
message=TOCI element should be contained in TOC element,
location=Location [level=CosDocument, context=root/document[0]/StructTreeRoot[0](1381 0 obj PDStructTreeRoot)/K[0](1383 0 obj SEDocument Document)/K[1](1390 0 obj SEPart Part)/K[0](1420 0 obj SESect Sect)/K[1](1423 0 obj SETOC TOC)/K[1](1435 0 obj SEP P)/K[23](1460 0 obj SETOCI TOCI)], locationContext=null, errorMessage=null], 
TestAssertion [ruleId=RuleId [specification=ISO 14289-1:2014, clause=7.2, testNumber=26], status=failed,
message=TOCI element should be contained in TOC element,
location=Location [level=CosDocument, context=root/document[0]/StructTreeRoot[0](1381 0 obj PDStructTreeRoot)/K[0](1383 0 obj SEDocument Document)/K[1](1390 0 obj SEPart Part)/K[0](1420 0 obj SESect Sect)/K[1](1423 0 obj SETOC TOC)/K[1](1435 0 obj SEP P)/K[24](1461 0 obj SETOCI TOCI)], locationContext=null, errorMessage=null], 
TestAssertion [ruleId=RuleId [specification=ISO 14289-1:2014, clause=7.2, testNumber=26], status=failed,
message=TOCI element should be contained in TOC element,
location=Location [level=CosDocument, context=root/document[0]/StructTreeRoot[0](1381 0 obj PDStructTreeRoot)/K[0](1383 0 obj SEDocument Document)/K[1](1390 0 obj SEPart Part)/K[0](1420 0 obj SESect Sect)/K[1](1423 0 obj SETOC TOC)/K[1](1435 0 obj SEP P)/K[25](1462 0 obj SETOCI TOCI)], locationContext=null, errorMessage=null], 
TestAssertion [ruleId=RuleId [specification=ISO 14289-1:2014, clause=7.2, testNumber=26], status=failed,
message=TOCI element should be contained in TOC element,
location=Location [level=CosDocument, context=root/document[0]/StructTreeRoot[0](1381 0 obj PDStructTreeRoot)/K[0](1383 0 obj SEDocument Document)/K[1](1390 0 obj SEPart Part)/K[0](1420 0 obj SESect Sect)/K[1](1423 0 obj SETOC TOC)/K[1](1435 0 obj SEP P)/K[26](1463 0 obj SETOCI TOCI)], locationContext=null, errorMessage=null], 
TestAssertion [ruleId=RuleId [specification=ISO 14289-1:2014, clause=7.2, testNumber=26], status=failed,
message=TOCI element should be contained in TOC element,
location=Location [level=CosDocument, context=root/document[0]/StructTreeRoot[0](1381 0 obj PDStructTreeRoot)/K[0](1383 0 obj SEDocument Document)/K[1](1390 0 obj SEPart Part)/K[0](1420 0 obj SESect Sect)/K[1](1423 0 obj SETOC TOC)/K[1](1435 0 obj SEP P)/K[27](1464 0 obj SETOCI TOCI)], locationContext=null, errorMessage=null], 
TestAssertion [ruleId=RuleId [specification=ISO 14289-1:2014, clause=7.2, testNumber=26], status=failed,
message=TOCI element should be contained in TOC element,
location=Location [level=CosDocument, context=root/document[0]/StructTreeRoot[0](1381 0 obj PDStructTreeRoot)/K[0](1383 0 obj SEDocument Document)/K[1](1390 0 obj SEPart Part)/K[0](1420 0 obj SESect Sect)/K[1](1423 0 obj SETOC TOC)/K[1](1435 0 obj SEP P)/K[28](1465 0 obj SETOCI TOCI)], locationContext=null, errorMessage=null], 
TestAssertion [ruleId=RuleId [specification=ISO 14289-1:2014, clause=7.2, testNumber=26], status=failed,
message=TOCI element should be contained in TOC element,
location=Location [level=CosDocument, context=root/document[0]/StructTreeRoot[0](1381 0 obj PDStructTreeRoot)/K[0](1383 0 obj SEDocument Document)/K[1](1390 0 obj SEPart Part)/K[0](1420 0 obj SESect Sect)/K[1](1423 0 obj SETOC TOC)/K[1](1435 0 obj SEP P)/K[29](1466 0 obj SETOCI TOCI)], locationContext=null, errorMessage=null], 
TestAssertion [ruleId=RuleId [specification=ISO 14289-1:2014, clause=7.2, testNumber=26], status=failed,
message=TOCI element should be contained in TOC element,
location=Location [level=CosDocument, context=root/document[0]/StructTreeRoot[0](1381 0 obj PDStructTreeRoot)/K[0](1383 0 obj SEDocument Document)/K[1](1390 0 obj SEPart Part)/K[0](1420 0 obj SESect Sect)/K[1](1423 0 obj SETOC TOC)/K[1](1435 0 obj SEP P)/K[30](1467 0 obj SETOCI TOCI)], locationContext=null, errorMessage=null], 
TestAssertion [ruleId=RuleId [specification=ISO 14289-1:2014, clause=7.2, testNumber=26], status=failed,
message=TOCI element should be contained in TOC element,
location=Location [level=CosDocument, context=root/document[0]/StructTreeRoot[0](1381 0 obj PDStructTreeRoot)/K[0](1383 0 obj SEDocument Document)/K[1](1390 0 obj SEPart Part)/K[0](1420 0 obj SESect Sect)/K[1](1423 0 obj SETOC TOC)/K[1](1435 0 obj SEP P)/K[31](1468 0 obj SETOCI TOCI)], locationContext=null, errorMessage=null], 
TestAssertion [ruleId=RuleId [specification=ISO 14289-1:2014, clause=7.2, testNumber=26], status=failed,
message=TOCI element should be contained in TOC element,
location=Location [level=CosDocument, context=root/document[0]/StructTreeRoot[0](1381 0 obj PDStructTreeRoot)/K[0](1383 0 obj SEDocument Document)/K[1](1390 0 obj SEPart Part)/K[0](1420 0 obj SESect Sect)/K[1](1423 0 obj SETOC TOC)/K[1](1435 0 obj SEP P)/K[32](1469 0 obj SETOCI TOCI)], locationContext=null, errorMessage=null], 
TestAssertion [ruleId=RuleId [specification=ISO 14289-1:2014, clause=7.2, testNumber=26], status=failed,
message=TOCI element should be contained in TOC element,
location=Location [level=CosDocument, context=root/document[0]/StructTreeRoot[0](1381 0 obj PDStructTreeRoot)/K[0](1383 0 obj SEDocument Document)/K[1](1390 0 obj SEPart Part)/K[0](1420 0 obj SESect Sect)/K[1](1423 0 obj SETOC TOC)/K[1](1435 0 obj SEP P)/K[33](1470 0 obj SETOCI TOCI)], locationContext=null, errorMessage=null], 
TestAssertion [ruleId=RuleId [specification=ISO 14289-1:2014, clause=7.2, testNumber=26], status=failed,
message=TOCI element should be contained in TOC element,
location=Location [level=CosDocument, context=root/document[0]/StructTreeRoot[0](1381 0 obj PDStructTreeRoot)/K[0](1383 0 obj SEDocument Document)/K[1](1390 0 obj SEPart Part)/K[0](1420 0 obj SESect Sect)/K[1](1423 0 obj SETOC TOC)/K[1](1435 0 obj SEP P)/K[34](1471 0 obj SETOCI TOCI)], locationContext=null, errorMessage=null], 
TestAssertion [ruleId=RuleId [specification=ISO 14289-1:2014, clause=7.2, testNumber=26], status=failed,
message=TOCI element should be contained in TOC element,
location=Location [level=CosDocument, context=root/document[0]/StructTreeRoot[0](1381 0 obj PDStructTreeRoot)/K[0](1383 0 obj SEDocument Document)/K[1](1390 0 obj SEPart Part)/K[0](1420 0 obj SESect Sect)/K[1](1423 0 obj SETOC TOC)/K[1](1435 0 obj SEP P)/K[35](1472 0 obj SETOCI TOCI)], locationContext=null, errorMessage=null], 
TestAssertion [ruleId=RuleId [specification=ISO 14289-1:2014, clause=7.2, testNumber=26], status=failed,
message=TOCI element should be contained in TOC element,
location=Location [level=CosDocument, context=root/document[0]/StructTreeRoot[0](1381 0 obj PDStructTreeRoot)/K[0](1383 0 obj SEDocument Document)/K[1](1390 0 obj SEPart Part)/K[0](1420 0 obj SESect Sect)/K[1](1423 0 obj SETOC TOC)/K[1](1435 0 obj SEP P)/K[36](1473 0 obj SETOCI TOCI)], locationContext=null, errorMessage=null]], isCompliant=false]
