PDF isn't valid PDF/UA-1:
ValidationResult [flavour=ua1, totalAssertions=341008, assertions=[
TestAssertion [ruleId=RuleId [specification=ISO 14289-1:2014, clause=7.2, testNumber=27], status=failed,
message=TOC element may contain only TOC, TOCI and Caption elements,
location=Location [level=CosDocument, context=root/document[0]/StructTreeRoot[0](3002 0 obj PDStructTreeRoot)/K[0](3004 0 obj SEDocument Document)/K[1](3019 0 obj SEPart Part)/K[0](3055 0 obj SESect Sect)/K[1](3058 0 obj SETOC TOC)], locationContext=null, errorMessage=null], 
TestAssertion [ruleId=RuleId [specification=ISO 14289-1:2014, clause=7.2, testNumber=26], status=failed,
message=TOCI element should be contained in TOC element,
location=Location [level=CosDocument, context=root/document[0]/StructTreeRoot[0](3002 0 obj PDStructTreeRoot)/K[0](3004 0 obj SEDocument Document)/K[1](3019 0 obj SEPart Part)/K[0](3055 0 obj SESect Sect)/K[1](3058 0 obj SETOC TOC)/K[1](3072 0 obj SEP P)/K[0](3074 0 obj SETOCI TOCI)], locationContext=null, errorMessage=null], 
TestAssertion [ruleId=RuleId [specification=ISO 14289-1:2014, clause=7.2, testNumber=26], status=failed,
message=TOCI element should be contained in TOC element,
location=Location [level=CosDocument, context=root/document[0]/StructTreeRoot[0](3002 0 obj PDStructTreeRoot)/K[0](3004 0 obj SEDocument Document)/K[1](3019 0 obj SEPart Part)/K[0](3055 0 obj SESect Sect)/K[1](3058 0 obj SETOC TOC)/K[1](3072 0 obj SEP P)/K[1](3075 0 obj SETOCI TOCI)], locationContext=null, errorMessage=null], 
TestAssertion [ruleId=RuleId [specification=ISO 14289-1:2014, clause=7.2, testNumber=26], status=failed,
message=TOCI element should be contained in TOC element,
location=Location [level=CosDocument, context=root/document[0]/StructTreeRoot[0](3002 0 obj PDStructTreeRoot)/K[0](3004 0 obj SEDocument Document)/K[1](3019 0 obj SEPart Part)/K[0](3055 0 obj SESect Sect)/K[1](3058 0 obj SETOC TOC)/K[1](3072 0 obj SEP P)/K[2](3076 0 obj SETOCI TOCI)], locationContext=null, errorMessage=null], 
TestAssertion [ruleId=RuleId [specification=ISO 14289-1:2014, clause=7.2, testNumber=26], status=failed,
message=TOCI element should be contained in TOC element,
location=Location [level=CosDocument, context=root/document[0]/StructTreeRoot[0](3002 0 obj PDStructTreeRoot)/K[0](3004 0 obj SEDocument Document)/K[1](3019 0 obj SEPart Part)/K[0](3055 0 obj SESect Sect)/K[1](3058 0 obj SETOC TOC)/K[1](3072 0 obj SEP P)/K[3](3077 0 obj SETOCI TOCI)], locationContext=null, errorMessage=null], 
TestAssertion [ruleId=RuleId [specification=ISO 14289-1:2014, clause=7.2, testNumber=26], status=failed,
message=TOCI element should be contained in TOC element,
location=Location [level=CosDocument, context=root/document[0]/StructTreeRoot[0](3002 0 obj PDStructTreeRoot)/K[0](3004 0 obj SEDocument Document)/K[1](3019 0 obj SEPart Part)/K[0](3055 0 obj SESect Sect)/K[1](3058 0 obj SETOC TOC)/K[1](3072 0 obj SEP P)/K[4](3078 0 obj SETOCI TOCI)], locationContext=null, errorMessage=null], 
TestAssertion [ruleId=RuleId [specification=ISO 14289-1:2014, clause=7.2, testNumber=26], status=failed,
message=TOCI element should be contained in TOC element,
location=Location [level=CosDocument, context=root/document[0]/StructTreeRoot[0](3002 0 obj PDStructTreeRoot)/K[0](3004 0 obj SEDocument Document)/K[1](3019 0 obj SEPart Part)/K[0](3055 0 obj SESect Sect)/K[1](3058 0 obj SETOC TOC)/K[1](3072 0 obj SEP P)/K[5](3079 0 obj SETOCI TOCI)], locationContext=null, errorMessage=null], 
TestAssertion [ruleId=RuleId [specification=ISO 14289-1:2014, clause=7.2, testNumber=26], status=failed,
message=TOCI element should be contained in TOC element,
location=Location [level=CosDocument, context=root/document[0]/StructTreeRoot[0](3002 0 obj PDStructTreeRoot)/K[0](3004 0 obj SEDocument Document)/K[1](3019 0 obj SEPart Part)/K[0](3055 0 obj SESect Sect)/K[1](3058 0 obj SETOC TOC)/K[1](3072 0 obj SEP P)/K[6](3080 0 obj SETOCI TOCI)], locationContext=null, errorMessage=null], 
TestAssertion [ruleId=RuleId [specification=ISO 14289-1:2014, clause=7.2, testNumber=26], status=failed,
message=TOCI element should be contained in TOC element,
location=Location [level=CosDocument, context=root/document[0]/StructTreeRoot[0](3002 0 obj PDStructTreeRoot)/K[0](3004 0 obj SEDocument Document)/K[1](3019 0 obj SEPart Part)/K[0](3055 0 obj SESect Sect)/K[1](3058 0 obj SETOC TOC)/K[1](3072 0 obj SEP P)/K[7](3081 0 obj SETOCI TOCI)], locationContext=null, errorMessage=null], 
TestAssertion [ruleId=RuleId [specification=ISO 14289-1:2014, clause=7.2, testNumber=26], status=failed,
message=TOCI element should be contained in TOC element,
location=Location [level=CosDocument, context=root/document[0]/StructTreeRoot[0](3002 0 obj PDStructTreeRoot)/K[0](3004 0 obj SEDocument Document)/K[1](3019 0 obj SEPart Part)/K[0](3055 0 obj SESect Sect)/K[1](3058 0 obj SETOC TOC)/K[1](3072 0 obj SEP P)/K[8](3082 0 obj SETOCI TOCI)], locationContext=null, errorMessage=null], 
TestAssertion [ruleId=RuleId [specification=ISO 14289-1:2014, clause=7.2, testNumber=26], status=failed,
message=TOCI element should be contained in TOC element,
location=Location [level=CosDocument, context=root/document[0]/StructTreeRoot[0](3002 0 obj PDStructTreeRoot)/K[0](3004 0 obj SEDocument Document)/K[1](3019 0 obj SEPart Part)/K[0](3055 0 obj SESect Sect)/K[1](3058 0 obj SETOC TOC)/K[1](3072 0 obj SEP P)/K[9](3083 0 obj SETOCI TOCI)], locationContext=null, errorMessage=null], 
TestAssertion [ruleId=RuleId [specification=ISO 14289-1:2014, clause=7.2, testNumber=26], status=failed,
message=TOCI element should be contained in TOC element,
location=Location [level=CosDocument, context=root/document[0]/StructTreeRoot[0](3002 0 obj PDStructTreeRoot)/K[0](3004 0 obj SEDocument Document)/K[1](3019 0 obj SEPart Part)/K[0](3055 0 obj SESect Sect)/K[1](3058 0 obj SETOC TOC)/K[1](3072 0 obj SEP P)/K[10](3084 0 obj SETOCI TOCI)], locationContext=null, errorMessage=null], 
TestAssertion [ruleId=RuleId [specification=ISO 14289-1:2014, clause=7.2, testNumber=26], status=failed,
message=TOCI element should be contained in TOC element,
location=Location [level=CosDocument, context=root/document[0]/StructTreeRoot[0](3002 0 obj PDStructTreeRoot)/K[0](3004 0 obj SEDocument Document)/K[1](3019 0 obj SEPart Part)/K[0](3055 0 obj SESect Sect)/K[1](3058 0 obj SETOC TOC)/K[1](3072 0 obj SEP P)/K[11](3085 0 obj SETOCI TOCI)], locationContext=null, errorMessage=null], 
TestAssertion [ruleId=RuleId [specification=ISO 14289-1:2014, clause=7.2, testNumber=26], status=failed,
message=TOCI element should be contained in TOC element,
location=Location [level=CosDocument, context=root/document[0]/StructTreeRoot[0](3002 0 obj PDStructTreeRoot)/K[0](3004 0 obj SEDocument Document)/K[1](3019 0 obj SEPart Part)/K[0](3055 0 obj SESect Sect)/K[1](3058 0 obj SETOC TOC)/K[1](3072 0 obj SEP P)/K[12](3086 0 obj SETOCI TOCI)], locationContext=null, errorMessage=null], 
TestAssertion [ruleId=RuleId [specification=ISO 14289-1:2014, clause=7.2, testNumber=26], status=failed,
message=TOCI element should be contained in TOC element,
location=Location [level=CosDocument, context=root/document[0]/StructTreeRoot[0](3002 0 obj PDStructTreeRoot)/K[0](3004 0 obj SEDocument Document)/K[1](3019 0 obj SEPart Part)/K[0](3055 0 obj SESect Sect)/K[1](3058 0 obj SETOC TOC)/K[1](3072 0 obj SEP P)/K[13](3087 0 obj SETOCI TOCI)], locationContext=null, errorMessage=null], 
TestAssertion [ruleId=RuleId [specification=ISO 14289-1:2014, clause=7.2, testNumber=26], status=failed,
message=TOCI element should be contained in TOC element,
location=Location [level=CosDocument, context=root/document[0]/StructTreeRoot[0](3002 0 obj PDStructTreeRoot)/K[0](3004 0 obj SEDocument Document)/K[1](3019 0 obj SEPart Part)/K[0](3055 0 obj SESect Sect)/K[1](3058 0 obj SETOC TOC)/K[1](3072 0 obj SEP P)/K[14](3088 0 obj SETOCI TOCI)], locationContext=null, errorMessage=null], 
TestAssertion [ruleId=RuleId [specification=ISO 14289-1:2014, clause=7.2, testNumber=26], status=failed,
message=TOCI element should be contained in TOC element,
location=Location [level=CosDocument, context=root/document[0]/StructTreeRoot[0](3002 0 obj PDStructTreeRoot)/K[0](3004 0 obj SEDocument Document)/K[1](3019 0 obj SEPart Part)/K[0](3055 0 obj SESect Sect)/K[1](3058 0 obj SETOC TOC)/K[1](3072 0 obj SEP P)/K[15](3089 0 obj SETOCI TOCI)], locationContext=null, errorMessage=null], 
TestAssertion [ruleId=RuleId [specification=ISO 14289-1:2014, clause=7.2, testNumber=26], status=failed,
message=TOCI element should be contained in TOC element,
location=Location [level=CosDocument, context=root/document[0]/StructTreeRoot[0](3002 0 obj PDStructTreeRoot)/K[0](3004 0 obj SEDocument Document)/K[1](3019 0 obj SEPart Part)/K[0](3055 0 obj SESect Sect)/K[1](3058 0 obj SETOC TOC)/K[1](3072 0 obj SEP P)/K[16](3090 0 obj SETOCI TOCI)], locationContext=null, errorMessage=null], 
TestAssertion [ruleId=RuleId [specification=ISO 14289-1:2014, clause=7.2, testNumber=26], status=failed,
message=TOCI element should be contained in TOC element,
location=Location [level=CosDocument, context=root/document[0]/StructTreeRoot[0](3002 0 obj PDStructTreeRoot)/K[0](3004 0 obj SEDocument Document)/K[1](3019 0 obj SEPart Part)/K[0](3055 0 obj SESect Sect)/K[1](3058 0 obj SETOC TOC)/K[1](3072 0 obj SEP P)/K[17](3091 0 obj SETOCI TOCI)], locationContext=null, errorMessage=null], 
TestAssertion [ruleId=RuleId [specification=ISO 14289-1:2014, clause=7.2, testNumber=26], status=failed,
message=TOCI element should be contained in TOC element,
location=Location [level=CosDocument, context=root/document[0]/StructTreeRoot[0](3002 0 obj PDStructTreeRoot)/K[0](3004 0 obj SEDocument Document)/K[1](3019 0 obj SEPart Part)/K[0](3055 0 obj SESect Sect)/K[1](3058 0 obj SETOC TOC)/K[1](3072 0 obj SEP P)/K[18](3092 0 obj SETOCI TOCI)], locationContext=null, errorMessage=null], 
TestAssertion [ruleId=RuleId [specification=ISO 14289-1:2014, clause=7.2, testNumber=26], status=failed,
message=TOCI element should be contained in TOC element,
location=Location [level=CosDocument, context=root/document[0]/StructTreeRoot[0](3002 0 obj PDStructTreeRoot)/K[0](3004 0 obj SEDocument Document)/K[1](3019 0 obj SEPart Part)/K[0](3055 0 obj SESect Sect)/K[1](3058 0 obj SETOC TOC)/K[1](3072 0 obj SEP P)/K[19](3093 0 obj SETOCI TOCI)], locationContext=null, errorMessage=null], 
TestAssertion [ruleId=RuleId [specification=ISO 14289-1:2014, clause=7.2, testNumber=26], status=failed,
message=TOCI element should be contained in TOC element,
location=Location [level=CosDocument, context=root/document[0]/StructTreeRoot[0](3002 0 obj PDStructTreeRoot)/K[0](3004 0 obj SEDocument Document)/K[1](3019 0 obj SEPart Part)/K[0](3055 0 obj SESect Sect)/K[1](3058 0 obj SETOC TOC)/K[1](3072 0 obj SEP P)/K[20](3094 0 obj SETOCI TOCI)], locationContext=null, errorMessage=null], 
TestAssertion [ruleId=RuleId [specification=ISO 14289-1:2014, clause=7.2, testNumber=26], status=failed,
message=TOCI element should be contained in TOC element,
location=Location [level=CosDocument, context=root/document[0]/StructTreeRoot[0](3002 0 obj PDStructTreeRoot)/K[0](3004 0 obj SEDocument Document)/K[1](3019 0 obj SEPart Part)/K[0](3055 0 obj SESect Sect)/K[1](3058 0 obj SETOC TOC)/K[1](3072 0 obj SEP P)/K[21](3095 0 obj SETOCI TOCI)], locationContext=null, errorMessage=null], 
TestAssertion [ruleId=RuleId [specification=ISO 14289-1:2014, clause=7.2, testNumber=26], status=failed,
message=TOCI element should be contained in TOC element,
location=Location [level=CosDocument, context=root/document[0]/StructTreeRoot[0](3002 0 obj PDStructTreeRoot)/K[0](3004 0 obj SEDocument Document)/K[1](3019 0 obj SEPart Part)/K[0](3055 0 obj SESect Sect)/K[1](3058 0 obj SETOC TOC)/K[1](3072 0 obj SEP P)/K[22](3096 0 obj SETOCI TOCI)], locationContext=null, errorMessage=null], 
TestAssertion [ruleId=RuleId [specification=ISO 14289-1:2014, clause=7.2, testNumber=26], status=failed,
message=TOCI element should be contained in TOC element,
location=Location [level=CosDocument, context=root/document[0]/StructTreeRoot[0](3002 0 obj PDStructTreeRoot)/K[0](3004 0 obj SEDocument Document)/K[1](3019 0 obj SEPart Part)/K[0](3055 0 obj SESect Sect)/K[1](3058 0 obj SETOC TOC)/K[1](3072 0 obj SEP P)/K[23](3097 0 obj SETOCI TOCI)], locationContext=null, errorMessage=null], 
TestAssertion [ruleId=RuleId [specification=ISO 14289-1:2014, clause=7.2, testNumber=26], status=failed,
message=TOCI element should be contained in TOC element,
location=Location [level=CosDocument, context=root/document[0]/StructTreeRoot[0](3002 0 obj PDStructTreeRoot)/K[0](3004 0 obj SEDocument Document)/K[1](3019 0 obj SEPart Part)/K[0](3055 0 obj SESect Sect)/K[1](3058 0 obj SETOC TOC)/K[1](3072 0 obj SEP P)/K[24](3098 0 obj SETOCI TOCI)], locationContext=null, errorMessage=null], 
TestAssertion [ruleId=RuleId [specification=ISO 14289-1:2014, clause=7.2, testNumber=26], status=failed,
message=TOCI element should be contained in TOC element,
location=Location [level=CosDocument, context=root/document[0]/StructTreeRoot[0](3002 0 obj PDStructTreeRoot)/K[0](3004 0 obj SEDocument Document)/K[1](3019 0 obj SEPart Part)/K[0](3055 0 obj SESect Sect)/K[1](3058 0 obj SETOC TOC)/K[1](3072 0 obj SEP P)/K[25](3099 0 obj SETOCI TOCI)], locationContext=null, errorMessage=null], 
TestAssertion [ruleId=RuleId [specification=ISO 14289-1:2014, clause=7.2, testNumber=26], status=failed,
message=TOCI element should be contained in TOC element,
location=Location [level=CosDocument, context=root/document[0]/StructTreeRoot[0](3002 0 obj PDStructTreeRoot)/K[0](3004 0 obj SEDocument Document)/K[1](3019 0 obj SEPart Part)/K[0](3055 0 obj SESect Sect)/K[1](3058 0 obj SETOC TOC)/K[1](3072 0 obj SEP P)/K[26](3100 0 obj SETOCI TOCI)], locationContext=null, errorMessage=null], 
TestAssertion [ruleId=RuleId [specification=ISO 14289-1:2014, clause=7.2, testNumber=26], status=failed,
message=TOCI element should be contained in TOC element,
location=Location [level=CosDocument, context=root/document[0]/StructTreeRoot[0](3002 0 obj PDStructTreeRoot)/K[0](3004 0 obj SEDocument Document)/K[1](3019 0 obj SEPart Part)/K[0](3055 0 obj SESect Sect)/K[1](3058 0 obj SETOC TOC)/K[1](3072 0 obj SEP P)/K[27](3101 0 obj SETOCI TOCI)], locationContext=null, errorMessage=null], 
TestAssertion [ruleId=RuleId [specification=ISO 14289-1:2014, clause=7.2, testNumber=26], status=failed,
message=TOCI element should be contained in TOC element,
location=Location [level=CosDocument, context=root/document[0]/StructTreeRoot[0](3002 0 obj PDStructTreeRoot)/K[0](3004 0 obj SEDocument Document)/K[1](3019 0 obj SEPart Part)/K[0](3055 0 obj SESect Sect)/K[1](3058 0 obj SETOC TOC)/K[1](3072 0 obj SEP P)/K[28](3102 0 obj SETOCI TOCI)], locationContext=null, errorMessage=null], 
TestAssertion [ruleId=RuleId [specification=ISO 14289-1:2014, clause=7.2, testNumber=26], status=failed,
message=TOCI element should be contained in TOC element,
location=Location [level=CosDocument, context=root/document[0]/StructTreeRoot[0](3002 0 obj PDStructTreeRoot)/K[0](3004 0 obj SEDocument Document)/K[1](3019 0 obj SEPart Part)/K[0](3055 0 obj SESect Sect)/K[1](3058 0 obj SETOC TOC)/K[1](3072 0 obj SEP P)/K[29](3103 0 obj SETOCI TOCI)], locationContext=null, errorMessage=null], 
TestAssertion [ruleId=RuleId [specification=ISO 14289-1:2014, clause=7.2, testNumber=26], status=failed,
message=TOCI element should be contained in TOC element,
location=Location [level=CosDocument, context=root/document[0]/StructTreeRoot[0](3002 0 obj PDStructTreeRoot)/K[0](3004 0 obj SEDocument Document)/K[1](3019 0 obj SEPart Part)/K[0](3055 0 obj SESect Sect)/K[1](3058 0 obj SETOC TOC)/K[1](3072 0 obj SEP P)/K[30](3104 0 obj SETOCI TOCI)], locationContext=null, errorMessage=null], 
TestAssertion [ruleId=RuleId [specification=ISO 14289-1:2014, clause=7.2, testNumber=26], status=failed,
message=TOCI element should be contained in TOC element,
location=Location [level=CosDocument, context=root/document[0]/StructTreeRoot[0](3002 0 obj PDStructTreeRoot)/K[0](3004 0 obj SEDocument Document)/K[1](3019 0 obj SEPart Part)/K[0](3055 0 obj SESect Sect)/K[1](3058 0 obj SETOC TOC)/K[1](3072 0 obj SEP P)/K[31](3105 0 obj SETOCI TOCI)], locationContext=null, errorMessage=null], 
TestAssertion [ruleId=RuleId [specification=ISO 14289-1:2014, clause=7.2, testNumber=26], status=failed,
message=TOCI element should be contained in TOC element,
location=Location [level=CosDocument, context=root/document[0]/StructTreeRoot[0](3002 0 obj PDStructTreeRoot)/K[0](3004 0 obj SEDocument Document)/K[1](3019 0 obj SEPart Part)/K[0](3055 0 obj SESect Sect)/K[1](3058 0 obj SETOC TOC)/K[1](3072 0 obj SEP P)/K[32](3106 0 obj SETOCI TOCI)], locationContext=null, errorMessage=null], 
TestAssertion [ruleId=RuleId [specification=ISO 14289-1:2014, clause=7.2, testNumber=26], status=failed,
message=TOCI element should be contained in TOC element,
location=Location [level=CosDocument, context=root/document[0]/StructTreeRoot[0](3002 0 obj PDStructTreeRoot)/K[0](3004 0 obj SEDocument Document)/K[1](3019 0 obj SEPart Part)/K[0](3055 0 obj SESect Sect)/K[1](3058 0 obj SETOC TOC)/K[1](3072 0 obj SEP P)/K[33](3107 0 obj SETOCI TOCI)], locationContext=null, errorMessage=null], 
TestAssertion [ruleId=RuleId [specification=ISO 14289-1:2014, clause=7.2, testNumber=26], status=failed,
message=TOCI element should be contained in TOC element,
location=Location [level=CosDocument, context=root/document[0]/StructTreeRoot[0](3002 0 obj PDStructTreeRoot)/K[0](3004 0 obj SEDocument Document)/K[1](3019 0 obj SEPart Part)/K[0](3055 0 obj SESect Sect)/K[1](3058 0 obj SETOC TOC)/K[1](3072 0 obj SEP P)/K[34](3108 0 obj SETOCI TOCI)], locationContext=null, errorMessage=null], 
TestAssertion [ruleId=RuleId [specification=ISO 14289-1:2014, clause=7.2, testNumber=26], status=failed,
message=TOCI element should be contained in TOC element,
location=Location [level=CosDocument, context=root/document[0]/StructTreeRoot[0](3002 0 obj PDStructTreeRoot)/K[0](3004 0 obj SEDocument Document)/K[1](3019 0 obj SEPart Part)/K[0](3055 0 obj SESect Sect)/K[1](3058 0 obj SETOC TOC)/K[1](3072 0 obj SEP P)/K[35](3109 0 obj SETOCI TOCI)], locationContext=null, errorMessage=null], 
TestAssertion [ruleId=RuleId [specification=ISO 14289-1:2014, clause=7.2, testNumber=26], status=failed,
message=TOCI element should be contained in TOC element,
location=Location [level=CosDocument, context=root/document[0]/StructTreeRoot[0](3002 0 obj PDStructTreeRoot)/K[0](3004 0 obj SEDocument Document)/K[1](3019 0 obj SEPart Part)/K[0](3055 0 obj SESect Sect)/K[1](3058 0 obj SETOC TOC)/K[1](3072 0 obj SEP P)/K[36](3110 0 obj SETOCI TOCI)], locationContext=null, errorMessage=null], 
TestAssertion [ruleId=RuleId [specification=ISO 14289-1:2014, clause=7.2, testNumber=26], status=failed,
message=TOCI element should be contained in TOC element,
location=Location [level=CosDocument, context=root/document[0]/StructTreeRoot[0](3002 0 obj PDStructTreeRoot)/K[0](3004 0 obj SEDocument Document)/K[1](3019 0 obj SEPart Part)/K[0](3055 0 obj SESect Sect)/K[1](3058 0 obj SETOC TOC)/K[1](3072 0 obj SEP P)/K[37](3111 0 obj SETOCI TOCI)], locationContext=null, errorMessage=null], 
TestAssertion [ruleId=RuleId [specification=ISO 14289-1:2014, clause=7.2, testNumber=26], status=failed,
message=TOCI element should be contained in TOC element,
location=Location [level=CosDocument, context=root/document[0]/StructTreeRoot[0](3002 0 obj PDStructTreeRoot)/K[0](3004 0 obj SEDocument Document)/K[1](3019 0 obj SEPart Part)/K[0](3055 0 obj SESect Sect)/K[1](3058 0 obj SETOC TOC)/K[1](3072 0 obj SEP P)/K[38](3112 0 obj SETOCI TOCI)], locationContext=null, errorMessage=null], 
TestAssertion [ruleId=RuleId [specification=ISO 14289-1:2014, clause=7.2, testNumber=26], status=failed,
message=TOCI element should be contained in TOC element,
location=Location [level=CosDocument, context=root/document[0]/StructTreeRoot[0](3002 0 obj PDStructTreeRoot)/K[0](3004 0 obj SEDocument Document)/K[1](3019 0 obj SEPart Part)/K[0](3055 0 obj SESect Sect)/K[1](3058 0 obj SETOC TOC)/K[1](3072 0 obj SEP P)/K[39](3113 0 obj SETOCI TOCI)], locationContext=null, errorMessage=null], 
TestAssertion [ruleId=RuleId [specification=ISO 14289-1:2014, clause=7.2, testNumber=26], status=failed,
message=TOCI element should be contained in TOC element,
location=Location [level=CosDocument, context=root/document[0]/StructTreeRoot[0](3002 0 obj PDStructTreeRoot)/K[0](3004 0 obj SEDocument Document)/K[1](3019 0 obj SEPart Part)/K[0](3055 0 obj SESect Sect)/K[1](3058 0 obj SETOC TOC)/K[1](3072 0 obj SEP P)/K[40](3114 0 obj SETOCI TOCI)], locationContext=null, errorMessage=null], 
TestAssertion [ruleId=RuleId [specification=ISO 14289-1:2014, clause=7.2, testNumber=26], status=failed,
message=TOCI element should be contained in TOC element,
location=Location [level=CosDocument, context=root/document[0]/StructTreeRoot[0](3002 0 obj PDStructTreeRoot)/K[0](3004 0 obj SEDocument Document)/K[1](3019 0 obj SEPart Part)/K[0](3055 0 obj SESect Sect)/K[1](3058 0 obj SETOC TOC)/K[1](3072 0 obj SEP P)/K[41](3115 0 obj SETOCI TOCI)], locationContext=null, errorMessage=null], 
TestAssertion [ruleId=RuleId [specification=ISO 14289-1:2014, clause=7.2, testNumber=26], status=failed,
message=TOCI element should be contained in TOC element,
location=Location [level=CosDocument, context=root/document[0]/StructTreeRoot[0](3002 0 obj PDStructTreeRoot)/K[0](3004 0 obj SEDocument Document)/K[1](3019 0 obj SEPart Part)/K[0](3055 0 obj SESect Sect)/K[1](3058 0 obj SETOC TOC)/K[1](3072 0 obj SEP P)/K[42](3116 0 obj SETOCI TOCI)], locationContext=null, errorMessage=null], 
TestAssertion [ruleId=RuleId [specification=ISO 14289-1:2014, clause=7.2, testNumber=26], status=failed,
message=TOCI element should be contained in TOC element,
location=Location [level=CosDocument, context=root/document[0]/StructTreeRoot[0](3002 0 obj PDStructTreeRoot)/K[0](3004 0 obj SEDocument Document)/K[1](3019 0 obj SEPart Part)/K[0](3055 0 obj SESect Sect)/K[1](3058 0 obj SETOC TOC)/K[1](3072 0 obj SEP P)/K[43](3117 0 obj SETOCI TOCI)], locationContext=null, errorMessage=null], 
TestAssertion [ruleId=RuleId [specification=ISO 14289-1:2014, clause=7.2, testNumber=26], status=failed,
message=TOCI element should be contained in TOC element,
location=Location [level=CosDocument, context=root/document[0]/StructTreeRoot[0](3002 0 obj PDStructTreeRoot)/K[0](3004 0 obj SEDocument Document)/K[1](3019 0 obj SEPart Part)/K[0](3055 0 obj SESect Sect)/K[1](3058 0 obj SETOC TOC)/K[1](3072 0 obj SEP P)/K[44](3118 0 obj SETOCI TOCI)], locationContext=null, errorMessage=null], 
TestAssertion [ruleId=RuleId [specification=ISO 14289-1:2014, clause=7.2, testNumber=26], status=failed,
message=TOCI element should be contained in TOC element,
location=Location [level=CosDocument, context=root/document[0]/StructTreeRoot[0](3002 0 obj PDStructTreeRoot)/K[0](3004 0 obj SEDocument Document)/K[1](3019 0 obj SEPart Part)/K[0](3055 0 obj SESect Sect)/K[1](3058 0 obj SETOC TOC)/K[1](3072 0 obj SEP P)/K[45](3119 0 obj SETOCI TOCI)], locationContext=null, errorMessage=null], 
TestAssertion [ruleId=RuleId [specification=ISO 14289-1:2014, clause=7.2, testNumber=26], status=failed,
message=TOCI element should be contained in TOC element,
location=Location [level=CosDocument, context=root/document[0]/StructTreeRoot[0](3002 0 obj PDStructTreeRoot)/K[0](3004 0 obj SEDocument Document)/K[1](3019 0 obj SEPart Part)/K[0](3055 0 obj SESect Sect)/K[1](3058 0 obj SETOC TOC)/K[1](3072 0 obj SEP P)/K[46](3120 0 obj SETOCI TOCI)], locationContext=null, errorMessage=null], 
TestAssertion [ruleId=RuleId [specification=ISO 14289-1:2014, clause=7.2, testNumber=26], status=failed,
message=TOCI element should be contained in TOC element,
location=Location [level=CosDocument, context=root/document[0]/StructTreeRoot[0](3002 0 obj PDStructTreeRoot)/K[0](3004 0 obj SEDocument Document)/K[1](3019 0 obj SEPart Part)/K[0](3055 0 obj SESect Sect)/K[1](3058 0 obj SETOC TOC)/K[1](3072 0 obj SEP P)/K[47](3121 0 obj SETOCI TOCI)], locationContext=null, errorMessage=null], 
TestAssertion [ruleId=RuleId [specification=ISO 14289-1:2014, clause=7.2, testNumber=26], status=failed,
message=TOCI element should be contained in TOC element,
location=Location [level=CosDocument, context=root/document[0]/StructTreeRoot[0](3002 0 obj PDStructTreeRoot)/K[0](3004 0 obj SEDocument Document)/K[1](3019 0 obj SEPart Part)/K[0](3055 0 obj SESect Sect)/K[1](3058 0 obj SETOC TOC)/K[1](3072 0 obj SEP P)/K[48](3122 0 obj SETOCI TOCI)], locationContext=null, errorMessage=null], 
TestAssertion [ruleId=RuleId [specification=ISO 14289-1:2014, clause=7.2, testNumber=26], status=failed,
message=TOCI element should be contained in TOC element,
location=Location [level=CosDocument, context=root/document[0]/StructTreeRoot[0](3002 0 obj PDStructTreeRoot)/K[0](3004 0 obj SEDocument Document)/K[1](3019 0 obj SEPart Part)/K[0](3055 0 obj SESect Sect)/K[1](3058 0 obj SETOC TOC)/K[1](3072 0 obj SEP P)/K[49](3123 0 obj SETOCI TOCI)], locationContext=null, errorMessage=null], 
TestAssertion [ruleId=RuleId [specification=ISO 14289-1:2014, clause=7.2, testNumber=26], status=failed,
message=TOCI element should be contained in TOC element,
location=Location [level=CosDocument, context=root/document[0]/StructTreeRoot[0](3002 0 obj PDStructTreeRoot)/K[0](3004 0 obj SEDocument Document)/K[1](3019 0 obj SEPart Part)/K[0](3055 0 obj SESect Sect)/K[1](3058 0 obj SETOC TOC)/K[1](3072 0 obj SEP P)/K[50](3124 0 obj SETOCI TOCI)], locationContext=null, errorMessage=null], 
TestAssertion [ruleId=RuleId [specification=ISO 14289-1:2014, clause=7.2, testNumber=26], status=failed,
message=TOCI element should be contained in TOC element,
location=Location [level=CosDocument, context=root/document[0]/StructTreeRoot[0](3002 0 obj PDStructTreeRoot)/K[0](3004 0 obj SEDocument Document)/K[1](3019 0 obj SEPart Part)/K[0](3055 0 obj SESect Sect)/K[1](3058 0 obj SETOC TOC)/K[1](3072 0 obj SEP P)/K[51](3125 0 obj SETOCI TOCI)], locationContext=null, errorMessage=null], 
TestAssertion [ruleId=RuleId [specification=ISO 14289-1:2014, clause=7.2, testNumber=26], status=failed,
message=TOCI element should be contained in TOC element,
location=Location [level=CosDocument, context=root/document[0]/StructTreeRoot[0](3002 0 obj PDStructTreeRoot)/K[0](3004 0 obj SEDocument Document)/K[1](3019 0 obj SEPart Part)/K[0](3055 0 obj SESect Sect)/K[1](3058 0 obj SETOC TOC)/K[1](3072 0 obj SEP P)/K[52](3126 0 obj SETOCI TOCI)], locationContext=null, errorMessage=null], 
TestAssertion [ruleId=RuleId [specification=ISO 14289-1:2014, clause=7.2, testNumber=26], status=failed,
message=TOCI element should be contained in TOC element,
location=Location [level=CosDocument, context=root/document[0]/StructTreeRoot[0](3002 0 obj PDStructTreeRoot)/K[0](3004 0 obj SEDocument Document)/K[1](3019 0 obj SEPart Part)/K[0](3055 0 obj SESect Sect)/K[1](3058 0 obj SETOC TOC)/K[1](3072 0 obj SEP P)/K[53](3127 0 obj SETOCI TOCI)], locationContext=null, errorMessage=null], 
TestAssertion [ruleId=RuleId [specification=ISO 14289-1:2014, clause=7.2, testNumber=26], status=failed,
message=TOCI element should be contained in TOC element,
location=Location [level=CosDocument, context=root/document[0]/StructTreeRoot[0](3002 0 obj PDStructTreeRoot)/K[0](3004 0 obj SEDocument Document)/K[1](3019 0 obj SEPart Part)/K[0](3055 0 obj SESect Sect)/K[1](3058 0 obj SETOC TOC)/K[1](3072 0 obj SEP P)/K[54](3128 0 obj SETOCI TOCI)], locationContext=null, errorMessage=null], 
TestAssertion [ruleId=RuleId [specification=ISO 14289-1:2014, clause=7.2, testNumber=26], status=failed,
message=TOCI element should be contained in TOC element,
location=Location [level=CosDocument, context=root/document[0]/StructTreeRoot[0](3002 0 obj PDStructTreeRoot)/K[0](3004 0 obj SEDocument Document)/K[1](3019 0 obj SEPart Part)/K[0](3055 0 obj SESect Sect)/K[1](3058 0 obj SETOC TOC)/K[1](3072 0 obj SEP P)/K[55](3129 0 obj SETOCI TOCI)], locationContext=null, errorMessage=null], 
TestAssertion [ruleId=RuleId [specification=ISO 14289-1:2014, clause=7.2, testNumber=26], status=failed,
message=TOCI element should be contained in TOC element,
location=Location [level=CosDocument, context=root/document[0]/StructTreeRoot[0](3002 0 obj PDStructTreeRoot)/K[0](3004 0 obj SEDocument Document)/K[1](3019 0 obj SEPart Part)/K[0](3055 0 obj SESect Sect)/K[1](3058 0 obj SETOC TOC)/K[1](3072 0 obj SEP P)/K[56](3130 0 obj SETOCI TOCI)], locationContext=null, errorMessage=null], 
TestAssertion [ruleId=RuleId [specification=ISO 14289-1:2014, clause=7.2, testNumber=26], status=failed,
message=TOCI element should be contained in TOC element,
location=Location [level=CosDocument, context=root/document[0]/StructTreeRoot[0](3002 0 obj PDStructTreeRoot)/K[0](3004 0 obj SEDocument Document)/K[1](3019 0 obj SEPart Part)/K[0](3055 0 obj SESect Sect)/K[1](3058 0 obj SETOC TOC)/K[1](3072 0 obj SEP P)/K[57](3131 0 obj SETOCI TOCI)], locationContext=null, errorMessage=null], 
TestAssertion [ruleId=RuleId [specification=ISO 14289-1:2014, clause=7.2, testNumber=26], status=failed,
message=TOCI element should be contained in TOC element,
location=Location [level=CosDocument, context=root/document[0]/StructTreeRoot[0](3002 0 obj PDStructTreeRoot)/K[0](3004 0 obj SEDocument Document)/K[1](3019 0 obj SEPart Part)/K[0](3055 0 obj SESect Sect)/K[1](3058 0 obj SETOC TOC)/K[1](3072 0 obj SEP P)/K[58](3132 0 obj SETOCI TOCI)], locationContext=null, errorMessage=null], 
TestAssertion [ruleId=RuleId [specification=ISO 14289-1:2014, clause=7.2, testNumber=26], status=failed,
message=TOCI element should be contained in TOC element,
location=Location [level=CosDocument, context=root/document[0]/StructTreeRoot[0](3002 0 obj PDStructTreeRoot)/K[0](3004 0 obj SEDocument Document)/K[1](3019 0 obj SEPart Part)/K[0](3055 0 obj SESect Sect)/K[1](3058 0 obj SETOC TOC)/K[1](3072 0 obj SEP P)/K[59](3133 0 obj SETOCI TOCI)], locationContext=null, errorMessage=null], 
TestAssertion [ruleId=RuleId [specification=ISO 14289-1:2014, clause=7.2, testNumber=26], status=failed,
message=TOCI element should be contained in TOC element,
location=Location [level=CosDocument, context=root/document[0]/StructTreeRoot[0](3002 0 obj PDStructTreeRoot)/K[0](3004 0 obj SEDocument Document)/K[1](3019 0 obj SEPart Part)/K[0](3055 0 obj SESect Sect)/K[1](3058 0 obj SETOC TOC)/K[1](3072 0 obj SEP P)/K[60](3134 0 obj SETOCI TOCI)], locationContext=null, errorMessage=null], 
TestAssertion [ruleId=RuleId [specification=ISO 14289-1:2014, clause=7.2, testNumber=26], status=failed,
message=TOCI element should be contained in TOC element,
location=Location [level=CosDocument, context=root/document[0]/StructTreeRoot[0](3002 0 obj PDStructTreeRoot)/K[0](3004 0 obj SEDocument Document)/K[1](3019 0 obj SEPart Part)/K[0](3055 0 obj SESect Sect)/K[1](3058 0 obj SETOC TOC)/K[1](3072 0 obj SEP P)/K[61](3135 0 obj SETOCI TOCI)], locationContext=null, errorMessage=null], 
TestAssertion [ruleId=RuleId [specification=ISO 14289-1:2014, clause=7.2, testNumber=26], status=failed,
message=TOCI element should be contained in TOC element,
location=Location [level=CosDocument, context=root/document[0]/StructTreeRoot[0](3002 0 obj PDStructTreeRoot)/K[0](3004 0 obj SEDocument Document)/K[1](3019 0 obj SEPart Part)/K[0](3055 0 obj SESect Sect)/K[1](3058 0 obj SETOC TOC)/K[1](3072 0 obj SEP P)/K[62](3136 0 obj SETOCI TOCI)], locationContext=null, errorMessage=null], 
TestAssertion [ruleId=RuleId [specification=ISO 14289-1:2014, clause=7.2, testNumber=26], status=failed,
message=TOCI element should be contained in TOC element,
location=Location [level=CosDocument, context=root/document[0]/StructTreeRoot[0](3002 0 obj PDStructTreeRoot)/K[0](3004 0 obj SEDocument Document)/K[1](3019 0 obj SEPart Part)/K[0](3055 0 obj SESect Sect)/K[1](3058 0 obj SETOC TOC)/K[1](3072 0 obj SEP P)/K[63](3137 0 obj SETOCI TOCI)], locationContext=null, errorMessage=null], 
TestAssertion [ruleId=RuleId [specification=ISO 14289-1:2014, clause=7.2, testNumber=26], status=failed,
message=TOCI element should be contained in TOC element,
location=Location [level=CosDocument, context=root/document[0]/StructTreeRoot[0](3002 0 obj PDStructTreeRoot)/K[0](3004 0 obj SEDocument Document)/K[1](3019 0 obj SEPart Part)/K[0](3055 0 obj SESect Sect)/K[1](3058 0 obj SETOC TOC)/K[1](3072 0 obj SEP P)/K[64](3138 0 obj SETOCI TOCI)], locationContext=null, errorMessage=null], 
TestAssertion [ruleId=RuleId [specification=ISO 14289-1:2014, clause=7.2, testNumber=26], status=failed,
message=TOCI element should be contained in TOC element,
location=Location [level=CosDocument, context=root/document[0]/StructTreeRoot[0](3002 0 obj PDStructTreeRoot)/K[0](3004 0 obj SEDocument Document)/K[1](3019 0 obj SEPart Part)/K[0](3055 0 obj SESect Sect)/K[1](3058 0 obj SETOC TOC)/K[1](3072 0 obj SEP P)/K[65](3139 0 obj SETOCI TOCI)], locationContext=null, errorMessage=null], 
TestAssertion [ruleId=RuleId [specification=ISO 14289-1:2014, clause=7.2, testNumber=26], status=failed,
message=TOCI element should be contained in TOC element,
location=Location [level=CosDocument, context=root/document[0]/StructTreeRoot[0](3002 0 obj PDStructTreeRoot)/K[0](3004 0 obj SEDocument Document)/K[1](3019 0 obj SEPart Part)/K[0](3055 0 obj SESect Sect)/K[1](3058 0 obj SETOC TOC)/K[1](3072 0 obj SEP P)/K[66](3140 0 obj SETOCI TOCI)], locationContext=null, errorMessage=null], 
TestAssertion [ruleId=RuleId [specification=ISO 14289-1:2014, clause=7.2, testNumber=26], status=failed,
message=TOCI element should be contained in TOC element,
location=Location [level=CosDocument, context=root/document[0]/StructTreeRoot[0](3002 0 obj PDStructTreeRoot)/K[0](3004 0 obj SEDocument Document)/K[1](3019 0 obj SEPart Part)/K[0](3055 0 obj SESect Sect)/K[1](3058 0 obj SETOC TOC)/K[1](3072 0 obj SEP P)/K[67](3141 0 obj SETOCI TOCI)], locationContext=null, errorMessage=null], 
TestAssertion [ruleId=RuleId [specification=ISO 14289-1:2014, clause=7.2, testNumber=26], status=failed,
message=TOCI element should be contained in TOC element,
location=Location [level=CosDocument, context=root/document[0]/StructTreeRoot[0](3002 0 obj PDStructTreeRoot)/K[0](3004 0 obj SEDocument Document)/K[1](3019 0 obj SEPart Part)/K[0](3055 0 obj SESect Sect)/K[1](3058 0 obj SETOC TOC)/K[1](3072 0 obj SEP P)/K[68](3142 0 obj SETOCI TOCI)], locationContext=null, errorMessage=null]], isCompliant=false]
