PDF isn't valid PDF/UA-1:
ValidationResult [flavour=ua1, totalAssertions=327652, assertions=[
TestAssertion [ruleId=RuleId [specification=ISO 14289-1:2014, clause=7.2, testNumber=27], status=failed,
message=TOC element may contain only TOC, TOCI and Caption elements,
location=Location [level=CosDocument, context=root/document[0]/StructTreeRoot[0](2638 0 obj PDStructTreeRoot)/K[0](2640 0 obj SEDocument Document)/K[1](2645 0 obj SEPart Part)/K[0](2674 0 obj SESect Sect)/K[1](2677 0 obj SETOC TOC)], locationContext=null, errorMessage=null], 
TestAssertion [ruleId=RuleId [specification=ISO 14289-1:2014, clause=7.2, testNumber=26], status=failed,
message=TOCI element should be contained in TOC element,
location=Location [level=CosDocument, context=root/document[0]/StructTreeRoot[0](2638 0 obj PDStructTreeRoot)/K[0](2640 0 obj SEDocument Document)/K[1](2645 0 obj SEPart Part)/K[0](2674 0 obj SESect Sect)/K[1](2677 0 obj SETOC TOC)/K[1](2693 0 obj SEP P)/K[0](2695 0 obj SETOCI TOCI)], locationContext=null, errorMessage=null], 
TestAssertion [ruleId=RuleId [specification=ISO 14289-1:2014, clause=7.2, testNumber=26], status=failed,
message=TOCI element should be contained in TOC element,
location=Location [level=CosDocument, context=root/document[0]/StructTreeRoot[0](2638 0 obj PDStructTreeRoot)/K[0](2640 0 obj SEDocument Document)/K[1](2645 0 obj SEPart Part)/K[0](2674 0 obj SESect Sect)/K[1](2677 0 obj SETOC TOC)/K[1](2693 0 obj SEP P)/K[1](2696 0 obj SETOCI TOCI)], locationContext=null, errorMessage=null], 
TestAssertion [ruleId=RuleId [specification=ISO 14289-1:2014, clause=7.2, testNumber=26], status=failed,
message=TOCI element should be contained in TOC element,
location=Location [level=CosDocument, context=root/document[0]/StructTreeRoot[0](2638 0 obj PDStructTreeRoot)/K[0](2640 0 obj SEDocument Document)/K[1](2645 0 obj SEPart Part)/K[0](2674 0 obj SESect Sect)/K[1](2677 0 obj SETOC TOC)/K[1](2693 0 obj SEP P)/K[2](2697 0 obj SETOCI TOCI)], locationContext=null, errorMessage=null], 
TestAssertion [ruleId=RuleId [specification=ISO 14289-1:2014, clause=7.2, testNumber=26], status=failed,
message=TOCI element should be contained in TOC element,
location=Location [level=CosDocument, context=root/document[0]/StructTreeRoot[0](2638 0 obj PDStructTreeRoot)/K[0](2640 0 obj SEDocument Document)/K[1](2645 0 obj SEPart Part)/K[0](2674 0 obj SESect Sect)/K[1](2677 0 obj SETOC TOC)/K[1](2693 0 obj SEP P)/K[3](2698 0 obj SETOCI TOCI)], locationContext=null, errorMessage=null], 
TestAssertion [ruleId=RuleId [specification=ISO 14289-1:2014, clause=7.2, testNumber=26], status=failed,
message=TOCI element should be contained in TOC element,
location=Location [level=CosDocument, context=root/document[0]/StructTreeRoot[0](2638 0 obj PDStructTreeRoot)/K[0](2640 0 obj SEDocument Document)/K[1](2645 0 obj SEPart Part)/K[0](2674 0 obj SESect Sect)/K[1](2677 0 obj SETOC TOC)/K[1](2693 0 obj SEP P)/K[4](2699 0 obj SETOCI TOCI)], locationContext=null, errorMessage=null], 
TestAssertion [ruleId=RuleId [specification=ISO 14289-1:2014, clause=7.2, testNumber=26], status=failed,
message=TOCI element should be contained in TOC element,
location=Location [level=CosDocument, context=root/document[0]/StructTreeRoot[0](2638 0 obj PDStructTreeRoot)/K[0](2640 0 obj SEDocument Document)/K[1](2645 0 obj SEPart Part)/K[0](2674 0 obj SESect Sect)/K[1](2677 0 obj SETOC TOC)/K[1](2693 0 obj SEP P)/K[5](2700 0 obj SETOCI TOCI)], locationContext=null, errorMessage=null], 
TestAssertion [ruleId=RuleId [specification=ISO 14289-1:2014, clause=7.2, testNumber=26], status=failed,
message=TOCI element should be contained in TOC element,
location=Location [level=CosDocument, context=root/document[0]/StructTreeRoot[0](2638 0 obj PDStructTreeRoot)/K[0](2640 0 obj SEDocument Document)/K[1](2645 0 obj SEPart Part)/K[0](2674 0 obj SESect Sect)/K[1](2677 0 obj SETOC TOC)/K[1](2693 0 obj SEP P)/K[6](2701 0 obj SETOCI TOCI)], locationContext=null, errorMessage=null], 
TestAssertion [ruleId=RuleId [specification=ISO 14289-1:2014, clause=7.2, testNumber=26], status=failed,
message=TOCI element should be contained in TOC element,
location=Location [level=CosDocument, context=root/document[0]/StructTreeRoot[0](2638 0 obj PDStructTreeRoot)/K[0](2640 0 obj SEDocument Document)/K[1](2645 0 obj SEPart Part)/K[0](2674 0 obj SESect Sect)/K[1](2677 0 obj SETOC TOC)/K[1](2693 0 obj SEP P)/K[7](2702 0 obj SETOCI TOCI)], locationContext=null, errorMessage=null], 
TestAssertion [ruleId=RuleId [specification=ISO 14289-1:2014, clause=7.2, testNumber=26], status=failed,
message=TOCI element should be contained in TOC element,
location=Location [level=CosDocument, context=root/document[0]/StructTreeRoot[0](2638 0 obj PDStructTreeRoot)/K[0](2640 0 obj SEDocument Document)/K[1](2645 0 obj SEPart Part)/K[0](2674 0 obj SESect Sect)/K[1](2677 0 obj SETOC TOC)/K[1](2693 0 obj SEP P)/K[8](2703 0 obj SETOCI TOCI)], locationContext=null, errorMessage=null], 
TestAssertion [ruleId=RuleId [specification=ISO 14289-1:2014, clause=7.2, testNumber=26], status=failed,
message=TOCI element should be contained in TOC element,
location=Location [level=CosDocument, context=root/document[0]/StructTreeRoot[0](2638 0 obj PDStructTreeRoot)/K[0](2640 0 obj SEDocument Document)/K[1](2645 0 obj SEPart Part)/K[0](2674 0 obj SESect Sect)/K[1](2677 0 obj SETOC TOC)/K[1](2693 0 obj SEP P)/K[9](2704 0 obj SETOCI TOCI)], locationContext=null, errorMessage=null], 
TestAssertion [ruleId=RuleId [specification=ISO 14289-1:2014, clause=7.2, testNumber=26], status=failed,
message=TOCI element should be contained in TOC element,
location=Location [level=CosDocument, context=root/document[0]/StructTreeRoot[0](2638 0 obj PDStructTreeRoot)/K[0](2640 0 obj SEDocument Document)/K[1](2645 0 obj SEPart Part)/K[0](2674 0 obj SESect Sect)/K[1](2677 0 obj SETOC TOC)/K[1](2693 0 obj SEP P)/K[10](2705 0 obj SETOCI TOCI)], locationContext=null, errorMessage=null], 
TestAssertion [ruleId=RuleId [specification=ISO 14289-1:2014, clause=7.2, testNumber=26], status=failed,
message=TOCI element should be contained in TOC element,
location=Location [level=CosDocument, context=root/document[0]/StructTreeRoot[0](2638 0 obj PDStructTreeRoot)/K[0](2640 0 obj SEDocument Document)/K[1](2645 0 obj SEPart Part)/K[0](2674 0 obj SESect Sect)/K[1](2677 0 obj SETOC TOC)/K[1](2693 0 obj SEP P)/K[11](2706 0 obj SETOCI TOCI)], locationContext=null, errorMessage=null], 
TestAssertion [ruleId=RuleId [specification=ISO 14289-1:2014, clause=7.2, testNumber=26], status=failed,
message=TOCI element should be contained in TOC element,
location=Location [level=CosDocument, context=root/document[0]/StructTreeRoot[0](2638 0 obj PDStructTreeRoot)/K[0](2640 0 obj SEDocument Document)/K[1](2645 0 obj SEPart Part)/K[0](2674 0 obj SESect Sect)/K[1](2677 0 obj SETOC TOC)/K[1](2693 0 obj SEP P)/K[12](2707 0 obj SETOCI TOCI)], locationContext=null, errorMessage=null], 
TestAssertion [ruleId=RuleId [specification=ISO 14289-1:2014, clause=7.2, testNumber=26], status=failed,
message=TOCI element should be contained in TOC element,
location=Location [level=CosDocument, context=root/document[0]/StructTreeRoot[0](2638 0 obj PDStructTreeRoot)/K[0](2640 0 obj SEDocument Document)/K[1](2645 0 obj SEPart Part)/K[0](2674 0 obj SESect Sect)/K[1](2677 0 obj SETOC TOC)/K[1](2693 0 obj SEP P)/K[13](2708 0 obj SETOCI TOCI)], locationContext=null, errorMessage=null], 
TestAssertion [ruleId=RuleId [specification=ISO 14289-1:2014, clause=7.2, testNumber=26], status=failed,
message=TOCI element should be contained in TOC element,
location=Location [level=CosDocument, context=root/document[0]/StructTreeRoot[0](2638 0 obj PDStructTreeRoot)/K[0](2640 0 obj SEDocument Document)/K[1](2645 0 obj SEPart Part)/K[0](2674 0 obj SESect Sect)/K[1](2677 0 obj SETOC TOC)/K[1](2693 0 obj SEP P)/K[14](2709 0 obj SETOCI TOCI)], locationContext=null, errorMessage=null], 
TestAssertion [ruleId=RuleId [specification=ISO 14289-1:2014, clause=7.2, testNumber=26], status=failed,
message=TOCI element should be contained in TOC element,
location=Location [level=CosDocument, context=root/document[0]/StructTreeRoot[0](2638 0 obj PDStructTreeRoot)/K[0](2640 0 obj SEDocument Document)/K[1](2645 0 obj SEPart Part)/K[0](2674 0 obj SESect Sect)/K[1](2677 0 obj SETOC TOC)/K[1](2693 0 obj SEP P)/K[15](2710 0 obj SETOCI TOCI)], locationContext=null, errorMessage=null], 
TestAssertion [ruleId=RuleId [specification=ISO 14289-1:2014, clause=7.2, testNumber=26], status=failed,
message=TOCI element should be contained in TOC element,
location=Location [level=CosDocument, context=root/document[0]/StructTreeRoot[0](2638 0 obj PDStructTreeRoot)/K[0](2640 0 obj SEDocument Document)/K[1](2645 0 obj SEPart Part)/K[0](2674 0 obj SESect Sect)/K[1](2677 0 obj SETOC TOC)/K[1](2693 0 obj SEP P)/K[16](2711 0 obj SETOCI TOCI)], locationContext=null, errorMessage=null], 
TestAssertion [ruleId=RuleId [specification=ISO 14289-1:2014, clause=7.2, testNumber=26], status=failed,
message=TOCI element should be contained in TOC element,
location=Location [level=CosDocument, context=root/document[0]/StructTreeRoot[0](2638 0 obj PDStructTreeRoot)/K[0](2640 0 obj SEDocument Document)/K[1](2645 0 obj SEPart Part)/K[0](2674 0 obj SESect Sect)/K[1](2677 0 obj SETOC TOC)/K[1](2693 0 obj SEP P)/K[17](2712 0 obj SETOCI TOCI)], locationContext=null, errorMessage=null], 
TestAssertion [ruleId=RuleId [specification=ISO 14289-1:2014, clause=7.2, testNumber=26], status=failed,
message=TOCI element should be contained in TOC element,
location=Location [level=CosDocument, context=root/document[0]/StructTreeRoot[0](2638 0 obj PDStructTreeRoot)/K[0](2640 0 obj SEDocument Document)/K[1](2645 0 obj SEPart Part)/K[0](2674 0 obj SESect Sect)/K[1](2677 0 obj SETOC TOC)/K[1](2693 0 obj SEP P)/K[18](2713 0 obj SETOCI TOCI)], locationContext=null, errorMessage=null], 
TestAssertion [ruleId=RuleId [specification=ISO 14289-1:2014, clause=7.2, testNumber=26], status=failed,
message=TOCI element should be contained in TOC element,
location=Location [level=CosDocument, context=root/document[0]/StructTreeRoot[0](2638 0 obj PDStructTreeRoot)/K[0](2640 0 obj SEDocument Document)/K[1](2645 0 obj SEPart Part)/K[0](2674 0 obj SESect Sect)/K[1](2677 0 obj SETOC TOC)/K[1](2693 0 obj SEP P)/K[19](2714 0 obj SETOCI TOCI)], locationContext=null, errorMessage=null], 
TestAssertion [ruleId=RuleId [specification=ISO 14289-1:2014, clause=7.2, testNumber=26], status=failed,
message=TOCI element should be contained in TOC element,
location=Location [level=CosDocument, context=root/document[0]/StructTreeRoot[0](2638 0 obj PDStructTreeRoot)/K[0](2640 0 obj SEDocument Document)/K[1](2645 0 obj SEPart Part)/K[0](2674 0 obj SESect Sect)/K[1](2677 0 obj SETOC TOC)/K[1](2693 0 obj SEP P)/K[20](2715 0 obj SETOCI TOCI)], locationContext=null, errorMessage=null], 
TestAssertion [ruleId=RuleId [specification=ISO 14289-1:2014, clause=7.2, testNumber=26], status=failed,
message=TOCI element should be contained in TOC element,
location=Location [level=CosDocument, context=root/document[0]/StructTreeRoot[0](2638 0 obj PDStructTreeRoot)/K[0](2640 0 obj SEDocument Document)/K[1](2645 0 obj SEPart Part)/K[0](2674 0 obj SESect Sect)/K[1](2677 0 obj SETOC TOC)/K[1](2693 0 obj SEP P)/K[21](2716 0 obj SETOCI TOCI)], locationContext=null, errorMessage=null], 
TestAssertion [ruleId=RuleId [specification=ISO 14289-1:2014, clause=7.2, testNumber=26], status=failed,
message=TOCI element should be contained in TOC element,
location=Location [level=CosDocument, context=root/document[0]/StructTreeRoot[0](2638 0 obj PDStructTreeRoot)/K[0](2640 0 obj SEDocument Document)/K[1](2645 0 obj SEPart Part)/K[0](2674 0 obj SESect Sect)/K[1](2677 0 obj SETOC TOC)/K[1](2693 0 obj SEP P)/K[22](2717 0 obj SETOCI TOCI)], locationContext=null, errorMessage=null], 
TestAssertion [ruleId=RuleId [specification=ISO 14289-1:2014, clause=7.2, testNumber=26], status=failed,
message=TOCI element should be contained in TOC element,
location=Location [level=CosDocument, context=root/document[0]/StructTreeRoot[0](2638 0 obj PDStructTreeRoot)/K[0](2640 0 obj SEDocument Document)/K[1](2645 0 obj SEPart Part)/K[0](2674 0 obj SESect Sect)/K[1](2677 0 obj SETOC TOC)/K[1](2693 0 obj SEP P)/K[23](2718 0 obj SETOCI TOCI)], locationContext=null, errorMessage=null], 
TestAssertion [ruleId=RuleId [specification=ISO 14289-1:2014, clause=7.2, testNumber=26], status=failed,
message=TOCI element should be contained in TOC element,
location=Location [level=CosDocument, context=root/document[0]/StructTreeRoot[0](2638 0 obj PDStructTreeRoot)/K[0](2640 0 obj SEDocument Document)/K[1](2645 0 obj SEPart Part)/K[0](2674 0 obj SESect Sect)/K[1](2677 0 obj SETOC TOC)/K[1](2693 0 obj SEP P)/K[24](2719 0 obj SETOCI TOCI)], locationContext=null, errorMessage=null], 
TestAssertion [ruleId=RuleId [specification=ISO 14289-1:2014, clause=7.2, testNumber=26], status=failed,
message=TOCI element should be contained in TOC element,
location=Location [level=CosDocument, context=root/document[0]/StructTreeRoot[0](2638 0 obj PDStructTreeRoot)/K[0](2640 0 obj SEDocument Document)/K[1](2645 0 obj SEPart Part)/K[0](2674 0 obj SESect Sect)/K[1](2677 0 obj SETOC TOC)/K[1](2693 0 obj SEP P)/K[25](2720 0 obj SETOCI TOCI)], locationContext=null, errorMessage=null], 
TestAssertion [ruleId=RuleId [specification=ISO 14289-1:2014, clause=7.2, testNumber=26], status=failed,
message=TOCI element should be contained in TOC element,
location=Location [level=CosDocument, context=root/document[0]/StructTreeRoot[0](2638 0 obj PDStructTreeRoot)/K[0](2640 0 obj SEDocument Document)/K[1](2645 0 obj SEPart Part)/K[0](2674 0 obj SESect Sect)/K[1](2677 0 obj SETOC TOC)/K[1](2693 0 obj SEP P)/K[26](2721 0 obj SETOCI TOCI)], locationContext=null, errorMessage=null]], isCompliant=false]
