The contents of fo:region-body on page 27 exceed its viewport by 104458 millipoints. (See position 1:1674)
PDF isn't valid PDF/UA-1:
ValidationResult [flavour=ua1, totalAssertions=273383, assertions=[
TestAssertion [ruleId=RuleId [specification=ISO 14289-1:2014, clause=7.2, testNumber=27], status=failed,
message=TOC element may contain only TOC, TOCI and Caption elements,
location=Location [level=CosDocument, context=root/document[0]/StructTreeRoot[0](1734 0 obj PDStructTreeRoot)/K[0](1736 0 obj SEDocument Document)/K[1](1766 0 obj SEPart Part)/K[0](1798 0 obj SESect Sect)/K[1](1801 0 obj SETOC TOC)], locationContext=null, errorMessage=null], 
TestAssertion [ruleId=RuleId [specification=ISO 14289-1:2014, clause=7.2, testNumber=26], status=failed,
message=TOCI element should be contained in TOC element,
location=Location [level=CosDocument, context=root/document[0]/StructTreeRoot[0](1734 0 obj PDStructTreeRoot)/K[0](1736 0 obj SEDocument Document)/K[1](1766 0 obj SEPart Part)/K[0](1798 0 obj SESect Sect)/K[1](1801 0 obj SETOC TOC)/K[1](1813 0 obj SEP P)/K[0](1815 0 obj SETOCI TOCI)], locationContext=null, errorMessage=null], 
TestAssertion [ruleId=RuleId [specification=ISO 14289-1:2014, clause=7.2, testNumber=26], status=failed,
message=TOCI element should be contained in TOC element,
location=Location [level=CosDocument, context=root/document[0]/StructTreeRoot[0](1734 0 obj PDStructTreeRoot)/K[0](1736 0 obj SEDocument Document)/K[1](1766 0 obj SEPart Part)/K[0](1798 0 obj SESect Sect)/K[1](1801 0 obj SETOC TOC)/K[1](1813 0 obj SEP P)/K[1](1816 0 obj SETOCI TOCI)], locationContext=null, errorMessage=null], 
TestAssertion [ruleId=RuleId [specification=ISO 14289-1:2014, clause=7.2, testNumber=26], status=failed,
message=TOCI element should be contained in TOC element,
location=Location [level=CosDocument, context=root/document[0]/StructTreeRoot[0](1734 0 obj PDStructTreeRoot)/K[0](1736 0 obj SEDocument Document)/K[1](1766 0 obj SEPart Part)/K[0](1798 0 obj SESect Sect)/K[1](1801 0 obj SETOC TOC)/K[1](1813 0 obj SEP P)/K[2](1817 0 obj SETOCI TOCI)], locationContext=null, errorMessage=null], 
TestAssertion [ruleId=RuleId [specification=ISO 14289-1:2014, clause=7.2, testNumber=26], status=failed,
message=TOCI element should be contained in TOC element,
location=Location [level=CosDocument, context=root/document[0]/StructTreeRoot[0](1734 0 obj PDStructTreeRoot)/K[0](1736 0 obj SEDocument Document)/K[1](1766 0 obj SEPart Part)/K[0](1798 0 obj SESect Sect)/K[1](1801 0 obj SETOC TOC)/K[1](1813 0 obj SEP P)/K[3](1818 0 obj SETOCI TOCI)], locationContext=null, errorMessage=null], 
TestAssertion [ruleId=RuleId [specification=ISO 14289-1:2014, clause=7.2, testNumber=26], status=failed,
message=TOCI element should be contained in TOC element,
location=Location [level=CosDocument, context=root/document[0]/StructTreeRoot[0](1734 0 obj PDStructTreeRoot)/K[0](1736 0 obj SEDocument Document)/K[1](1766 0 obj SEPart Part)/K[0](1798 0 obj SESect Sect)/K[1](1801 0 obj SETOC TOC)/K[1](1813 0 obj SEP P)/K[4](1819 0 obj SETOCI TOCI)], locationContext=null, errorMessage=null], 
TestAssertion [ruleId=RuleId [specification=ISO 14289-1:2014, clause=7.2, testNumber=26], status=failed,
message=TOCI element should be contained in TOC element,
location=Location [level=CosDocument, context=root/document[0]/StructTreeRoot[0](1734 0 obj PDStructTreeRoot)/K[0](1736 0 obj SEDocument Document)/K[1](1766 0 obj SEPart Part)/K[0](1798 0 obj SESect Sect)/K[1](1801 0 obj SETOC TOC)/K[1](1813 0 obj SEP P)/K[5](1820 0 obj SETOCI TOCI)], locationContext=null, errorMessage=null], 
TestAssertion [ruleId=RuleId [specification=ISO 14289-1:2014, clause=7.2, testNumber=26], status=failed,
message=TOCI element should be contained in TOC element,
location=Location [level=CosDocument, context=root/document[0]/StructTreeRoot[0](1734 0 obj PDStructTreeRoot)/K[0](1736 0 obj SEDocument Document)/K[1](1766 0 obj SEPart Part)/K[0](1798 0 obj SESect Sect)/K[1](1801 0 obj SETOC TOC)/K[1](1813 0 obj SEP P)/K[6](1821 0 obj SETOCI TOCI)], locationContext=null, errorMessage=null], 
TestAssertion [ruleId=RuleId [specification=ISO 14289-1:2014, clause=7.2, testNumber=26], status=failed,
message=TOCI element should be contained in TOC element,
location=Location [level=CosDocument, context=root/document[0]/StructTreeRoot[0](1734 0 obj PDStructTreeRoot)/K[0](1736 0 obj SEDocument Document)/K[1](1766 0 obj SEPart Part)/K[0](1798 0 obj SESect Sect)/K[1](1801 0 obj SETOC TOC)/K[1](1813 0 obj SEP P)/K[7](1822 0 obj SETOCI TOCI)], locationContext=null, errorMessage=null], 
TestAssertion [ruleId=RuleId [specification=ISO 14289-1:2014, clause=7.2, testNumber=26], status=failed,
message=TOCI element should be contained in TOC element,
location=Location [level=CosDocument, context=root/document[0]/StructTreeRoot[0](1734 0 obj PDStructTreeRoot)/K[0](1736 0 obj SEDocument Document)/K[1](1766 0 obj SEPart Part)/K[0](1798 0 obj SESect Sect)/K[1](1801 0 obj SETOC TOC)/K[1](1813 0 obj SEP P)/K[8](1823 0 obj SETOCI TOCI)], locationContext=null, errorMessage=null], 
TestAssertion [ruleId=RuleId [specification=ISO 14289-1:2014, clause=7.2, testNumber=26], status=failed,
message=TOCI element should be contained in TOC element,
location=Location [level=CosDocument, context=root/document[0]/StructTreeRoot[0](1734 0 obj PDStructTreeRoot)/K[0](1736 0 obj SEDocument Document)/K[1](1766 0 obj SEPart Part)/K[0](1798 0 obj SESect Sect)/K[1](1801 0 obj SETOC TOC)/K[1](1813 0 obj SEP P)/K[9](1824 0 obj SETOCI TOCI)], locationContext=null, errorMessage=null], 
TestAssertion [ruleId=RuleId [specification=ISO 14289-1:2014, clause=7.2, testNumber=26], status=failed,
message=TOCI element should be contained in TOC element,
location=Location [level=CosDocument, context=root/document[0]/StructTreeRoot[0](1734 0 obj PDStructTreeRoot)/K[0](1736 0 obj SEDocument Document)/K[1](1766 0 obj SEPart Part)/K[0](1798 0 obj SESect Sect)/K[1](1801 0 obj SETOC TOC)/K[1](1813 0 obj SEP P)/K[10](1825 0 obj SETOCI TOCI)], locationContext=null, errorMessage=null], 
TestAssertion [ruleId=RuleId [specification=ISO 14289-1:2014, clause=7.2, testNumber=26], status=failed,
message=TOCI element should be contained in TOC element,
location=Location [level=CosDocument, context=root/document[0]/StructTreeRoot[0](1734 0 obj PDStructTreeRoot)/K[0](1736 0 obj SEDocument Document)/K[1](1766 0 obj SEPart Part)/K[0](1798 0 obj SESect Sect)/K[1](1801 0 obj SETOC TOC)/K[1](1813 0 obj SEP P)/K[11](1826 0 obj SETOCI TOCI)], locationContext=null, errorMessage=null], 
TestAssertion [ruleId=RuleId [specification=ISO 14289-1:2014, clause=7.2, testNumber=26], status=failed,
message=TOCI element should be contained in TOC element,
location=Location [level=CosDocument, context=root/document[0]/StructTreeRoot[0](1734 0 obj PDStructTreeRoot)/K[0](1736 0 obj SEDocument Document)/K[1](1766 0 obj SEPart Part)/K[0](1798 0 obj SESect Sect)/K[1](1801 0 obj SETOC TOC)/K[1](1813 0 obj SEP P)/K[12](1827 0 obj SETOCI TOCI)], locationContext=null, errorMessage=null], 
TestAssertion [ruleId=RuleId [specification=ISO 14289-1:2014, clause=7.2, testNumber=26], status=failed,
message=TOCI element should be contained in TOC element,
location=Location [level=CosDocument, context=root/document[0]/StructTreeRoot[0](1734 0 obj PDStructTreeRoot)/K[0](1736 0 obj SEDocument Document)/K[1](1766 0 obj SEPart Part)/K[0](1798 0 obj SESect Sect)/K[1](1801 0 obj SETOC TOC)/K[1](1813 0 obj SEP P)/K[13](1828 0 obj SETOCI TOCI)], locationContext=null, errorMessage=null], 
TestAssertion [ruleId=RuleId [specification=ISO 14289-1:2014, clause=7.2, testNumber=26], status=failed,
message=TOCI element should be contained in TOC element,
location=Location [level=CosDocument, context=root/document[0]/StructTreeRoot[0](1734 0 obj PDStructTreeRoot)/K[0](1736 0 obj SEDocument Document)/K[1](1766 0 obj SEPart Part)/K[0](1798 0 obj SESect Sect)/K[1](1801 0 obj SETOC TOC)/K[1](1813 0 obj SEP P)/K[14](1829 0 obj SETOCI TOCI)], locationContext=null, errorMessage=null], 
TestAssertion [ruleId=RuleId [specification=ISO 14289-1:2014, clause=7.2, testNumber=26], status=failed,
message=TOCI element should be contained in TOC element,
location=Location [level=CosDocument, context=root/document[0]/StructTreeRoot[0](1734 0 obj PDStructTreeRoot)/K[0](1736 0 obj SEDocument Document)/K[1](1766 0 obj SEPart Part)/K[0](1798 0 obj SESect Sect)/K[1](1801 0 obj SETOC TOC)/K[1](1813 0 obj SEP P)/K[15](1830 0 obj SETOCI TOCI)], locationContext=null, errorMessage=null], 
TestAssertion [ruleId=RuleId [specification=ISO 14289-1:2014, clause=7.2, testNumber=26], status=failed,
message=TOCI element should be contained in TOC element,
location=Location [level=CosDocument, context=root/document[0]/StructTreeRoot[0](1734 0 obj PDStructTreeRoot)/K[0](1736 0 obj SEDocument Document)/K[1](1766 0 obj SEPart Part)/K[0](1798 0 obj SESect Sect)/K[1](1801 0 obj SETOC TOC)/K[1](1813 0 obj SEP P)/K[16](1831 0 obj SETOCI TOCI)], locationContext=null, errorMessage=null], 
TestAssertion [ruleId=RuleId [specification=ISO 14289-1:2014, clause=7.2, testNumber=26], status=failed,
message=TOCI element should be contained in TOC element,
location=Location [level=CosDocument, context=root/document[0]/StructTreeRoot[0](1734 0 obj PDStructTreeRoot)/K[0](1736 0 obj SEDocument Document)/K[1](1766 0 obj SEPart Part)/K[0](1798 0 obj SESect Sect)/K[1](1801 0 obj SETOC TOC)/K[1](1813 0 obj SEP P)/K[17](1832 0 obj SETOCI TOCI)], locationContext=null, errorMessage=null], 
TestAssertion [ruleId=RuleId [specification=ISO 14289-1:2014, clause=7.2, testNumber=26], status=failed,
message=TOCI element should be contained in TOC element,
location=Location [level=CosDocument, context=root/document[0]/StructTreeRoot[0](1734 0 obj PDStructTreeRoot)/K[0](1736 0 obj SEDocument Document)/K[1](1766 0 obj SEPart Part)/K[0](1798 0 obj SESect Sect)/K[1](1801 0 obj SETOC TOC)/K[1](1813 0 obj SEP P)/K[18](1833 0 obj SETOCI TOCI)], locationContext=null, errorMessage=null], 
TestAssertion [ruleId=RuleId [specification=ISO 14289-1:2014, clause=7.2, testNumber=26], status=failed,
message=TOCI element should be contained in TOC element,
location=Location [level=CosDocument, context=root/document[0]/StructTreeRoot[0](1734 0 obj PDStructTreeRoot)/K[0](1736 0 obj SEDocument Document)/K[1](1766 0 obj SEPart Part)/K[0](1798 0 obj SESect Sect)/K[1](1801 0 obj SETOC TOC)/K[1](1813 0 obj SEP P)/K[19](1834 0 obj SETOCI TOCI)], locationContext=null, errorMessage=null], 
TestAssertion [ruleId=RuleId [specification=ISO 14289-1:2014, clause=7.2, testNumber=26], status=failed,
message=TOCI element should be contained in TOC element,
location=Location [level=CosDocument, context=root/document[0]/StructTreeRoot[0](1734 0 obj PDStructTreeRoot)/K[0](1736 0 obj SEDocument Document)/K[1](1766 0 obj SEPart Part)/K[0](1798 0 obj SESect Sect)/K[1](1801 0 obj SETOC TOC)/K[1](1813 0 obj SEP P)/K[20](1835 0 obj SETOCI TOCI)], locationContext=null, errorMessage=null], 
TestAssertion [ruleId=RuleId [specification=ISO 14289-1:2014, clause=7.2, testNumber=26], status=failed,
message=TOCI element should be contained in TOC element,
location=Location [level=CosDocument, context=root/document[0]/StructTreeRoot[0](1734 0 obj PDStructTreeRoot)/K[0](1736 0 obj SEDocument Document)/K[1](1766 0 obj SEPart Part)/K[0](1798 0 obj SESect Sect)/K[1](1801 0 obj SETOC TOC)/K[1](1813 0 obj SEP P)/K[21](1836 0 obj SETOCI TOCI)], locationContext=null, errorMessage=null], 
TestAssertion [ruleId=RuleId [specification=ISO 14289-1:2014, clause=7.2, testNumber=26], status=failed,
message=TOCI element should be contained in TOC element,
location=Location [level=CosDocument, context=root/document[0]/StructTreeRoot[0](1734 0 obj PDStructTreeRoot)/K[0](1736 0 obj SEDocument Document)/K[1](1766 0 obj SEPart Part)/K[0](1798 0 obj SESect Sect)/K[1](1801 0 obj SETOC TOC)/K[1](1813 0 obj SEP P)/K[22](1837 0 obj SETOCI TOCI)], locationContext=null, errorMessage=null], 
TestAssertion [ruleId=RuleId [specification=ISO 14289-1:2014, clause=7.2, testNumber=26], status=failed,
message=TOCI element should be contained in TOC element,
location=Location [level=CosDocument, context=root/document[0]/StructTreeRoot[0](1734 0 obj PDStructTreeRoot)/K[0](1736 0 obj SEDocument Document)/K[1](1766 0 obj SEPart Part)/K[0](1798 0 obj SESect Sect)/K[1](1801 0 obj SETOC TOC)/K[1](1813 0 obj SEP P)/K[23](1838 0 obj SETOCI TOCI)], locationContext=null, errorMessage=null], 
TestAssertion [ruleId=RuleId [specification=ISO 14289-1:2014, clause=7.2, testNumber=26], status=failed,
message=TOCI element should be contained in TOC element,
location=Location [level=CosDocument, context=root/document[0]/StructTreeRoot[0](1734 0 obj PDStructTreeRoot)/K[0](1736 0 obj SEDocument Document)/K[1](1766 0 obj SEPart Part)/K[0](1798 0 obj SESect Sect)/K[1](1801 0 obj SETOC TOC)/K[1](1813 0 obj SEP P)/K[24](1839 0 obj SETOCI TOCI)], locationContext=null, errorMessage=null], 
TestAssertion [ruleId=RuleId [specification=ISO 14289-1:2014, clause=7.2, testNumber=26], status=failed,
message=TOCI element should be contained in TOC element,
location=Location [level=CosDocument, context=root/document[0]/StructTreeRoot[0](1734 0 obj PDStructTreeRoot)/K[0](1736 0 obj SEDocument Document)/K[1](1766 0 obj SEPart Part)/K[0](1798 0 obj SESect Sect)/K[1](1801 0 obj SETOC TOC)/K[1](1813 0 obj SEP P)/K[25](1840 0 obj SETOCI TOCI)], locationContext=null, errorMessage=null], 
TestAssertion [ruleId=RuleId [specification=ISO 14289-1:2014, clause=7.2, testNumber=26], status=failed,
message=TOCI element should be contained in TOC element,
location=Location [level=CosDocument, context=root/document[0]/StructTreeRoot[0](1734 0 obj PDStructTreeRoot)/K[0](1736 0 obj SEDocument Document)/K[1](1766 0 obj SEPart Part)/K[0](1798 0 obj SESect Sect)/K[1](1801 0 obj SETOC TOC)/K[1](1813 0 obj SEP P)/K[26](1841 0 obj SETOCI TOCI)], locationContext=null, errorMessage=null], 
TestAssertion [ruleId=RuleId [specification=ISO 14289-1:2014, clause=7.2, testNumber=26], status=failed,
message=TOCI element should be contained in TOC element,
location=Location [level=CosDocument, context=root/document[0]/StructTreeRoot[0](1734 0 obj PDStructTreeRoot)/K[0](1736 0 obj SEDocument Document)/K[1](1766 0 obj SEPart Part)/K[0](1798 0 obj SESect Sect)/K[1](1801 0 obj SETOC TOC)/K[1](1813 0 obj SEP P)/K[27](1842 0 obj SETOCI TOCI)], locationContext=null, errorMessage=null], 
TestAssertion [ruleId=RuleId [specification=ISO 14289-1:2014, clause=7.2, testNumber=26], status=failed,
message=TOCI element should be contained in TOC element,
location=Location [level=CosDocument, context=root/document[0]/StructTreeRoot[0](1734 0 obj PDStructTreeRoot)/K[0](1736 0 obj SEDocument Document)/K[1](1766 0 obj SEPart Part)/K[0](1798 0 obj SESect Sect)/K[1](1801 0 obj SETOC TOC)/K[1](1813 0 obj SEP P)/K[28](1843 0 obj SETOCI TOCI)], locationContext=null, errorMessage=null], 
TestAssertion [ruleId=RuleId [specification=ISO 14289-1:2014, clause=7.2, testNumber=26], status=failed,
message=TOCI element should be contained in TOC element,
location=Location [level=CosDocument, context=root/document[0]/StructTreeRoot[0](1734 0 obj PDStructTreeRoot)/K[0](1736 0 obj SEDocument Document)/K[1](1766 0 obj SEPart Part)/K[0](1798 0 obj SESect Sect)/K[1](1801 0 obj SETOC TOC)/K[1](1813 0 obj SEP P)/K[29](1844 0 obj SETOCI TOCI)], locationContext=null, errorMessage=null], 
TestAssertion [ruleId=RuleId [specification=ISO 14289-1:2014, clause=7.2, testNumber=26], status=failed,
message=TOCI element should be contained in TOC element,
location=Location [level=CosDocument, context=root/document[0]/StructTreeRoot[0](1734 0 obj PDStructTreeRoot)/K[0](1736 0 obj SEDocument Document)/K[1](1766 0 obj SEPart Part)/K[0](1798 0 obj SESect Sect)/K[1](1801 0 obj SETOC TOC)/K[1](1813 0 obj SEP P)/K[30](1845 0 obj SETOCI TOCI)], locationContext=null, errorMessage=null], 
TestAssertion [ruleId=RuleId [specification=ISO 14289-1:2014, clause=7.2, testNumber=26], status=failed,
message=TOCI element should be contained in TOC element,
location=Location [level=CosDocument, context=root/document[0]/StructTreeRoot[0](1734 0 obj PDStructTreeRoot)/K[0](1736 0 obj SEDocument Document)/K[1](1766 0 obj SEPart Part)/K[0](1798 0 obj SESect Sect)/K[1](1801 0 obj SETOC TOC)/K[1](1813 0 obj SEP P)/K[31](1846 0 obj SETOCI TOCI)], locationContext=null, errorMessage=null], 
TestAssertion [ruleId=RuleId [specification=ISO 14289-1:2014, clause=7.2, testNumber=26], status=failed,
message=TOCI element should be contained in TOC element,
location=Location [level=CosDocument, context=root/document[0]/StructTreeRoot[0](1734 0 obj PDStructTreeRoot)/K[0](1736 0 obj SEDocument Document)/K[1](1766 0 obj SEPart Part)/K[0](1798 0 obj SESect Sect)/K[1](1801 0 obj SETOC TOC)/K[1](1813 0 obj SEP P)/K[32](1847 0 obj SETOCI TOCI)], locationContext=null, errorMessage=null], 
TestAssertion [ruleId=RuleId [specification=ISO 14289-1:2014, clause=7.2, testNumber=26], status=failed,
message=TOCI element should be contained in TOC element,
location=Location [level=CosDocument, context=root/document[0]/StructTreeRoot[0](1734 0 obj PDStructTreeRoot)/K[0](1736 0 obj SEDocument Document)/K[1](1766 0 obj SEPart Part)/K[0](1798 0 obj SESect Sect)/K[1](1801 0 obj SETOC TOC)/K[1](1813 0 obj SEP P)/K[33](1848 0 obj SETOCI TOCI)], locationContext=null, errorMessage=null], 
TestAssertion [ruleId=RuleId [specification=ISO 14289-1:2014, clause=7.2, testNumber=26], status=failed,
message=TOCI element should be contained in TOC element,
location=Location [level=CosDocument, context=root/document[0]/StructTreeRoot[0](1734 0 obj PDStructTreeRoot)/K[0](1736 0 obj SEDocument Document)/K[1](1766 0 obj SEPart Part)/K[0](1798 0 obj SESect Sect)/K[1](1801 0 obj SETOC TOC)/K[1](1813 0 obj SEP P)/K[34](1849 0 obj SETOCI TOCI)], locationContext=null, errorMessage=null], 
TestAssertion [ruleId=RuleId [specification=ISO 14289-1:2014, clause=7.2, testNumber=26], status=failed,
message=TOCI element should be contained in TOC element,
location=Location [level=CosDocument, context=root/document[0]/StructTreeRoot[0](1734 0 obj PDStructTreeRoot)/K[0](1736 0 obj SEDocument Document)/K[1](1766 0 obj SEPart Part)/K[0](1798 0 obj SESect Sect)/K[1](1801 0 obj SETOC TOC)/K[1](1813 0 obj SEP P)/K[35](1850 0 obj SETOCI TOCI)], locationContext=null, errorMessage=null], 
TestAssertion [ruleId=RuleId [specification=ISO 14289-1:2014, clause=7.2, testNumber=26], status=failed,
message=TOCI element should be contained in TOC element,
location=Location [level=CosDocument, context=root/document[0]/StructTreeRoot[0](1734 0 obj PDStructTreeRoot)/K[0](1736 0 obj SEDocument Document)/K[1](1766 0 obj SEPart Part)/K[0](1798 0 obj SESect Sect)/K[1](1801 0 obj SETOC TOC)/K[1](1813 0 obj SEP P)/K[36](1851 0 obj SETOCI TOCI)], locationContext=null, errorMessage=null], 
TestAssertion [ruleId=RuleId [specification=ISO 14289-1:2014, clause=7.2, testNumber=26], status=failed,
message=TOCI element should be contained in TOC element,
location=Location [level=CosDocument, context=root/document[0]/StructTreeRoot[0](1734 0 obj PDStructTreeRoot)/K[0](1736 0 obj SEDocument Document)/K[1](1766 0 obj SEPart Part)/K[0](1798 0 obj SESect Sect)/K[1](1801 0 obj SETOC TOC)/K[1](1813 0 obj SEP P)/K[37](1852 0 obj SETOCI TOCI)], locationContext=null, errorMessage=null], 
TestAssertion [ruleId=RuleId [specification=ISO 14289-1:2014, clause=7.2, testNumber=26], status=failed,
message=TOCI element should be contained in TOC element,
location=Location [level=CosDocument, context=root/document[0]/StructTreeRoot[0](1734 0 obj PDStructTreeRoot)/K[0](1736 0 obj SEDocument Document)/K[1](1766 0 obj SEPart Part)/K[0](1798 0 obj SESect Sect)/K[1](1801 0 obj SETOC TOC)/K[1](1813 0 obj SEP P)/K[38](1853 0 obj SETOCI TOCI)], locationContext=null, errorMessage=null], 
TestAssertion [ruleId=RuleId [specification=ISO 14289-1:2014, clause=7.2, testNumber=26], status=failed,
message=TOCI element should be contained in TOC element,
location=Location [level=CosDocument, context=root/document[0]/StructTreeRoot[0](1734 0 obj PDStructTreeRoot)/K[0](1736 0 obj SEDocument Document)/K[1](1766 0 obj SEPart Part)/K[0](1798 0 obj SESect Sect)/K[1](1801 0 obj SETOC TOC)/K[1](1813 0 obj SEP P)/K[39](1854 0 obj SETOCI TOCI)], locationContext=null, errorMessage=null], 
TestAssertion [ruleId=RuleId [specification=ISO 14289-1:2014, clause=7.2, testNumber=26], status=failed,
message=TOCI element should be contained in TOC element,
location=Location [level=CosDocument, context=root/document[0]/StructTreeRoot[0](1734 0 obj PDStructTreeRoot)/K[0](1736 0 obj SEDocument Document)/K[1](1766 0 obj SEPart Part)/K[0](1798 0 obj SESect Sect)/K[1](1801 0 obj SETOC TOC)/K[1](1813 0 obj SEP P)/K[40](1855 0 obj SETOCI TOCI)], locationContext=null, errorMessage=null]], isCompliant=false]
