PDF isn't valid PDF/UA-1:
ValidationResult [flavour=ua1, totalAssertions=608856, assertions=[
TestAssertion [ruleId=RuleId [specification=ISO 14289-1:2014, clause=7.2, testNumber=27], status=failed,
message=TOC element may contain only TOC, TOCI and Caption elements,
location=Location [level=CosDocument, context=root/document[0]/StructTreeRoot[0](4864 0 obj PDStructTreeRoot)/K[0](4866 0 obj SEDocument Document)/K[1](4878 0 obj SEPart Part)/K[0](4909 0 obj SESect Sect)/K[1](4912 0 obj SETOC TOC)], locationContext=null, errorMessage=null], 
TestAssertion [ruleId=RuleId [specification=ISO 14289-1:2014, clause=7.2, testNumber=26], status=failed,
message=TOCI element should be contained in TOC element,
location=Location [level=CosDocument, context=root/document[0]/StructTreeRoot[0](4864 0 obj PDStructTreeRoot)/K[0](4866 0 obj SEDocument Document)/K[1](4878 0 obj SEPart Part)/K[0](4909 0 obj SESect Sect)/K[1](4912 0 obj SETOC TOC)/K[1](4923 0 obj SEP P)/K[0](4925 0 obj SETOCI TOCI)], locationContext=null, errorMessage=null], 
TestAssertion [ruleId=RuleId [specification=ISO 14289-1:2014, clause=7.2, testNumber=26], status=failed,
message=TOCI element should be contained in TOC element,
location=Location [level=CosDocument, context=root/document[0]/StructTreeRoot[0](4864 0 obj PDStructTreeRoot)/K[0](4866 0 obj SEDocument Document)/K[1](4878 0 obj SEPart Part)/K[0](4909 0 obj SESect Sect)/K[1](4912 0 obj SETOC TOC)/K[1](4923 0 obj SEP P)/K[1](4926 0 obj SETOCI TOCI)], locationContext=null, errorMessage=null], 
TestAssertion [ruleId=RuleId [specification=ISO 14289-1:2014, clause=7.2, testNumber=26], status=failed,
message=TOCI element should be contained in TOC element,
location=Location [level=CosDocument, context=root/document[0]/StructTreeRoot[0](4864 0 obj PDStructTreeRoot)/K[0](4866 0 obj SEDocument Document)/K[1](4878 0 obj SEPart Part)/K[0](4909 0 obj SESect Sect)/K[1](4912 0 obj SETOC TOC)/K[1](4923 0 obj SEP P)/K[2](4927 0 obj SETOCI TOCI)], locationContext=null, errorMessage=null], 
TestAssertion [ruleId=RuleId [specification=ISO 14289-1:2014, clause=7.2, testNumber=26], status=failed,
message=TOCI element should be contained in TOC element,
location=Location [level=CosDocument, context=root/document[0]/StructTreeRoot[0](4864 0 obj PDStructTreeRoot)/K[0](4866 0 obj SEDocument Document)/K[1](4878 0 obj SEPart Part)/K[0](4909 0 obj SESect Sect)/K[1](4912 0 obj SETOC TOC)/K[1](4923 0 obj SEP P)/K[3](4928 0 obj SETOCI TOCI)], locationContext=null, errorMessage=null], 
TestAssertion [ruleId=RuleId [specification=ISO 14289-1:2014, clause=7.2, testNumber=26], status=failed,
message=TOCI element should be contained in TOC element,
location=Location [level=CosDocument, context=root/document[0]/StructTreeRoot[0](4864 0 obj PDStructTreeRoot)/K[0](4866 0 obj SEDocument Document)/K[1](4878 0 obj SEPart Part)/K[0](4909 0 obj SESect Sect)/K[1](4912 0 obj SETOC TOC)/K[1](4923 0 obj SEP P)/K[4](4929 0 obj SETOCI TOCI)], locationContext=null, errorMessage=null], 
TestAssertion [ruleId=RuleId [specification=ISO 14289-1:2014, clause=7.2, testNumber=26], status=failed,
message=TOCI element should be contained in TOC element,
location=Location [level=CosDocument, context=root/document[0]/StructTreeRoot[0](4864 0 obj PDStructTreeRoot)/K[0](4866 0 obj SEDocument Document)/K[1](4878 0 obj SEPart Part)/K[0](4909 0 obj SESect Sect)/K[1](4912 0 obj SETOC TOC)/K[1](4923 0 obj SEP P)/K[5](4930 0 obj SETOCI TOCI)], locationContext=null, errorMessage=null], 
TestAssertion [ruleId=RuleId [specification=ISO 14289-1:2014, clause=7.2, testNumber=26], status=failed,
message=TOCI element should be contained in TOC element,
location=Location [level=CosDocument, context=root/document[0]/StructTreeRoot[0](4864 0 obj PDStructTreeRoot)/K[0](4866 0 obj SEDocument Document)/K[1](4878 0 obj SEPart Part)/K[0](4909 0 obj SESect Sect)/K[1](4912 0 obj SETOC TOC)/K[1](4923 0 obj SEP P)/K[6](4931 0 obj SETOCI TOCI)], locationContext=null, errorMessage=null], 
TestAssertion [ruleId=RuleId [specification=ISO 14289-1:2014, clause=7.2, testNumber=26], status=failed,
message=TOCI element should be contained in TOC element,
location=Location [level=CosDocument, context=root/document[0]/StructTreeRoot[0](4864 0 obj PDStructTreeRoot)/K[0](4866 0 obj SEDocument Document)/K[1](4878 0 obj SEPart Part)/K[0](4909 0 obj SESect Sect)/K[1](4912 0 obj SETOC TOC)/K[1](4923 0 obj SEP P)/K[7](4932 0 obj SETOCI TOCI)], locationContext=null, errorMessage=null], 
TestAssertion [ruleId=RuleId [specification=ISO 14289-1:2014, clause=7.2, testNumber=26], status=failed,
message=TOCI element should be contained in TOC element,
location=Location [level=CosDocument, context=root/document[0]/StructTreeRoot[0](4864 0 obj PDStructTreeRoot)/K[0](4866 0 obj SEDocument Document)/K[1](4878 0 obj SEPart Part)/K[0](4909 0 obj SESect Sect)/K[1](4912 0 obj SETOC TOC)/K[1](4923 0 obj SEP P)/K[8](4933 0 obj SETOCI TOCI)], locationContext=null, errorMessage=null], 
TestAssertion [ruleId=RuleId [specification=ISO 14289-1:2014, clause=7.2, testNumber=26], status=failed,
message=TOCI element should be contained in TOC element,
location=Location [level=CosDocument, context=root/document[0]/StructTreeRoot[0](4864 0 obj PDStructTreeRoot)/K[0](4866 0 obj SEDocument Document)/K[1](4878 0 obj SEPart Part)/K[0](4909 0 obj SESect Sect)/K[1](4912 0 obj SETOC TOC)/K[1](4923 0 obj SEP P)/K[9](4934 0 obj SETOCI TOCI)], locationContext=null, errorMessage=null], 
TestAssertion [ruleId=RuleId [specification=ISO 14289-1:2014, clause=7.2, testNumber=26], status=failed,
message=TOCI element should be contained in TOC element,
location=Location [level=CosDocument, context=root/document[0]/StructTreeRoot[0](4864 0 obj PDStructTreeRoot)/K[0](4866 0 obj SEDocument Document)/K[1](4878 0 obj SEPart Part)/K[0](4909 0 obj SESect Sect)/K[1](4912 0 obj SETOC TOC)/K[1](4923 0 obj SEP P)/K[10](4935 0 obj SETOCI TOCI)], locationContext=null, errorMessage=null], 
TestAssertion [ruleId=RuleId [specification=ISO 14289-1:2014, clause=7.2, testNumber=26], status=failed,
message=TOCI element should be contained in TOC element,
location=Location [level=CosDocument, context=root/document[0]/StructTreeRoot[0](4864 0 obj PDStructTreeRoot)/K[0](4866 0 obj SEDocument Document)/K[1](4878 0 obj SEPart Part)/K[0](4909 0 obj SESect Sect)/K[1](4912 0 obj SETOC TOC)/K[1](4923 0 obj SEP P)/K[11](4936 0 obj SETOCI TOCI)], locationContext=null, errorMessage=null], 
TestAssertion [ruleId=RuleId [specification=ISO 14289-1:2014, clause=7.2, testNumber=26], status=failed,
message=TOCI element should be contained in TOC element,
location=Location [level=CosDocument, context=root/document[0]/StructTreeRoot[0](4864 0 obj PDStructTreeRoot)/K[0](4866 0 obj SEDocument Document)/K[1](4878 0 obj SEPart Part)/K[0](4909 0 obj SESect Sect)/K[1](4912 0 obj SETOC TOC)/K[1](4923 0 obj SEP P)/K[12](4937 0 obj SETOCI TOCI)], locationContext=null, errorMessage=null], 
TestAssertion [ruleId=RuleId [specification=ISO 14289-1:2014, clause=7.2, testNumber=26], status=failed,
message=TOCI element should be contained in TOC element,
location=Location [level=CosDocument, context=root/document[0]/StructTreeRoot[0](4864 0 obj PDStructTreeRoot)/K[0](4866 0 obj SEDocument Document)/K[1](4878 0 obj SEPart Part)/K[0](4909 0 obj SESect Sect)/K[1](4912 0 obj SETOC TOC)/K[1](4923 0 obj SEP P)/K[13](4938 0 obj SETOCI TOCI)], locationContext=null, errorMessage=null], 
TestAssertion [ruleId=RuleId [specification=ISO 14289-1:2014, clause=7.2, testNumber=26], status=failed,
message=TOCI element should be contained in TOC element,
location=Location [level=CosDocument, context=root/document[0]/StructTreeRoot[0](4864 0 obj PDStructTreeRoot)/K[0](4866 0 obj SEDocument Document)/K[1](4878 0 obj SEPart Part)/K[0](4909 0 obj SESect Sect)/K[1](4912 0 obj SETOC TOC)/K[1](4923 0 obj SEP P)/K[14](4939 0 obj SETOCI TOCI)], locationContext=null, errorMessage=null], 
TestAssertion [ruleId=RuleId [specification=ISO 14289-1:2014, clause=7.2, testNumber=26], status=failed,
message=TOCI element should be contained in TOC element,
location=Location [level=CosDocument, context=root/document[0]/StructTreeRoot[0](4864 0 obj PDStructTreeRoot)/K[0](4866 0 obj SEDocument Document)/K[1](4878 0 obj SEPart Part)/K[0](4909 0 obj SESect Sect)/K[1](4912 0 obj SETOC TOC)/K[1](4923 0 obj SEP P)/K[15](4940 0 obj SETOCI TOCI)], locationContext=null, errorMessage=null], 
TestAssertion [ruleId=RuleId [specification=ISO 14289-1:2014, clause=7.2, testNumber=26], status=failed,
message=TOCI element should be contained in TOC element,
location=Location [level=CosDocument, context=root/document[0]/StructTreeRoot[0](4864 0 obj PDStructTreeRoot)/K[0](4866 0 obj SEDocument Document)/K[1](4878 0 obj SEPart Part)/K[0](4909 0 obj SESect Sect)/K[1](4912 0 obj SETOC TOC)/K[1](4923 0 obj SEP P)/K[16](4941 0 obj SETOCI TOCI)], locationContext=null, errorMessage=null], 
TestAssertion [ruleId=RuleId [specification=ISO 14289-1:2014, clause=7.2, testNumber=26], status=failed,
message=TOCI element should be contained in TOC element,
location=Location [level=CosDocument, context=root/document[0]/StructTreeRoot[0](4864 0 obj PDStructTreeRoot)/K[0](4866 0 obj SEDocument Document)/K[1](4878 0 obj SEPart Part)/K[0](4909 0 obj SESect Sect)/K[1](4912 0 obj SETOC TOC)/K[1](4923 0 obj SEP P)/K[17](4942 0 obj SETOCI TOCI)], locationContext=null, errorMessage=null], 
TestAssertion [ruleId=RuleId [specification=ISO 14289-1:2014, clause=7.2, testNumber=26], status=failed,
message=TOCI element should be contained in TOC element,
location=Location [level=CosDocument, context=root/document[0]/StructTreeRoot[0](4864 0 obj PDStructTreeRoot)/K[0](4866 0 obj SEDocument Document)/K[1](4878 0 obj SEPart Part)/K[0](4909 0 obj SESect Sect)/K[1](4912 0 obj SETOC TOC)/K[1](4923 0 obj SEP P)/K[18](4943 0 obj SETOCI TOCI)], locationContext=null, errorMessage=null], 
TestAssertion [ruleId=RuleId [specification=ISO 14289-1:2014, clause=7.2, testNumber=26], status=failed,
message=TOCI element should be contained in TOC element,
location=Location [level=CosDocument, context=root/document[0]/StructTreeRoot[0](4864 0 obj PDStructTreeRoot)/K[0](4866 0 obj SEDocument Document)/K[1](4878 0 obj SEPart Part)/K[0](4909 0 obj SESect Sect)/K[1](4912 0 obj SETOC TOC)/K[1](4923 0 obj SEP P)/K[19](4944 0 obj SETOCI TOCI)], locationContext=null, errorMessage=null], 
TestAssertion [ruleId=RuleId [specification=ISO 14289-1:2014, clause=7.2, testNumber=26], status=failed,
message=TOCI element should be contained in TOC element,
location=Location [level=CosDocument, context=root/document[0]/StructTreeRoot[0](4864 0 obj PDStructTreeRoot)/K[0](4866 0 obj SEDocument Document)/K[1](4878 0 obj SEPart Part)/K[0](4909 0 obj SESect Sect)/K[1](4912 0 obj SETOC TOC)/K[1](4923 0 obj SEP P)/K[20](4945 0 obj SETOCI TOCI)], locationContext=null, errorMessage=null], 
TestAssertion [ruleId=RuleId [specification=ISO 14289-1:2014, clause=7.2, testNumber=26], status=failed,
message=TOCI element should be contained in TOC element,
location=Location [level=CosDocument, context=root/document[0]/StructTreeRoot[0](4864 0 obj PDStructTreeRoot)/K[0](4866 0 obj SEDocument Document)/K[1](4878 0 obj SEPart Part)/K[0](4909 0 obj SESect Sect)/K[1](4912 0 obj SETOC TOC)/K[1](4923 0 obj SEP P)/K[21](4946 0 obj SETOCI TOCI)], locationContext=null, errorMessage=null], 
TestAssertion [ruleId=RuleId [specification=ISO 14289-1:2014, clause=7.2, testNumber=26], status=failed,
message=TOCI element should be contained in TOC element,
location=Location [level=CosDocument, context=root/document[0]/StructTreeRoot[0](4864 0 obj PDStructTreeRoot)/K[0](4866 0 obj SEDocument Document)/K[1](4878 0 obj SEPart Part)/K[0](4909 0 obj SESect Sect)/K[1](4912 0 obj SETOC TOC)/K[1](4923 0 obj SEP P)/K[22](4947 0 obj SETOCI TOCI)], locationContext=null, errorMessage=null], 
TestAssertion [ruleId=RuleId [specification=ISO 14289-1:2014, clause=7.2, testNumber=26], status=failed,
message=TOCI element should be contained in TOC element,
location=Location [level=CosDocument, context=root/document[0]/StructTreeRoot[0](4864 0 obj PDStructTreeRoot)/K[0](4866 0 obj SEDocument Document)/K[1](4878 0 obj SEPart Part)/K[0](4909 0 obj SESect Sect)/K[1](4912 0 obj SETOC TOC)/K[1](4923 0 obj SEP P)/K[23](4948 0 obj SETOCI TOCI)], locationContext=null, errorMessage=null], 
TestAssertion [ruleId=RuleId [specification=ISO 14289-1:2014, clause=7.2, testNumber=26], status=failed,
message=TOCI element should be contained in TOC element,
location=Location [level=CosDocument, context=root/document[0]/StructTreeRoot[0](4864 0 obj PDStructTreeRoot)/K[0](4866 0 obj SEDocument Document)/K[1](4878 0 obj SEPart Part)/K[0](4909 0 obj SESect Sect)/K[1](4912 0 obj SETOC TOC)/K[1](4923 0 obj SEP P)/K[24](4949 0 obj SETOCI TOCI)], locationContext=null, errorMessage=null], 
TestAssertion [ruleId=RuleId [specification=ISO 14289-1:2014, clause=7.2, testNumber=26], status=failed,
message=TOCI element should be contained in TOC element,
location=Location [level=CosDocument, context=root/document[0]/StructTreeRoot[0](4864 0 obj PDStructTreeRoot)/K[0](4866 0 obj SEDocument Document)/K[1](4878 0 obj SEPart Part)/K[0](4909 0 obj SESect Sect)/K[1](4912 0 obj SETOC TOC)/K[1](4923 0 obj SEP P)/K[25](4950 0 obj SETOCI TOCI)], locationContext=null, errorMessage=null], 
TestAssertion [ruleId=RuleId [specification=ISO 14289-1:2014, clause=7.2, testNumber=26], status=failed,
message=TOCI element should be contained in TOC element,
location=Location [level=CosDocument, context=root/document[0]/StructTreeRoot[0](4864 0 obj PDStructTreeRoot)/K[0](4866 0 obj SEDocument Document)/K[1](4878 0 obj SEPart Part)/K[0](4909 0 obj SESect Sect)/K[1](4912 0 obj SETOC TOC)/K[1](4923 0 obj SEP P)/K[26](4951 0 obj SETOCI TOCI)], locationContext=null, errorMessage=null], 
TestAssertion [ruleId=RuleId [specification=ISO 14289-1:2014, clause=7.2, testNumber=26], status=failed,
message=TOCI element should be contained in TOC element,
location=Location [level=CosDocument, context=root/document[0]/StructTreeRoot[0](4864 0 obj PDStructTreeRoot)/K[0](4866 0 obj SEDocument Document)/K[1](4878 0 obj SEPart Part)/K[0](4909 0 obj SESect Sect)/K[1](4912 0 obj SETOC TOC)/K[1](4923 0 obj SEP P)/K[27](4952 0 obj SETOCI TOCI)], locationContext=null, errorMessage=null], 
TestAssertion [ruleId=RuleId [specification=ISO 14289-1:2014, clause=7.2, testNumber=26], status=failed,
message=TOCI element should be contained in TOC element,
location=Location [level=CosDocument, context=root/document[0]/StructTreeRoot[0](4864 0 obj PDStructTreeRoot)/K[0](4866 0 obj SEDocument Document)/K[1](4878 0 obj SEPart Part)/K[0](4909 0 obj SESect Sect)/K[1](4912 0 obj SETOC TOC)/K[1](4923 0 obj SEP P)/K[28](4953 0 obj SETOCI TOCI)], locationContext=null, errorMessage=null], 
TestAssertion [ruleId=RuleId [specification=ISO 14289-1:2014, clause=7.2, testNumber=26], status=failed,
message=TOCI element should be contained in TOC element,
location=Location [level=CosDocument, context=root/document[0]/StructTreeRoot[0](4864 0 obj PDStructTreeRoot)/K[0](4866 0 obj SEDocument Document)/K[1](4878 0 obj SEPart Part)/K[0](4909 0 obj SESect Sect)/K[1](4912 0 obj SETOC TOC)/K[1](4923 0 obj SEP P)/K[29](4954 0 obj SETOCI TOCI)], locationContext=null, errorMessage=null], 
TestAssertion [ruleId=RuleId [specification=ISO 14289-1:2014, clause=7.2, testNumber=26], status=failed,
message=TOCI element should be contained in TOC element,
location=Location [level=CosDocument, context=root/document[0]/StructTreeRoot[0](4864 0 obj PDStructTreeRoot)/K[0](4866 0 obj SEDocument Document)/K[1](4878 0 obj SEPart Part)/K[0](4909 0 obj SESect Sect)/K[1](4912 0 obj SETOC TOC)/K[1](4923 0 obj SEP P)/K[30](4955 0 obj SETOCI TOCI)], locationContext=null, errorMessage=null], 
TestAssertion [ruleId=RuleId [specification=ISO 14289-1:2014, clause=7.2, testNumber=26], status=failed,
message=TOCI element should be contained in TOC element,
location=Location [level=CosDocument, context=root/document[0]/StructTreeRoot[0](4864 0 obj PDStructTreeRoot)/K[0](4866 0 obj SEDocument Document)/K[1](4878 0 obj SEPart Part)/K[0](4909 0 obj SESect Sect)/K[1](4912 0 obj SETOC TOC)/K[1](4923 0 obj SEP P)/K[31](4956 0 obj SETOCI TOCI)], locationContext=null, errorMessage=null], 
TestAssertion [ruleId=RuleId [specification=ISO 14289-1:2014, clause=7.2, testNumber=26], status=failed,
message=TOCI element should be contained in TOC element,
location=Location [level=CosDocument, context=root/document[0]/StructTreeRoot[0](4864 0 obj PDStructTreeRoot)/K[0](4866 0 obj SEDocument Document)/K[1](4878 0 obj SEPart Part)/K[0](4909 0 obj SESect Sect)/K[1](4912 0 obj SETOC TOC)/K[1](4923 0 obj SEP P)/K[32](4957 0 obj SETOCI TOCI)], locationContext=null, errorMessage=null], 
TestAssertion [ruleId=RuleId [specification=ISO 14289-1:2014, clause=7.2, testNumber=26], status=failed,
message=TOCI element should be contained in TOC element,
location=Location [level=CosDocument, context=root/document[0]/StructTreeRoot[0](4864 0 obj PDStructTreeRoot)/K[0](4866 0 obj SEDocument Document)/K[1](4878 0 obj SEPart Part)/K[0](4909 0 obj SESect Sect)/K[1](4912 0 obj SETOC TOC)/K[1](4923 0 obj SEP P)/K[33](4958 0 obj SETOCI TOCI)], locationContext=null, errorMessage=null], 
TestAssertion [ruleId=RuleId [specification=ISO 14289-1:2014, clause=7.2, testNumber=26], status=failed,
message=TOCI element should be contained in TOC element,
location=Location [level=CosDocument, context=root/document[0]/StructTreeRoot[0](4864 0 obj PDStructTreeRoot)/K[0](4866 0 obj SEDocument Document)/K[1](4878 0 obj SEPart Part)/K[0](4909 0 obj SESect Sect)/K[1](4912 0 obj SETOC TOC)/K[1](4923 0 obj SEP P)/K[34](4959 0 obj SETOCI TOCI)], locationContext=null, errorMessage=null], 
TestAssertion [ruleId=RuleId [specification=ISO 14289-1:2014, clause=7.2, testNumber=26], status=failed,
message=TOCI element should be contained in TOC element,
location=Location [level=CosDocument, context=root/document[0]/StructTreeRoot[0](4864 0 obj PDStructTreeRoot)/K[0](4866 0 obj SEDocument Document)/K[1](4878 0 obj SEPart Part)/K[0](4909 0 obj SESect Sect)/K[1](4912 0 obj SETOC TOC)/K[1](4923 0 obj SEP P)/K[35](4960 0 obj SETOCI TOCI)], locationContext=null, errorMessage=null], 
TestAssertion [ruleId=RuleId [specification=ISO 14289-1:2014, clause=7.2, testNumber=26], status=failed,
message=TOCI element should be contained in TOC element,
location=Location [level=CosDocument, context=root/document[0]/StructTreeRoot[0](4864 0 obj PDStructTreeRoot)/K[0](4866 0 obj SEDocument Document)/K[1](4878 0 obj SEPart Part)/K[0](4909 0 obj SESect Sect)/K[1](4912 0 obj SETOC TOC)/K[1](4923 0 obj SEP P)/K[36](4961 0 obj SETOCI TOCI)], locationContext=null, errorMessage=null], 
TestAssertion [ruleId=RuleId [specification=ISO 14289-1:2014, clause=7.2, testNumber=26], status=failed,
message=TOCI element should be contained in TOC element,
location=Location [level=CosDocument, context=root/document[0]/StructTreeRoot[0](4864 0 obj PDStructTreeRoot)/K[0](4866 0 obj SEDocument Document)/K[1](4878 0 obj SEPart Part)/K[0](4909 0 obj SESect Sect)/K[1](4912 0 obj SETOC TOC)/K[1](4923 0 obj SEP P)/K[37](4962 0 obj SETOCI TOCI)], locationContext=null, errorMessage=null], 
TestAssertion [ruleId=RuleId [specification=ISO 14289-1:2014, clause=7.2, testNumber=26], status=failed,
message=TOCI element should be contained in TOC element,
location=Location [level=CosDocument, context=root/document[0]/StructTreeRoot[0](4864 0 obj PDStructTreeRoot)/K[0](4866 0 obj SEDocument Document)/K[1](4878 0 obj SEPart Part)/K[0](4909 0 obj SESect Sect)/K[1](4912 0 obj SETOC TOC)/K[1](4923 0 obj SEP P)/K[38](4963 0 obj SETOCI TOCI)], locationContext=null, errorMessage=null], 
TestAssertion [ruleId=RuleId [specification=ISO 14289-1:2014, clause=7.2, testNumber=26], status=failed,
message=TOCI element should be contained in TOC element,
location=Location [level=CosDocument, context=root/document[0]/StructTreeRoot[0](4864 0 obj PDStructTreeRoot)/K[0](4866 0 obj SEDocument Document)/K[1](4878 0 obj SEPart Part)/K[0](4909 0 obj SESect Sect)/K[1](4912 0 obj SETOC TOC)/K[1](4923 0 obj SEP P)/K[39](4964 0 obj SETOCI TOCI)], locationContext=null, errorMessage=null], 
TestAssertion [ruleId=RuleId [specification=ISO 14289-1:2014, clause=7.2, testNumber=26], status=failed,
message=TOCI element should be contained in TOC element,
location=Location [level=CosDocument, context=root/document[0]/StructTreeRoot[0](4864 0 obj PDStructTreeRoot)/K[0](4866 0 obj SEDocument Document)/K[1](4878 0 obj SEPart Part)/K[0](4909 0 obj SESect Sect)/K[1](4912 0 obj SETOC TOC)/K[1](4923 0 obj SEP P)/K[40](4965 0 obj SETOCI TOCI)], locationContext=null, errorMessage=null], 
TestAssertion [ruleId=RuleId [specification=ISO 14289-1:2014, clause=7.2, testNumber=26], status=failed,
message=TOCI element should be contained in TOC element,
location=Location [level=CosDocument, context=root/document[0]/StructTreeRoot[0](4864 0 obj PDStructTreeRoot)/K[0](4866 0 obj SEDocument Document)/K[1](4878 0 obj SEPart Part)/K[0](4909 0 obj SESect Sect)/K[1](4912 0 obj SETOC TOC)/K[1](4923 0 obj SEP P)/K[41](4966 0 obj SETOCI TOCI)], locationContext=null, errorMessage=null], 
TestAssertion [ruleId=RuleId [specification=ISO 14289-1:2014, clause=7.2, testNumber=26], status=failed,
message=TOCI element should be contained in TOC element,
location=Location [level=CosDocument, context=root/document[0]/StructTreeRoot[0](4864 0 obj PDStructTreeRoot)/K[0](4866 0 obj SEDocument Document)/K[1](4878 0 obj SEPart Part)/K[0](4909 0 obj SESect Sect)/K[1](4912 0 obj SETOC TOC)/K[1](4923 0 obj SEP P)/K[42](4967 0 obj SETOCI TOCI)], locationContext=null, errorMessage=null], 
TestAssertion [ruleId=RuleId [specification=ISO 14289-1:2014, clause=7.2, testNumber=26], status=failed,
message=TOCI element should be contained in TOC element,
location=Location [level=CosDocument, context=root/document[0]/StructTreeRoot[0](4864 0 obj PDStructTreeRoot)/K[0](4866 0 obj SEDocument Document)/K[1](4878 0 obj SEPart Part)/K[0](4909 0 obj SESect Sect)/K[1](4912 0 obj SETOC TOC)/K[1](4923 0 obj SEP P)/K[43](4968 0 obj SETOCI TOCI)], locationContext=null, errorMessage=null], 
TestAssertion [ruleId=RuleId [specification=ISO 14289-1:2014, clause=7.2, testNumber=26], status=failed,
message=TOCI element should be contained in TOC element,
location=Location [level=CosDocument, context=root/document[0]/StructTreeRoot[0](4864 0 obj PDStructTreeRoot)/K[0](4866 0 obj SEDocument Document)/K[1](4878 0 obj SEPart Part)/K[0](4909 0 obj SESect Sect)/K[1](4912 0 obj SETOC TOC)/K[1](4923 0 obj SEP P)/K[44](4969 0 obj SETOCI TOCI)], locationContext=null, errorMessage=null], 
TestAssertion [ruleId=RuleId [specification=ISO 14289-1:2014, clause=7.2, testNumber=26], status=failed,
message=TOCI element should be contained in TOC element,
location=Location [level=CosDocument, context=root/document[0]/StructTreeRoot[0](4864 0 obj PDStructTreeRoot)/K[0](4866 0 obj SEDocument Document)/K[1](4878 0 obj SEPart Part)/K[0](4909 0 obj SESect Sect)/K[1](4912 0 obj SETOC TOC)/K[1](4923 0 obj SEP P)/K[45](4970 0 obj SETOCI TOCI)], locationContext=null, errorMessage=null], 
TestAssertion [ruleId=RuleId [specification=ISO 14289-1:2014, clause=7.2, testNumber=26], status=failed,
message=TOCI element should be contained in TOC element,
location=Location [level=CosDocument, context=root/document[0]/StructTreeRoot[0](4864 0 obj PDStructTreeRoot)/K[0](4866 0 obj SEDocument Document)/K[1](4878 0 obj SEPart Part)/K[0](4909 0 obj SESect Sect)/K[1](4912 0 obj SETOC TOC)/K[1](4923 0 obj SEP P)/K[46](4971 0 obj SETOCI TOCI)], locationContext=null, errorMessage=null], 
TestAssertion [ruleId=RuleId [specification=ISO 14289-1:2014, clause=7.2, testNumber=26], status=failed,
message=TOCI element should be contained in TOC element,
location=Location [level=CosDocument, context=root/document[0]/StructTreeRoot[0](4864 0 obj PDStructTreeRoot)/K[0](4866 0 obj SEDocument Document)/K[1](4878 0 obj SEPart Part)/K[0](4909 0 obj SESect Sect)/K[1](4912 0 obj SETOC TOC)/K[1](4923 0 obj SEP P)/K[47](4972 0 obj SETOCI TOCI)], locationContext=null, errorMessage=null], 
TestAssertion [ruleId=RuleId [specification=ISO 14289-1:2014, clause=7.2, testNumber=26], status=failed,
message=TOCI element should be contained in TOC element,
location=Location [level=CosDocument, context=root/document[0]/StructTreeRoot[0](4864 0 obj PDStructTreeRoot)/K[0](4866 0 obj SEDocument Document)/K[1](4878 0 obj SEPart Part)/K[0](4909 0 obj SESect Sect)/K[1](4912 0 obj SETOC TOC)/K[1](4923 0 obj SEP P)/K[48](4973 0 obj SETOCI TOCI)], locationContext=null, errorMessage=null], 
TestAssertion [ruleId=RuleId [specification=ISO 14289-1:2014, clause=7.2, testNumber=26], status=failed,
message=TOCI element should be contained in TOC element,
location=Location [level=CosDocument, context=root/document[0]/StructTreeRoot[0](4864 0 obj PDStructTreeRoot)/K[0](4866 0 obj SEDocument Document)/K[1](4878 0 obj SEPart Part)/K[0](4909 0 obj SESect Sect)/K[1](4912 0 obj SETOC TOC)/K[1](4923 0 obj SEP P)/K[49](4974 0 obj SETOCI TOCI)], locationContext=null, errorMessage=null], 
TestAssertion [ruleId=RuleId [specification=ISO 14289-1:2014, clause=7.2, testNumber=26], status=failed,
message=TOCI element should be contained in TOC element,
location=Location [level=CosDocument, context=root/document[0]/StructTreeRoot[0](4864 0 obj PDStructTreeRoot)/K[0](4866 0 obj SEDocument Document)/K[1](4878 0 obj SEPart Part)/K[0](4909 0 obj SESect Sect)/K[1](4912 0 obj SETOC TOC)/K[1](4923 0 obj SEP P)/K[50](4975 0 obj SETOCI TOCI)], locationContext=null, errorMessage=null], 
TestAssertion [ruleId=RuleId [specification=ISO 14289-1:2014, clause=7.2, testNumber=26], status=failed,
message=TOCI element should be contained in TOC element,
location=Location [level=CosDocument, context=root/document[0]/StructTreeRoot[0](4864 0 obj PDStructTreeRoot)/K[0](4866 0 obj SEDocument Document)/K[1](4878 0 obj SEPart Part)/K[0](4909 0 obj SESect Sect)/K[1](4912 0 obj SETOC TOC)/K[1](4923 0 obj SEP P)/K[51](4976 0 obj SETOCI TOCI)], locationContext=null, errorMessage=null], 
TestAssertion [ruleId=RuleId [specification=ISO 14289-1:2014, clause=7.2, testNumber=26], status=failed,
message=TOCI element should be contained in TOC element,
location=Location [level=CosDocument, context=root/document[0]/StructTreeRoot[0](4864 0 obj PDStructTreeRoot)/K[0](4866 0 obj SEDocument Document)/K[1](4878 0 obj SEPart Part)/K[0](4909 0 obj SESect Sect)/K[1](4912 0 obj SETOC TOC)/K[1](4923 0 obj SEP P)/K[52](4977 0 obj SETOCI TOCI)], locationContext=null, errorMessage=null], 
TestAssertion [ruleId=RuleId [specification=ISO 14289-1:2014, clause=7.2, testNumber=26], status=failed,
message=TOCI element should be contained in TOC element,
location=Location [level=CosDocument, context=root/document[0]/StructTreeRoot[0](4864 0 obj PDStructTreeRoot)/K[0](4866 0 obj SEDocument Document)/K[1](4878 0 obj SEPart Part)/K[0](4909 0 obj SESect Sect)/K[1](4912 0 obj SETOC TOC)/K[1](4923 0 obj SEP P)/K[53](4978 0 obj SETOCI TOCI)], locationContext=null, errorMessage=null], 
TestAssertion [ruleId=RuleId [specification=ISO 14289-1:2014, clause=7.2, testNumber=26], status=failed,
message=TOCI element should be contained in TOC element,
location=Location [level=CosDocument, context=root/document[0]/StructTreeRoot[0](4864 0 obj PDStructTreeRoot)/K[0](4866 0 obj SEDocument Document)/K[1](4878 0 obj SEPart Part)/K[0](4909 0 obj SESect Sect)/K[1](4912 0 obj SETOC TOC)/K[1](4923 0 obj SEP P)/K[54](4979 0 obj SETOCI TOCI)], locationContext=null, errorMessage=null], 
TestAssertion [ruleId=RuleId [specification=ISO 14289-1:2014, clause=7.2, testNumber=26], status=failed,
message=TOCI element should be contained in TOC element,
location=Location [level=CosDocument, context=root/document[0]/StructTreeRoot[0](4864 0 obj PDStructTreeRoot)/K[0](4866 0 obj SEDocument Document)/K[1](4878 0 obj SEPart Part)/K[0](4909 0 obj SESect Sect)/K[1](4912 0 obj SETOC TOC)/K[1](4923 0 obj SEP P)/K[55](4980 0 obj SETOCI TOCI)], locationContext=null, errorMessage=null], 
TestAssertion [ruleId=RuleId [specification=ISO 14289-1:2014, clause=7.2, testNumber=26], status=failed,
message=TOCI element should be contained in TOC element,
location=Location [level=CosDocument, context=root/document[0]/StructTreeRoot[0](4864 0 obj PDStructTreeRoot)/K[0](4866 0 obj SEDocument Document)/K[1](4878 0 obj SEPart Part)/K[0](4909 0 obj SESect Sect)/K[1](4912 0 obj SETOC TOC)/K[1](4923 0 obj SEP P)/K[56](4981 0 obj SETOCI TOCI)], locationContext=null, errorMessage=null], 
TestAssertion [ruleId=RuleId [specification=ISO 14289-1:2014, clause=7.2, testNumber=26], status=failed,
message=TOCI element should be contained in TOC element,
location=Location [level=CosDocument, context=root/document[0]/StructTreeRoot[0](4864 0 obj PDStructTreeRoot)/K[0](4866 0 obj SEDocument Document)/K[1](4878 0 obj SEPart Part)/K[0](4909 0 obj SESect Sect)/K[1](4912 0 obj SETOC TOC)/K[1](4923 0 obj SEP P)/K[57](4982 0 obj SETOCI TOCI)], locationContext=null, errorMessage=null], 
TestAssertion [ruleId=RuleId [specification=ISO 14289-1:2014, clause=7.2, testNumber=26], status=failed,
message=TOCI element should be contained in TOC element,
location=Location [level=CosDocument, context=root/document[0]/StructTreeRoot[0](4864 0 obj PDStructTreeRoot)/K[0](4866 0 obj SEDocument Document)/K[1](4878 0 obj SEPart Part)/K[0](4909 0 obj SESect Sect)/K[1](4912 0 obj SETOC TOC)/K[1](4923 0 obj SEP P)/K[58](4983 0 obj SETOCI TOCI)], locationContext=null, errorMessage=null], 
TestAssertion [ruleId=RuleId [specification=ISO 14289-1:2014, clause=7.2, testNumber=26], status=failed,
message=TOCI element should be contained in TOC element,
location=Location [level=CosDocument, context=root/document[0]/StructTreeRoot[0](4864 0 obj PDStructTreeRoot)/K[0](4866 0 obj SEDocument Document)/K[1](4878 0 obj SEPart Part)/K[0](4909 0 obj SESect Sect)/K[1](4912 0 obj SETOC TOC)/K[1](4923 0 obj SEP P)/K[59](4984 0 obj SETOCI TOCI)], locationContext=null, errorMessage=null], 
TestAssertion [ruleId=RuleId [specification=ISO 14289-1:2014, clause=7.2, testNumber=26], status=failed,
message=TOCI element should be contained in TOC element,
location=Location [level=CosDocument, context=root/document[0]/StructTreeRoot[0](4864 0 obj PDStructTreeRoot)/K[0](4866 0 obj SEDocument Document)/K[1](4878 0 obj SEPart Part)/K[0](4909 0 obj SESect Sect)/K[1](4912 0 obj SETOC TOC)/K[1](4923 0 obj SEP P)/K[60](4985 0 obj SETOCI TOCI)], locationContext=null, errorMessage=null], 
TestAssertion [ruleId=RuleId [specification=ISO 14289-1:2014, clause=7.2, testNumber=26], status=failed,
message=TOCI element should be contained in TOC element,
location=Location [level=CosDocument, context=root/document[0]/StructTreeRoot[0](4864 0 obj PDStructTreeRoot)/K[0](4866 0 obj SEDocument Document)/K[1](4878 0 obj SEPart Part)/K[0](4909 0 obj SESect Sect)/K[1](4912 0 obj SETOC TOC)/K[1](4923 0 obj SEP P)/K[61](4986 0 obj SETOCI TOCI)], locationContext=null, errorMessage=null], 
TestAssertion [ruleId=RuleId [specification=ISO 14289-1:2014, clause=7.2, testNumber=26], status=failed,
message=TOCI element should be contained in TOC element,
location=Location [level=CosDocument, context=root/document[0]/StructTreeRoot[0](4864 0 obj PDStructTreeRoot)/K[0](4866 0 obj SEDocument Document)/K[1](4878 0 obj SEPart Part)/K[0](4909 0 obj SESect Sect)/K[1](4912 0 obj SETOC TOC)/K[1](4923 0 obj SEP P)/K[62](4987 0 obj SETOCI TOCI)], locationContext=null, errorMessage=null], 
TestAssertion [ruleId=RuleId [specification=ISO 14289-1:2014, clause=7.2, testNumber=26], status=failed,
message=TOCI element should be contained in TOC element,
location=Location [level=CosDocument, context=root/document[0]/StructTreeRoot[0](4864 0 obj PDStructTreeRoot)/K[0](4866 0 obj SEDocument Document)/K[1](4878 0 obj SEPart Part)/K[0](4909 0 obj SESect Sect)/K[1](4912 0 obj SETOC TOC)/K[1](4923 0 obj SEP P)/K[63](4988 0 obj SETOCI TOCI)], locationContext=null, errorMessage=null], 
TestAssertion [ruleId=RuleId [specification=ISO 14289-1:2014, clause=7.2, testNumber=26], status=failed,
message=TOCI element should be contained in TOC element,
location=Location [level=CosDocument, context=root/document[0]/StructTreeRoot[0](4864 0 obj PDStructTreeRoot)/K[0](4866 0 obj SEDocument Document)/K[1](4878 0 obj SEPart Part)/K[0](4909 0 obj SESect Sect)/K[1](4912 0 obj SETOC TOC)/K[1](4923 0 obj SEP P)/K[64](4989 0 obj SETOCI TOCI)], locationContext=null, errorMessage=null], 
TestAssertion [ruleId=RuleId [specification=ISO 14289-1:2014, clause=7.2, testNumber=26], status=failed,
message=TOCI element should be contained in TOC element,
location=Location [level=CosDocument, context=root/document[0]/StructTreeRoot[0](4864 0 obj PDStructTreeRoot)/K[0](4866 0 obj SEDocument Document)/K[1](4878 0 obj SEPart Part)/K[0](4909 0 obj SESect Sect)/K[1](4912 0 obj SETOC TOC)/K[1](4923 0 obj SEP P)/K[65](4990 0 obj SETOCI TOCI)], locationContext=null, errorMessage=null], 
TestAssertion [ruleId=RuleId [specification=ISO 14289-1:2014, clause=7.2, testNumber=26], status=failed,
message=TOCI element should be contained in TOC element,
location=Location [level=CosDocument, context=root/document[0]/StructTreeRoot[0](4864 0 obj PDStructTreeRoot)/K[0](4866 0 obj SEDocument Document)/K[1](4878 0 obj SEPart Part)/K[0](4909 0 obj SESect Sect)/K[1](4912 0 obj SETOC TOC)/K[1](4923 0 obj SEP P)/K[66](4991 0 obj SETOCI TOCI)], locationContext=null, errorMessage=null], 
TestAssertion [ruleId=RuleId [specification=ISO 14289-1:2014, clause=7.2, testNumber=26], status=failed,
message=TOCI element should be contained in TOC element,
location=Location [level=CosDocument, context=root/document[0]/StructTreeRoot[0](4864 0 obj PDStructTreeRoot)/K[0](4866 0 obj SEDocument Document)/K[1](4878 0 obj SEPart Part)/K[0](4909 0 obj SESect Sect)/K[1](4912 0 obj SETOC TOC)/K[1](4923 0 obj SEP P)/K[67](4992 0 obj SETOCI TOCI)], locationContext=null, errorMessage=null], 
TestAssertion [ruleId=RuleId [specification=ISO 14289-1:2014, clause=7.2, testNumber=26], status=failed,
message=TOCI element should be contained in TOC element,
location=Location [level=CosDocument, context=root/document[0]/StructTreeRoot[0](4864 0 obj PDStructTreeRoot)/K[0](4866 0 obj SEDocument Document)/K[1](4878 0 obj SEPart Part)/K[0](4909 0 obj SESect Sect)/K[1](4912 0 obj SETOC TOC)/K[1](4923 0 obj SEP P)/K[68](4993 0 obj SETOCI TOCI)], locationContext=null, errorMessage=null], 
TestAssertion [ruleId=RuleId [specification=ISO 14289-1:2014, clause=7.2, testNumber=26], status=failed,
message=TOCI element should be contained in TOC element,
location=Location [level=CosDocument, context=root/document[0]/StructTreeRoot[0](4864 0 obj PDStructTreeRoot)/K[0](4866 0 obj SEDocument Document)/K[1](4878 0 obj SEPart Part)/K[0](4909 0 obj SESect Sect)/K[1](4912 0 obj SETOC TOC)/K[1](4923 0 obj SEP P)/K[69](4994 0 obj SETOCI TOCI)], locationContext=null, errorMessage=null], 
TestAssertion [ruleId=RuleId [specification=ISO 14289-1:2014, clause=7.2, testNumber=26], status=failed,
message=TOCI element should be contained in TOC element,
location=Location [level=CosDocument, context=root/document[0]/StructTreeRoot[0](4864 0 obj PDStructTreeRoot)/K[0](4866 0 obj SEDocument Document)/K[1](4878 0 obj SEPart Part)/K[0](4909 0 obj SESect Sect)/K[1](4912 0 obj SETOC TOC)/K[1](4923 0 obj SEP P)/K[70](4995 0 obj SETOCI TOCI)], locationContext=null, errorMessage=null], 
TestAssertion [ruleId=RuleId [specification=ISO 14289-1:2014, clause=7.2, testNumber=26], status=failed,
message=TOCI element should be contained in TOC element,
location=Location [level=CosDocument, context=root/document[0]/StructTreeRoot[0](4864 0 obj PDStructTreeRoot)/K[0](4866 0 obj SEDocument Document)/K[1](4878 0 obj SEPart Part)/K[0](4909 0 obj SESect Sect)/K[1](4912 0 obj SETOC TOC)/K[1](4923 0 obj SEP P)/K[71](4996 0 obj SETOCI TOCI)], locationContext=null, errorMessage=null], 
TestAssertion [ruleId=RuleId [specification=ISO 14289-1:2014, clause=7.2, testNumber=26], status=failed,
message=TOCI element should be contained in TOC element,
location=Location [level=CosDocument, context=root/document[0]/StructTreeRoot[0](4864 0 obj PDStructTreeRoot)/K[0](4866 0 obj SEDocument Document)/K[1](4878 0 obj SEPart Part)/K[0](4909 0 obj SESect Sect)/K[1](4912 0 obj SETOC TOC)/K[1](4923 0 obj SEP P)/K[72](4997 0 obj SETOCI TOCI)], locationContext=null, errorMessage=null], 
TestAssertion [ruleId=RuleId [specification=ISO 14289-1:2014, clause=7.2, testNumber=26], status=failed,
message=TOCI element should be contained in TOC element,
location=Location [level=CosDocument, context=root/document[0]/StructTreeRoot[0](4864 0 obj PDStructTreeRoot)/K[0](4866 0 obj SEDocument Document)/K[1](4878 0 obj SEPart Part)/K[0](4909 0 obj SESect Sect)/K[1](4912 0 obj SETOC TOC)/K[1](4923 0 obj SEP P)/K[73](4998 0 obj SETOCI TOCI)], locationContext=null, errorMessage=null], 
TestAssertion [ruleId=RuleId [specification=ISO 14289-1:2014, clause=7.2, testNumber=26], status=failed,
message=TOCI element should be contained in TOC element,
location=Location [level=CosDocument, context=root/document[0]/StructTreeRoot[0](4864 0 obj PDStructTreeRoot)/K[0](4866 0 obj SEDocument Document)/K[1](4878 0 obj SEPart Part)/K[0](4909 0 obj SESect Sect)/K[1](4912 0 obj SETOC TOC)/K[1](4923 0 obj SEP P)/K[74](4999 0 obj SETOCI TOCI)], locationContext=null, errorMessage=null], 
TestAssertion [ruleId=RuleId [specification=ISO 14289-1:2014, clause=7.2, testNumber=26], status=failed,
message=TOCI element should be contained in TOC element,
location=Location [level=CosDocument, context=root/document[0]/StructTreeRoot[0](4864 0 obj PDStructTreeRoot)/K[0](4866 0 obj SEDocument Document)/K[1](4878 0 obj SEPart Part)/K[0](4909 0 obj SESect Sect)/K[1](4912 0 obj SETOC TOC)/K[1](4923 0 obj SEP P)/K[75](5000 0 obj SETOCI TOCI)], locationContext=null, errorMessage=null], 
TestAssertion [ruleId=RuleId [specification=ISO 14289-1:2014, clause=7.2, testNumber=26], status=failed,
message=TOCI element should be contained in TOC element,
location=Location [level=CosDocument, context=root/document[0]/StructTreeRoot[0](4864 0 obj PDStructTreeRoot)/K[0](4866 0 obj SEDocument Document)/K[1](4878 0 obj SEPart Part)/K[0](4909 0 obj SESect Sect)/K[1](4912 0 obj SETOC TOC)/K[1](4923 0 obj SEP P)/K[76](5001 0 obj SETOCI TOCI)], locationContext=null, errorMessage=null], 
TestAssertion [ruleId=RuleId [specification=ISO 14289-1:2014, clause=7.2, testNumber=26], status=failed,
message=TOCI element should be contained in TOC element,
location=Location [level=CosDocument, context=root/document[0]/StructTreeRoot[0](4864 0 obj PDStructTreeRoot)/K[0](4866 0 obj SEDocument Document)/K[1](4878 0 obj SEPart Part)/K[0](4909 0 obj SESect Sect)/K[1](4912 0 obj SETOC TOC)/K[1](4923 0 obj SEP P)/K[77](5002 0 obj SETOCI TOCI)], locationContext=null, errorMessage=null], 
TestAssertion [ruleId=RuleId [specification=ISO 14289-1:2014, clause=7.2, testNumber=26], status=failed,
message=TOCI element should be contained in TOC element,
location=Location [level=CosDocument, context=root/document[0]/StructTreeRoot[0](4864 0 obj PDStructTreeRoot)/K[0](4866 0 obj SEDocument Document)/K[1](4878 0 obj SEPart Part)/K[0](4909 0 obj SESect Sect)/K[1](4912 0 obj SETOC TOC)/K[1](4923 0 obj SEP P)/K[78](5003 0 obj SETOCI TOCI)], locationContext=null, errorMessage=null], 
TestAssertion [ruleId=RuleId [specification=ISO 14289-1:2014, clause=7.2, testNumber=26], status=failed,
message=TOCI element should be contained in TOC element,
location=Location [level=CosDocument, context=root/document[0]/StructTreeRoot[0](4864 0 obj PDStructTreeRoot)/K[0](4866 0 obj SEDocument Document)/K[1](4878 0 obj SEPart Part)/K[0](4909 0 obj SESect Sect)/K[1](4912 0 obj SETOC TOC)/K[1](4923 0 obj SEP P)/K[79](5004 0 obj SETOCI TOCI)], locationContext=null, errorMessage=null], 
TestAssertion [ruleId=RuleId [specification=ISO 14289-1:2014, clause=7.2, testNumber=26], status=failed,
message=TOCI element should be contained in TOC element,
location=Location [level=CosDocument, context=root/document[0]/StructTreeRoot[0](4864 0 obj PDStructTreeRoot)/K[0](4866 0 obj SEDocument Document)/K[1](4878 0 obj SEPart Part)/K[0](4909 0 obj SESect Sect)/K[1](4912 0 obj SETOC TOC)/K[1](4923 0 obj SEP P)/K[80](5005 0 obj SETOCI TOCI)], locationContext=null, errorMessage=null], 
TestAssertion [ruleId=RuleId [specification=ISO 14289-1:2014, clause=7.2, testNumber=26], status=failed,
message=TOCI element should be contained in TOC element,
location=Location [level=CosDocument, context=root/document[0]/StructTreeRoot[0](4864 0 obj PDStructTreeRoot)/K[0](4866 0 obj SEDocument Document)/K[1](4878 0 obj SEPart Part)/K[0](4909 0 obj SESect Sect)/K[1](4912 0 obj SETOC TOC)/K[1](4923 0 obj SEP P)/K[81](5006 0 obj SETOCI TOCI)], locationContext=null, errorMessage=null], 
TestAssertion [ruleId=RuleId [specification=ISO 14289-1:2014, clause=7.2, testNumber=26], status=failed,
message=TOCI element should be contained in TOC element,
location=Location [level=CosDocument, context=root/document[0]/StructTreeRoot[0](4864 0 obj PDStructTreeRoot)/K[0](4866 0 obj SEDocument Document)/K[1](4878 0 obj SEPart Part)/K[0](4909 0 obj SESect Sect)/K[1](4912 0 obj SETOC TOC)/K[1](4923 0 obj SEP P)/K[82](5007 0 obj SETOCI TOCI)], locationContext=null, errorMessage=null], 
TestAssertion [ruleId=RuleId [specification=ISO 14289-1:2014, clause=7.2, testNumber=26], status=failed,
message=TOCI element should be contained in TOC element,
location=Location [level=CosDocument, context=root/document[0]/StructTreeRoot[0](4864 0 obj PDStructTreeRoot)/K[0](4866 0 obj SEDocument Document)/K[1](4878 0 obj SEPart Part)/K[0](4909 0 obj SESect Sect)/K[1](4912 0 obj SETOC TOC)/K[1](4923 0 obj SEP P)/K[83](5008 0 obj SETOCI TOCI)], locationContext=null, errorMessage=null], 
TestAssertion [ruleId=RuleId [specification=ISO 14289-1:2014, clause=7.2, testNumber=26], status=failed,
message=TOCI element should be contained in TOC element,
location=Location [level=CosDocument, context=root/document[0]/StructTreeRoot[0](4864 0 obj PDStructTreeRoot)/K[0](4866 0 obj SEDocument Document)/K[1](4878 0 obj SEPart Part)/K[0](4909 0 obj SESect Sect)/K[1](4912 0 obj SETOC TOC)/K[1](4923 0 obj SEP P)/K[84](5009 0 obj SETOCI TOCI)], locationContext=null, errorMessage=null], 
TestAssertion [ruleId=RuleId [specification=ISO 14289-1:2014, clause=7.2, testNumber=26], status=failed,
message=TOCI element should be contained in TOC element,
location=Location [level=CosDocument, context=root/document[0]/StructTreeRoot[0](4864 0 obj PDStructTreeRoot)/K[0](4866 0 obj SEDocument Document)/K[1](4878 0 obj SEPart Part)/K[0](4909 0 obj SESect Sect)/K[1](4912 0 obj SETOC TOC)/K[1](4923 0 obj SEP P)/K[85](5010 0 obj SETOCI TOCI)], locationContext=null, errorMessage=null], 
TestAssertion [ruleId=RuleId [specification=ISO 14289-1:2014, clause=7.2, testNumber=26], status=failed,
message=TOCI element should be contained in TOC element,
location=Location [level=CosDocument, context=root/document[0]/StructTreeRoot[0](4864 0 obj PDStructTreeRoot)/K[0](4866 0 obj SEDocument Document)/K[1](4878 0 obj SEPart Part)/K[0](4909 0 obj SESect Sect)/K[1](4912 0 obj SETOC TOC)/K[1](4923 0 obj SEP P)/K[86](5011 0 obj SETOCI TOCI)], locationContext=null, errorMessage=null], 
TestAssertion [ruleId=RuleId [specification=ISO 14289-1:2014, clause=7.2, testNumber=26], status=failed,
message=TOCI element should be contained in TOC element,
location=Location [level=CosDocument, context=root/document[0]/StructTreeRoot[0](4864 0 obj PDStructTreeRoot)/K[0](4866 0 obj SEDocument Document)/K[1](4878 0 obj SEPart Part)/K[0](4909 0 obj SESect Sect)/K[1](4912 0 obj SETOC TOC)/K[1](4923 0 obj SEP P)/K[87](5012 0 obj SETOCI TOCI)], locationContext=null, errorMessage=null], 
TestAssertion [ruleId=RuleId [specification=ISO 14289-1:2014, clause=7.2, testNumber=26], status=failed,
message=TOCI element should be contained in TOC element,
location=Location [level=CosDocument, context=root/document[0]/StructTreeRoot[0](4864 0 obj PDStructTreeRoot)/K[0](4866 0 obj SEDocument Document)/K[1](4878 0 obj SEPart Part)/K[0](4909 0 obj SESect Sect)/K[1](4912 0 obj SETOC TOC)/K[1](4923 0 obj SEP P)/K[88](5013 0 obj SETOCI TOCI)], locationContext=null, errorMessage=null], 
TestAssertion [ruleId=RuleId [specification=ISO 14289-1:2014, clause=7.2, testNumber=26], status=failed,
message=TOCI element should be contained in TOC element,
location=Location [level=CosDocument, context=root/document[0]/StructTreeRoot[0](4864 0 obj PDStructTreeRoot)/K[0](4866 0 obj SEDocument Document)/K[1](4878 0 obj SEPart Part)/K[0](4909 0 obj SESect Sect)/K[1](4912 0 obj SETOC TOC)/K[1](4923 0 obj SEP P)/K[89](5014 0 obj SETOCI TOCI)], locationContext=null, errorMessage=null], 
TestAssertion [ruleId=RuleId [specification=ISO 14289-1:2014, clause=7.2, testNumber=26], status=failed,
message=TOCI element should be contained in TOC element,
location=Location [level=CosDocument, context=root/document[0]/StructTreeRoot[0](4864 0 obj PDStructTreeRoot)/K[0](4866 0 obj SEDocument Document)/K[1](4878 0 obj SEPart Part)/K[0](4909 0 obj SESect Sect)/K[1](4912 0 obj SETOC TOC)/K[1](4923 0 obj SEP P)/K[90](5015 0 obj SETOCI TOCI)], locationContext=null, errorMessage=null], 
TestAssertion [ruleId=RuleId [specification=ISO 14289-1:2014, clause=7.2, testNumber=26], status=failed,
message=TOCI element should be contained in TOC element,
location=Location [level=CosDocument, context=root/document[0]/StructTreeRoot[0](4864 0 obj PDStructTreeRoot)/K[0](4866 0 obj SEDocument Document)/K[1](4878 0 obj SEPart Part)/K[0](4909 0 obj SESect Sect)/K[1](4912 0 obj SETOC TOC)/K[1](4923 0 obj SEP P)/K[91](5016 0 obj SETOCI TOCI)], locationContext=null, errorMessage=null], 
TestAssertion [ruleId=RuleId [specification=ISO 14289-1:2014, clause=7.2, testNumber=26], status=failed,
message=TOCI element should be contained in TOC element,
location=Location [level=CosDocument, context=root/document[0]/StructTreeRoot[0](4864 0 obj PDStructTreeRoot)/K[0](4866 0 obj SEDocument Document)/K[1](4878 0 obj SEPart Part)/K[0](4909 0 obj SESect Sect)/K[1](4912 0 obj SETOC TOC)/K[1](4923 0 obj SEP P)/K[92](5017 0 obj SETOCI TOCI)], locationContext=null, errorMessage=null], 
TestAssertion [ruleId=RuleId [specification=ISO 14289-1:2014, clause=7.2, testNumber=26], status=failed,
message=TOCI element should be contained in TOC element,
location=Location [level=CosDocument, context=root/document[0]/StructTreeRoot[0](4864 0 obj PDStructTreeRoot)/K[0](4866 0 obj SEDocument Document)/K[1](4878 0 obj SEPart Part)/K[0](4909 0 obj SESect Sect)/K[1](4912 0 obj SETOC TOC)/K[1](4923 0 obj SEP P)/K[93](5018 0 obj SETOCI TOCI)], locationContext=null, errorMessage=null], 
TestAssertion [ruleId=RuleId [specification=ISO 14289-1:2014, clause=7.2, testNumber=26], status=failed,
message=TOCI element should be contained in TOC element,
location=Location [level=CosDocument, context=root/document[0]/StructTreeRoot[0](4864 0 obj PDStructTreeRoot)/K[0](4866 0 obj SEDocument Document)/K[1](4878 0 obj SEPart Part)/K[0](4909 0 obj SESect Sect)/K[1](4912 0 obj SETOC TOC)/K[1](4923 0 obj SEP P)/K[94](5019 0 obj SETOCI TOCI)], locationContext=null, errorMessage=null], 
TestAssertion [ruleId=RuleId [specification=ISO 14289-1:2014, clause=7.2, testNumber=26], status=failed,
message=TOCI element should be contained in TOC element,
location=Location [level=CosDocument, context=root/document[0]/StructTreeRoot[0](4864 0 obj PDStructTreeRoot)/K[0](4866 0 obj SEDocument Document)/K[1](4878 0 obj SEPart Part)/K[0](4909 0 obj SESect Sect)/K[1](4912 0 obj SETOC TOC)/K[1](4923 0 obj SEP P)/K[95](5020 0 obj SETOCI TOCI)], locationContext=null, errorMessage=null], 
TestAssertion [ruleId=RuleId [specification=ISO 14289-1:2014, clause=7.2, testNumber=26], status=failed,
message=TOCI element should be contained in TOC element,
location=Location [level=CosDocument, context=root/document[0]/StructTreeRoot[0](4864 0 obj PDStructTreeRoot)/K[0](4866 0 obj SEDocument Document)/K[1](4878 0 obj SEPart Part)/K[0](4909 0 obj SESect Sect)/K[1](4912 0 obj SETOC TOC)/K[1](4923 0 obj SEP P)/K[96](5021 0 obj SETOCI TOCI)], locationContext=null, errorMessage=null], 
TestAssertion [ruleId=RuleId [specification=ISO 14289-1:2014, clause=7.2, testNumber=26], status=failed,
message=TOCI element should be contained in TOC element,
location=Location [level=CosDocument, context=root/document[0]/StructTreeRoot[0](4864 0 obj PDStructTreeRoot)/K[0](4866 0 obj SEDocument Document)/K[1](4878 0 obj SEPart Part)/K[0](4909 0 obj SESect Sect)/K[1](4912 0 obj SETOC TOC)/K[1](4923 0 obj SEP P)/K[97](5022 0 obj SETOCI TOCI)], locationContext=null, errorMessage=null], 
TestAssertion [ruleId=RuleId [specification=ISO 14289-1:2014, clause=7.2, testNumber=26], status=failed,
message=TOCI element should be contained in TOC element,
location=Location [level=CosDocument, context=root/document[0]/StructTreeRoot[0](4864 0 obj PDStructTreeRoot)/K[0](4866 0 obj SEDocument Document)/K[1](4878 0 obj SEPart Part)/K[0](4909 0 obj SESect Sect)/K[1](4912 0 obj SETOC TOC)/K[1](4923 0 obj SEP P)/K[98](5023 0 obj SETOCI TOCI)], locationContext=null, errorMessage=null], 
TestAssertion [ruleId=RuleId [specification=ISO 14289-1:2014, clause=7.2, testNumber=26], status=failed,
message=TOCI element should be contained in TOC element,
location=Location [level=CosDocument, context=root/document[0]/StructTreeRoot[0](4864 0 obj PDStructTreeRoot)/K[0](4866 0 obj SEDocument Document)/K[1](4878 0 obj SEPart Part)/K[0](4909 0 obj SESect Sect)/K[1](4912 0 obj SETOC TOC)/K[1](4923 0 obj SEP P)/K[99](5024 0 obj SETOCI TOCI)], locationContext=null, errorMessage=null]], isCompliant=false]
