/__w/mn-samples-iho/mn-samples-iho/site/documents/s44/document.err errors


== Metanorma XML Style Warning

(XML Line 000281): Hanging paragraph in clause
	<clause id="scl-bathymetric-coverage" obligation="normative">
	<title>Bathymetric Coverage</title>
	<p id="_6cce7ec4-746e-3e00-dfb4-595dd6fb1f78">The concept of <xref target="def-bathymetric_coverage" style="short">bathymetric coverage</xref> was introduced in this edition of S-44, in order to make the standard technology independent. Acquisition of <xref target="def-bathymetric_coverage" style="short">bathymetric coverage</xref> requires use of a sensor that measures and records depths. <xref target="tab-minimum-bathymetry" style="short"/> specifies the minimum <xref target="def-bathymetric_coverage" style="short">bathymetric coverage</xref> to be achieved by each survey order.</p>
	
	<clause id="_100_bathymetric_coverage" obligation="normative">
(XML Line 000436): Table should have title
	<table id="_c9e95e95-c16a-c408-bba3-f8a73a51e7be" unnumbered="true"><thead><tr><th valign="top" align="left">Category or Group</th>
	<th valign="top" align="left">Description</th>
	</tr></thead>
	<tbody><tr><td valign="top" align="left">Survey Type</td>
	<td valign="top" align="left">e.g. safety of navigation, passage, reconnaissance/sketch, examination</td>
(XML Line 000481): Hanging paragraph in clause
	<clause id="_safety_of_navigation_standards" obligation="normative">
	<title>Safety of Navigation Standards</title>
	<p id="_56c5b939-e275-1294-dd18-0ab89ded8bcf">Minimum bathymetry standards are defined in <xref target="tab-minimum-bathymetry" style="short"/>. Other minimum standards for positioning and water flow measurements are defined in <xref target="tab-other-minimum" style="short"/>. Both tables must be read in conjunction with the detailed text in this document.</p>
	
	<p id="_8931847b-025e-a8dd-75ab-83fb74a2f57e">As stated above, all standards defined in <xref target="tab-minimum-bathymetry" style="short"/> and <xref target="tab-other-minimum" style="short"/> are included in the specification <xref target="scl-matrix-description" style="short">Matrix</xref> within ranges of specification values which are available to enhance and customise safety of navigation surveys. Although the <xref target="scl-matrix-description" style="short">Matrix</xref> is available for this purpose, its usage will not reduce the minimum standards defined for safety of navigation survey orders. See Annex A for guidance on how to use the Specification <xref target="scl-matrix-description" style="short">Matrix</xref>.</p>
(XML Line 000503): Table should have title
	<table id="tab-minimum-bathymetry"><thead><tr><th valign="middle" align="center">Reference</th>
	<th valign="middle" align="center">Criteria</th>
	<th valign="middle" align="center">Order 2</th>
	<th valign="middle" align="center">Order 1b</th>
	<th valign="middle" align="center">Order 1a</th>
(XML Line 000609): Table should have title
	<table id="tab-other-minimum"><thead><tr><th valign="middle" align="center">Reference</th>
	<th valign="middle" align="center">Criteria</th>
	<th valign="middle" align="center">Uncertainty Type</th>
	<th valign="middle" align="center">Order 2</th>
	<th valign="middle" align="center">Order 1b</th>
(XML Line 000822): Table should have title
	<table id="_9a84aa55-da17-5640-777a-a82cea9282d7" unnumbered="true"><thead><tr><th valign="middle" align="center"/><th valign="middle" align="center">Criteria</th>
	<th valign="middle" align="center">1</th>
	<th valign="middle" align="center">2</th>
	<th valign="middle" align="center">3</th>
	<th valign="middle" align="center">4</th>
(XML Line 001167): Table should have title
	<table id="_69d1cdce-9f53-baea-fac0-6b21454f4bcf" unnumbered="true"><thead><tr><th valign="middle" align="center">B</th>
	<th valign="middle" align="center">BATHYMETRY</th>
	<th valign="middle" align="center">Order 1a Value</th>
	<th valign="middle" align="center">Matrix Cell Ref.</th>
	<th valign="middle" align="center">Custom</th>
(XML Line 001369): Table should have title
	<table id="_74f4233e-4943-5206-13db-28eab60c7459" unnumbered="true"><thead><tr><th valign="middle" align="center"/><th valign="middle" align="center">Criteria</th>
	<th valign="middle" align="center">1</th>
	<th valign="middle" align="center">2</th>
	<th valign="middle" align="center">3</th>
	<th valign="middle" align="center">4</th>
(XML Line 001663): Hanging paragraph in clause
	<annex id="annex-guidelines-quality-management" obligation="normative">
	<title>Guidelines for Quality Management</title>
	<note id="_3135a924-5bf6-671a-40e8-8ec89c10196a"><p id="_3c38780e-de91-79d6-266f-866c8badb0f6">This annex is <strong>not</strong> an integral part of the S-44 Standards and will be removed when the information therein is fully incorporated into IHO Publication C-13, <em>Manual on Hydrography</em>.</p>
	</note>
	
(XML Line 001700): Hanging paragraph in clause
	<annex id="annex-guidance-priori" obligation="normative">
	<title>GUIDANCE FOR A PRIORI AND A POSTERIORI QUALITY CONTROL</title>
	<note id="_2ffe3431-91f3-87b7-ba04-1ec2dca26462"><p id="_072a2439-9422-649b-f75d-e9afe5bff86d">This annex is <strong>not</strong> an integral part of the S-44 Standards and will be removed when the information therein is fully incorporated into IHO Publication C-13, <em>Manual on Hydrography</em>.</p>
	</note>
	
(XML Line 001726): Hanging paragraph in clause
	<annex id="annex-gridded-bathymetry" obligation="normative">
	<title>GRIDDED BATHYMETRY CONSIDERATIONS</title>
	<note id="_114eda70-3992-999e-f81c-9ad0b8d41aa4"><p id="_6d650424-c236-f207-d6c9-f360142bd07e">This annex is <strong>not</strong> an integral part of the S-44 Standards and will be removed when the information therein is fully incorporated into IHO Publication C-13, <em>Manual on Hydrography</em>.</p>
	</note>
	
(XML Line 001881): Hanging paragraph in clause
	<clause id="_applicability" obligation="normative">
	<title>Applicability</title>
	<p id="_b690e27a-9910-92d5-bc52-8ae2005bbe73">Gridded <xref target="def-bathymetric_model" style="short">bathymetric models</xref> are a common product of a hydrographic survey; however, the utility of the model representation begins well before a survey data set is finalised as this data can also be used to verify survey requirements during hydrographic collection and certify quality of a data set during data set validation efforts.</p>
	
	<clause id="_survey_data_collection" obligation="normative">


== Metanorma XML Syntax

(XML Line 001979:16): element "iho-standard" incomplete; missing required element "bibliography"
