PDF isn't valid PDF/UA-1:
ValidationResult [flavour=ua1, totalAssertions=527664, assertions=[
TestAssertion [ruleId=RuleId [specification=ISO 14289-1:2014, clause=7.2, testNumber=27], status=failed,
message=TOC element may contain only TOC, TOCI and Caption elements,
location=Location [level=CosDocument, context=root/document[0]/StructTreeRoot[0](3728 0 obj PDStructTreeRoot)/K[0](3730 0 obj SEDocument Document)/K[1](3745 0 obj SEPart Part)/K[0](3778 0 obj SESect Sect)/K[1](3781 0 obj SETOC TOC)], locationContext=null, errorMessage=null], 
TestAssertion [ruleId=RuleId [specification=ISO 14289-1:2014, clause=7.2, testNumber=26], status=failed,
message=TOCI element should be contained in TOC element,
location=Location [level=CosDocument, context=root/document[0]/StructTreeRoot[0](3728 0 obj PDStructTreeRoot)/K[0](3730 0 obj SEDocument Document)/K[1](3745 0 obj SEPart Part)/K[0](3778 0 obj SESect Sect)/K[1](3781 0 obj SETOC TOC)/K[1](3792 0 obj SEP P)/K[0](3794 0 obj SETOCI TOCI)], locationContext=null, errorMessage=null], 
TestAssertion [ruleId=RuleId [specification=ISO 14289-1:2014, clause=7.2, testNumber=26], status=failed,
message=TOCI element should be contained in TOC element,
location=Location [level=CosDocument, context=root/document[0]/StructTreeRoot[0](3728 0 obj PDStructTreeRoot)/K[0](3730 0 obj SEDocument Document)/K[1](3745 0 obj SEPart Part)/K[0](3778 0 obj SESect Sect)/K[1](3781 0 obj SETOC TOC)/K[1](3792 0 obj SEP P)/K[1](3795 0 obj SETOCI TOCI)], locationContext=null, errorMessage=null], 
TestAssertion [ruleId=RuleId [specification=ISO 14289-1:2014, clause=7.2, testNumber=26], status=failed,
message=TOCI element should be contained in TOC element,
location=Location [level=CosDocument, context=root/document[0]/StructTreeRoot[0](3728 0 obj PDStructTreeRoot)/K[0](3730 0 obj SEDocument Document)/K[1](3745 0 obj SEPart Part)/K[0](3778 0 obj SESect Sect)/K[1](3781 0 obj SETOC TOC)/K[1](3792 0 obj SEP P)/K[2](3796 0 obj SETOCI TOCI)], locationContext=null, errorMessage=null], 
TestAssertion [ruleId=RuleId [specification=ISO 14289-1:2014, clause=7.2, testNumber=26], status=failed,
message=TOCI element should be contained in TOC element,
location=Location [level=CosDocument, context=root/document[0]/StructTreeRoot[0](3728 0 obj PDStructTreeRoot)/K[0](3730 0 obj SEDocument Document)/K[1](3745 0 obj SEPart Part)/K[0](3778 0 obj SESect Sect)/K[1](3781 0 obj SETOC TOC)/K[1](3792 0 obj SEP P)/K[3](3797 0 obj SETOCI TOCI)], locationContext=null, errorMessage=null], 
TestAssertion [ruleId=RuleId [specification=ISO 14289-1:2014, clause=7.2, testNumber=26], status=failed,
message=TOCI element should be contained in TOC element,
location=Location [level=CosDocument, context=root/document[0]/StructTreeRoot[0](3728 0 obj PDStructTreeRoot)/K[0](3730 0 obj SEDocument Document)/K[1](3745 0 obj SEPart Part)/K[0](3778 0 obj SESect Sect)/K[1](3781 0 obj SETOC TOC)/K[1](3792 0 obj SEP P)/K[4](3798 0 obj SETOCI TOCI)], locationContext=null, errorMessage=null], 
TestAssertion [ruleId=RuleId [specification=ISO 14289-1:2014, clause=7.2, testNumber=26], status=failed,
message=TOCI element should be contained in TOC element,
location=Location [level=CosDocument, context=root/document[0]/StructTreeRoot[0](3728 0 obj PDStructTreeRoot)/K[0](3730 0 obj SEDocument Document)/K[1](3745 0 obj SEPart Part)/K[0](3778 0 obj SESect Sect)/K[1](3781 0 obj SETOC TOC)/K[1](3792 0 obj SEP P)/K[5](3799 0 obj SETOCI TOCI)], locationContext=null, errorMessage=null], 
TestAssertion [ruleId=RuleId [specification=ISO 14289-1:2014, clause=7.2, testNumber=26], status=failed,
message=TOCI element should be contained in TOC element,
location=Location [level=CosDocument, context=root/document[0]/StructTreeRoot[0](3728 0 obj PDStructTreeRoot)/K[0](3730 0 obj SEDocument Document)/K[1](3745 0 obj SEPart Part)/K[0](3778 0 obj SESect Sect)/K[1](3781 0 obj SETOC TOC)/K[1](3792 0 obj SEP P)/K[6](3800 0 obj SETOCI TOCI)], locationContext=null, errorMessage=null], 
TestAssertion [ruleId=RuleId [specification=ISO 14289-1:2014, clause=7.2, testNumber=26], status=failed,
message=TOCI element should be contained in TOC element,
location=Location [level=CosDocument, context=root/document[0]/StructTreeRoot[0](3728 0 obj PDStructTreeRoot)/K[0](3730 0 obj SEDocument Document)/K[1](3745 0 obj SEPart Part)/K[0](3778 0 obj SESect Sect)/K[1](3781 0 obj SETOC TOC)/K[1](3792 0 obj SEP P)/K[7](3801 0 obj SETOCI TOCI)], locationContext=null, errorMessage=null], 
TestAssertion [ruleId=RuleId [specification=ISO 14289-1:2014, clause=7.2, testNumber=26], status=failed,
message=TOCI element should be contained in TOC element,
location=Location [level=CosDocument, context=root/document[0]/StructTreeRoot[0](3728 0 obj PDStructTreeRoot)/K[0](3730 0 obj SEDocument Document)/K[1](3745 0 obj SEPart Part)/K[0](3778 0 obj SESect Sect)/K[1](3781 0 obj SETOC TOC)/K[1](3792 0 obj SEP P)/K[8](3802 0 obj SETOCI TOCI)], locationContext=null, errorMessage=null], 
TestAssertion [ruleId=RuleId [specification=ISO 14289-1:2014, clause=7.2, testNumber=26], status=failed,
message=TOCI element should be contained in TOC element,
location=Location [level=CosDocument, context=root/document[0]/StructTreeRoot[0](3728 0 obj PDStructTreeRoot)/K[0](3730 0 obj SEDocument Document)/K[1](3745 0 obj SEPart Part)/K[0](3778 0 obj SESect Sect)/K[1](3781 0 obj SETOC TOC)/K[1](3792 0 obj SEP P)/K[9](3803 0 obj SETOCI TOCI)], locationContext=null, errorMessage=null], 
TestAssertion [ruleId=RuleId [specification=ISO 14289-1:2014, clause=7.2, testNumber=26], status=failed,
message=TOCI element should be contained in TOC element,
location=Location [level=CosDocument, context=root/document[0]/StructTreeRoot[0](3728 0 obj PDStructTreeRoot)/K[0](3730 0 obj SEDocument Document)/K[1](3745 0 obj SEPart Part)/K[0](3778 0 obj SESect Sect)/K[1](3781 0 obj SETOC TOC)/K[1](3792 0 obj SEP P)/K[10](3804 0 obj SETOCI TOCI)], locationContext=null, errorMessage=null], 
TestAssertion [ruleId=RuleId [specification=ISO 14289-1:2014, clause=7.2, testNumber=26], status=failed,
message=TOCI element should be contained in TOC element,
location=Location [level=CosDocument, context=root/document[0]/StructTreeRoot[0](3728 0 obj PDStructTreeRoot)/K[0](3730 0 obj SEDocument Document)/K[1](3745 0 obj SEPart Part)/K[0](3778 0 obj SESect Sect)/K[1](3781 0 obj SETOC TOC)/K[1](3792 0 obj SEP P)/K[11](3805 0 obj SETOCI TOCI)], locationContext=null, errorMessage=null], 
TestAssertion [ruleId=RuleId [specification=ISO 14289-1:2014, clause=7.2, testNumber=26], status=failed,
message=TOCI element should be contained in TOC element,
location=Location [level=CosDocument, context=root/document[0]/StructTreeRoot[0](3728 0 obj PDStructTreeRoot)/K[0](3730 0 obj SEDocument Document)/K[1](3745 0 obj SEPart Part)/K[0](3778 0 obj SESect Sect)/K[1](3781 0 obj SETOC TOC)/K[1](3792 0 obj SEP P)/K[12](3806 0 obj SETOCI TOCI)], locationContext=null, errorMessage=null], 
TestAssertion [ruleId=RuleId [specification=ISO 14289-1:2014, clause=7.2, testNumber=26], status=failed,
message=TOCI element should be contained in TOC element,
location=Location [level=CosDocument, context=root/document[0]/StructTreeRoot[0](3728 0 obj PDStructTreeRoot)/K[0](3730 0 obj SEDocument Document)/K[1](3745 0 obj SEPart Part)/K[0](3778 0 obj SESect Sect)/K[1](3781 0 obj SETOC TOC)/K[1](3792 0 obj SEP P)/K[13](3807 0 obj SETOCI TOCI)], locationContext=null, errorMessage=null], 
TestAssertion [ruleId=RuleId [specification=ISO 14289-1:2014, clause=7.2, testNumber=26], status=failed,
message=TOCI element should be contained in TOC element,
location=Location [level=CosDocument, context=root/document[0]/StructTreeRoot[0](3728 0 obj PDStructTreeRoot)/K[0](3730 0 obj SEDocument Document)/K[1](3745 0 obj SEPart Part)/K[0](3778 0 obj SESect Sect)/K[1](3781 0 obj SETOC TOC)/K[1](3792 0 obj SEP P)/K[14](3808 0 obj SETOCI TOCI)], locationContext=null, errorMessage=null], 
TestAssertion [ruleId=RuleId [specification=ISO 14289-1:2014, clause=7.2, testNumber=26], status=failed,
message=TOCI element should be contained in TOC element,
location=Location [level=CosDocument, context=root/document[0]/StructTreeRoot[0](3728 0 obj PDStructTreeRoot)/K[0](3730 0 obj SEDocument Document)/K[1](3745 0 obj SEPart Part)/K[0](3778 0 obj SESect Sect)/K[1](3781 0 obj SETOC TOC)/K[1](3792 0 obj SEP P)/K[15](3809 0 obj SETOCI TOCI)], locationContext=null, errorMessage=null], 
TestAssertion [ruleId=RuleId [specification=ISO 14289-1:2014, clause=7.2, testNumber=26], status=failed,
message=TOCI element should be contained in TOC element,
location=Location [level=CosDocument, context=root/document[0]/StructTreeRoot[0](3728 0 obj PDStructTreeRoot)/K[0](3730 0 obj SEDocument Document)/K[1](3745 0 obj SEPart Part)/K[0](3778 0 obj SESect Sect)/K[1](3781 0 obj SETOC TOC)/K[1](3792 0 obj SEP P)/K[16](3810 0 obj SETOCI TOCI)], locationContext=null, errorMessage=null], 
TestAssertion [ruleId=RuleId [specification=ISO 14289-1:2014, clause=7.2, testNumber=26], status=failed,
message=TOCI element should be contained in TOC element,
location=Location [level=CosDocument, context=root/document[0]/StructTreeRoot[0](3728 0 obj PDStructTreeRoot)/K[0](3730 0 obj SEDocument Document)/K[1](3745 0 obj SEPart Part)/K[0](3778 0 obj SESect Sect)/K[1](3781 0 obj SETOC TOC)/K[1](3792 0 obj SEP P)/K[17](3811 0 obj SETOCI TOCI)], locationContext=null, errorMessage=null], 
TestAssertion [ruleId=RuleId [specification=ISO 14289-1:2014, clause=7.2, testNumber=26], status=failed,
message=TOCI element should be contained in TOC element,
location=Location [level=CosDocument, context=root/document[0]/StructTreeRoot[0](3728 0 obj PDStructTreeRoot)/K[0](3730 0 obj SEDocument Document)/K[1](3745 0 obj SEPart Part)/K[0](3778 0 obj SESect Sect)/K[1](3781 0 obj SETOC TOC)/K[1](3792 0 obj SEP P)/K[18](3812 0 obj SETOCI TOCI)], locationContext=null, errorMessage=null], 
TestAssertion [ruleId=RuleId [specification=ISO 14289-1:2014, clause=7.2, testNumber=26], status=failed,
message=TOCI element should be contained in TOC element,
location=Location [level=CosDocument, context=root/document[0]/StructTreeRoot[0](3728 0 obj PDStructTreeRoot)/K[0](3730 0 obj SEDocument Document)/K[1](3745 0 obj SEPart Part)/K[0](3778 0 obj SESect Sect)/K[1](3781 0 obj SETOC TOC)/K[1](3792 0 obj SEP P)/K[19](3813 0 obj SETOCI TOCI)], locationContext=null, errorMessage=null], 
TestAssertion [ruleId=RuleId [specification=ISO 14289-1:2014, clause=7.2, testNumber=26], status=failed,
message=TOCI element should be contained in TOC element,
location=Location [level=CosDocument, context=root/document[0]/StructTreeRoot[0](3728 0 obj PDStructTreeRoot)/K[0](3730 0 obj SEDocument Document)/K[1](3745 0 obj SEPart Part)/K[0](3778 0 obj SESect Sect)/K[1](3781 0 obj SETOC TOC)/K[1](3792 0 obj SEP P)/K[20](3814 0 obj SETOCI TOCI)], locationContext=null, errorMessage=null], 
TestAssertion [ruleId=RuleId [specification=ISO 14289-1:2014, clause=7.2, testNumber=26], status=failed,
message=TOCI element should be contained in TOC element,
location=Location [level=CosDocument, context=root/document[0]/StructTreeRoot[0](3728 0 obj PDStructTreeRoot)/K[0](3730 0 obj SEDocument Document)/K[1](3745 0 obj SEPart Part)/K[0](3778 0 obj SESect Sect)/K[1](3781 0 obj SETOC TOC)/K[1](3792 0 obj SEP P)/K[21](3815 0 obj SETOCI TOCI)], locationContext=null, errorMessage=null], 
TestAssertion [ruleId=RuleId [specification=ISO 14289-1:2014, clause=7.2, testNumber=26], status=failed,
message=TOCI element should be contained in TOC element,
location=Location [level=CosDocument, context=root/document[0]/StructTreeRoot[0](3728 0 obj PDStructTreeRoot)/K[0](3730 0 obj SEDocument Document)/K[1](3745 0 obj SEPart Part)/K[0](3778 0 obj SESect Sect)/K[1](3781 0 obj SETOC TOC)/K[1](3792 0 obj SEP P)/K[22](3816 0 obj SETOCI TOCI)], locationContext=null, errorMessage=null], 
TestAssertion [ruleId=RuleId [specification=ISO 14289-1:2014, clause=7.2, testNumber=26], status=failed,
message=TOCI element should be contained in TOC element,
location=Location [level=CosDocument, context=root/document[0]/StructTreeRoot[0](3728 0 obj PDStructTreeRoot)/K[0](3730 0 obj SEDocument Document)/K[1](3745 0 obj SEPart Part)/K[0](3778 0 obj SESect Sect)/K[1](3781 0 obj SETOC TOC)/K[1](3792 0 obj SEP P)/K[23](3817 0 obj SETOCI TOCI)], locationContext=null, errorMessage=null], 
TestAssertion [ruleId=RuleId [specification=ISO 14289-1:2014, clause=7.2, testNumber=26], status=failed,
message=TOCI element should be contained in TOC element,
location=Location [level=CosDocument, context=root/document[0]/StructTreeRoot[0](3728 0 obj PDStructTreeRoot)/K[0](3730 0 obj SEDocument Document)/K[1](3745 0 obj SEPart Part)/K[0](3778 0 obj SESect Sect)/K[1](3781 0 obj SETOC TOC)/K[1](3792 0 obj SEP P)/K[24](3818 0 obj SETOCI TOCI)], locationContext=null, errorMessage=null], 
TestAssertion [ruleId=RuleId [specification=ISO 14289-1:2014, clause=7.2, testNumber=26], status=failed,
message=TOCI element should be contained in TOC element,
location=Location [level=CosDocument, context=root/document[0]/StructTreeRoot[0](3728 0 obj PDStructTreeRoot)/K[0](3730 0 obj SEDocument Document)/K[1](3745 0 obj SEPart Part)/K[0](3778 0 obj SESect Sect)/K[1](3781 0 obj SETOC TOC)/K[1](3792 0 obj SEP P)/K[25](3819 0 obj SETOCI TOCI)], locationContext=null, errorMessage=null], 
TestAssertion [ruleId=RuleId [specification=ISO 14289-1:2014, clause=7.2, testNumber=26], status=failed,
message=TOCI element should be contained in TOC element,
location=Location [level=CosDocument, context=root/document[0]/StructTreeRoot[0](3728 0 obj PDStructTreeRoot)/K[0](3730 0 obj SEDocument Document)/K[1](3745 0 obj SEPart Part)/K[0](3778 0 obj SESect Sect)/K[1](3781 0 obj SETOC TOC)/K[1](3792 0 obj SEP P)/K[26](3820 0 obj SETOCI TOCI)], locationContext=null, errorMessage=null], 
TestAssertion [ruleId=RuleId [specification=ISO 14289-1:2014, clause=7.2, testNumber=26], status=failed,
message=TOCI element should be contained in TOC element,
location=Location [level=CosDocument, context=root/document[0]/StructTreeRoot[0](3728 0 obj PDStructTreeRoot)/K[0](3730 0 obj SEDocument Document)/K[1](3745 0 obj SEPart Part)/K[0](3778 0 obj SESect Sect)/K[1](3781 0 obj SETOC TOC)/K[1](3792 0 obj SEP P)/K[27](3821 0 obj SETOCI TOCI)], locationContext=null, errorMessage=null], 
TestAssertion [ruleId=RuleId [specification=ISO 14289-1:2014, clause=7.2, testNumber=26], status=failed,
message=TOCI element should be contained in TOC element,
location=Location [level=CosDocument, context=root/document[0]/StructTreeRoot[0](3728 0 obj PDStructTreeRoot)/K[0](3730 0 obj SEDocument Document)/K[1](3745 0 obj SEPart Part)/K[0](3778 0 obj SESect Sect)/K[1](3781 0 obj SETOC TOC)/K[1](3792 0 obj SEP P)/K[28](3822 0 obj SETOCI TOCI)], locationContext=null, errorMessage=null], 
TestAssertion [ruleId=RuleId [specification=ISO 14289-1:2014, clause=7.2, testNumber=26], status=failed,
message=TOCI element should be contained in TOC element,
location=Location [level=CosDocument, context=root/document[0]/StructTreeRoot[0](3728 0 obj PDStructTreeRoot)/K[0](3730 0 obj SEDocument Document)/K[1](3745 0 obj SEPart Part)/K[0](3778 0 obj SESect Sect)/K[1](3781 0 obj SETOC TOC)/K[1](3792 0 obj SEP P)/K[29](3823 0 obj SETOCI TOCI)], locationContext=null, errorMessage=null], 
TestAssertion [ruleId=RuleId [specification=ISO 14289-1:2014, clause=7.2, testNumber=26], status=failed,
message=TOCI element should be contained in TOC element,
location=Location [level=CosDocument, context=root/document[0]/StructTreeRoot[0](3728 0 obj PDStructTreeRoot)/K[0](3730 0 obj SEDocument Document)/K[1](3745 0 obj SEPart Part)/K[0](3778 0 obj SESect Sect)/K[1](3781 0 obj SETOC TOC)/K[1](3792 0 obj SEP P)/K[30](3824 0 obj SETOCI TOCI)], locationContext=null, errorMessage=null], 
TestAssertion [ruleId=RuleId [specification=ISO 14289-1:2014, clause=7.2, testNumber=26], status=failed,
message=TOCI element should be contained in TOC element,
location=Location [level=CosDocument, context=root/document[0]/StructTreeRoot[0](3728 0 obj PDStructTreeRoot)/K[0](3730 0 obj SEDocument Document)/K[1](3745 0 obj SEPart Part)/K[0](3778 0 obj SESect Sect)/K[1](3781 0 obj SETOC TOC)/K[1](3792 0 obj SEP P)/K[31](3825 0 obj SETOCI TOCI)], locationContext=null, errorMessage=null], 
TestAssertion [ruleId=RuleId [specification=ISO 14289-1:2014, clause=7.2, testNumber=26], status=failed,
message=TOCI element should be contained in TOC element,
location=Location [level=CosDocument, context=root/document[0]/StructTreeRoot[0](3728 0 obj PDStructTreeRoot)/K[0](3730 0 obj SEDocument Document)/K[1](3745 0 obj SEPart Part)/K[0](3778 0 obj SESect Sect)/K[1](3781 0 obj SETOC TOC)/K[1](3792 0 obj SEP P)/K[32](3826 0 obj SETOCI TOCI)], locationContext=null, errorMessage=null], 
TestAssertion [ruleId=RuleId [specification=ISO 14289-1:2014, clause=7.2, testNumber=26], status=failed,
message=TOCI element should be contained in TOC element,
location=Location [level=CosDocument, context=root/document[0]/StructTreeRoot[0](3728 0 obj PDStructTreeRoot)/K[0](3730 0 obj SEDocument Document)/K[1](3745 0 obj SEPart Part)/K[0](3778 0 obj SESect Sect)/K[1](3781 0 obj SETOC TOC)/K[1](3792 0 obj SEP P)/K[33](3827 0 obj SETOCI TOCI)], locationContext=null, errorMessage=null], 
TestAssertion [ruleId=RuleId [specification=ISO 14289-1:2014, clause=7.2, testNumber=26], status=failed,
message=TOCI element should be contained in TOC element,
location=Location [level=CosDocument, context=root/document[0]/StructTreeRoot[0](3728 0 obj PDStructTreeRoot)/K[0](3730 0 obj SEDocument Document)/K[1](3745 0 obj SEPart Part)/K[0](3778 0 obj SESect Sect)/K[1](3781 0 obj SETOC TOC)/K[1](3792 0 obj SEP P)/K[34](3828 0 obj SETOCI TOCI)], locationContext=null, errorMessage=null], 
TestAssertion [ruleId=RuleId [specification=ISO 14289-1:2014, clause=7.2, testNumber=26], status=failed,
message=TOCI element should be contained in TOC element,
location=Location [level=CosDocument, context=root/document[0]/StructTreeRoot[0](3728 0 obj PDStructTreeRoot)/K[0](3730 0 obj SEDocument Document)/K[1](3745 0 obj SEPart Part)/K[0](3778 0 obj SESect Sect)/K[1](3781 0 obj SETOC TOC)/K[1](3792 0 obj SEP P)/K[35](3829 0 obj SETOCI TOCI)], locationContext=null, errorMessage=null], 
TestAssertion [ruleId=RuleId [specification=ISO 14289-1:2014, clause=7.2, testNumber=26], status=failed,
message=TOCI element should be contained in TOC element,
location=Location [level=CosDocument, context=root/document[0]/StructTreeRoot[0](3728 0 obj PDStructTreeRoot)/K[0](3730 0 obj SEDocument Document)/K[1](3745 0 obj SEPart Part)/K[0](3778 0 obj SESect Sect)/K[1](3781 0 obj SETOC TOC)/K[1](3792 0 obj SEP P)/K[36](3830 0 obj SETOCI TOCI)], locationContext=null, errorMessage=null], 
TestAssertion [ruleId=RuleId [specification=ISO 14289-1:2014, clause=7.2, testNumber=26], status=failed,
message=TOCI element should be contained in TOC element,
location=Location [level=CosDocument, context=root/document[0]/StructTreeRoot[0](3728 0 obj PDStructTreeRoot)/K[0](3730 0 obj SEDocument Document)/K[1](3745 0 obj SEPart Part)/K[0](3778 0 obj SESect Sect)/K[1](3781 0 obj SETOC TOC)/K[1](3792 0 obj SEP P)/K[37](3831 0 obj SETOCI TOCI)], locationContext=null, errorMessage=null], 
TestAssertion [ruleId=RuleId [specification=ISO 14289-1:2014, clause=7.2, testNumber=26], status=failed,
message=TOCI element should be contained in TOC element,
location=Location [level=CosDocument, context=root/document[0]/StructTreeRoot[0](3728 0 obj PDStructTreeRoot)/K[0](3730 0 obj SEDocument Document)/K[1](3745 0 obj SEPart Part)/K[0](3778 0 obj SESect Sect)/K[1](3781 0 obj SETOC TOC)/K[1](3792 0 obj SEP P)/K[38](3832 0 obj SETOCI TOCI)], locationContext=null, errorMessage=null], 
TestAssertion [ruleId=RuleId [specification=ISO 14289-1:2014, clause=7.2, testNumber=26], status=failed,
message=TOCI element should be contained in TOC element,
location=Location [level=CosDocument, context=root/document[0]/StructTreeRoot[0](3728 0 obj PDStructTreeRoot)/K[0](3730 0 obj SEDocument Document)/K[1](3745 0 obj SEPart Part)/K[0](3778 0 obj SESect Sect)/K[1](3781 0 obj SETOC TOC)/K[1](3792 0 obj SEP P)/K[39](3833 0 obj SETOCI TOCI)], locationContext=null, errorMessage=null], 
TestAssertion [ruleId=RuleId [specification=ISO 14289-1:2014, clause=7.2, testNumber=26], status=failed,
message=TOCI element should be contained in TOC element,
location=Location [level=CosDocument, context=root/document[0]/StructTreeRoot[0](3728 0 obj PDStructTreeRoot)/K[0](3730 0 obj SEDocument Document)/K[1](3745 0 obj SEPart Part)/K[0](3778 0 obj SESect Sect)/K[1](3781 0 obj SETOC TOC)/K[1](3792 0 obj SEP P)/K[40](3834 0 obj SETOCI TOCI)], locationContext=null, errorMessage=null], 
TestAssertion [ruleId=RuleId [specification=ISO 14289-1:2014, clause=7.2, testNumber=26], status=failed,
message=TOCI element should be contained in TOC element,
location=Location [level=CosDocument, context=root/document[0]/StructTreeRoot[0](3728 0 obj PDStructTreeRoot)/K[0](3730 0 obj SEDocument Document)/K[1](3745 0 obj SEPart Part)/K[0](3778 0 obj SESect Sect)/K[1](3781 0 obj SETOC TOC)/K[1](3792 0 obj SEP P)/K[41](3835 0 obj SETOCI TOCI)], locationContext=null, errorMessage=null], 
TestAssertion [ruleId=RuleId [specification=ISO 14289-1:2014, clause=7.2, testNumber=26], status=failed,
message=TOCI element should be contained in TOC element,
location=Location [level=CosDocument, context=root/document[0]/StructTreeRoot[0](3728 0 obj PDStructTreeRoot)/K[0](3730 0 obj SEDocument Document)/K[1](3745 0 obj SEPart Part)/K[0](3778 0 obj SESect Sect)/K[1](3781 0 obj SETOC TOC)/K[1](3792 0 obj SEP P)/K[42](3836 0 obj SETOCI TOCI)], locationContext=null, errorMessage=null], 
TestAssertion [ruleId=RuleId [specification=ISO 14289-1:2014, clause=7.2, testNumber=26], status=failed,
message=TOCI element should be contained in TOC element,
location=Location [level=CosDocument, context=root/document[0]/StructTreeRoot[0](3728 0 obj PDStructTreeRoot)/K[0](3730 0 obj SEDocument Document)/K[1](3745 0 obj SEPart Part)/K[0](3778 0 obj SESect Sect)/K[1](3781 0 obj SETOC TOC)/K[1](3792 0 obj SEP P)/K[43](3837 0 obj SETOCI TOCI)], locationContext=null, errorMessage=null], 
TestAssertion [ruleId=RuleId [specification=ISO 14289-1:2014, clause=7.2, testNumber=26], status=failed,
message=TOCI element should be contained in TOC element,
location=Location [level=CosDocument, context=root/document[0]/StructTreeRoot[0](3728 0 obj PDStructTreeRoot)/K[0](3730 0 obj SEDocument Document)/K[1](3745 0 obj SEPart Part)/K[0](3778 0 obj SESect Sect)/K[1](3781 0 obj SETOC TOC)/K[1](3792 0 obj SEP P)/K[44](3838 0 obj SETOCI TOCI)], locationContext=null, errorMessage=null], 
TestAssertion [ruleId=RuleId [specification=ISO 14289-1:2014, clause=7.2, testNumber=26], status=failed,
message=TOCI element should be contained in TOC element,
location=Location [level=CosDocument, context=root/document[0]/StructTreeRoot[0](3728 0 obj PDStructTreeRoot)/K[0](3730 0 obj SEDocument Document)/K[1](3745 0 obj SEPart Part)/K[0](3778 0 obj SESect Sect)/K[1](3781 0 obj SETOC TOC)/K[1](3792 0 obj SEP P)/K[45](3839 0 obj SETOCI TOCI)], locationContext=null, errorMessage=null], 
TestAssertion [ruleId=RuleId [specification=ISO 14289-1:2014, clause=7.2, testNumber=26], status=failed,
message=TOCI element should be contained in TOC element,
location=Location [level=CosDocument, context=root/document[0]/StructTreeRoot[0](3728 0 obj PDStructTreeRoot)/K[0](3730 0 obj SEDocument Document)/K[1](3745 0 obj SEPart Part)/K[0](3778 0 obj SESect Sect)/K[1](3781 0 obj SETOC TOC)/K[1](3792 0 obj SEP P)/K[46](3840 0 obj SETOCI TOCI)], locationContext=null, errorMessage=null], 
TestAssertion [ruleId=RuleId [specification=ISO 14289-1:2014, clause=7.2, testNumber=26], status=failed,
message=TOCI element should be contained in TOC element,
location=Location [level=CosDocument, context=root/document[0]/StructTreeRoot[0](3728 0 obj PDStructTreeRoot)/K[0](3730 0 obj SEDocument Document)/K[1](3745 0 obj SEPart Part)/K[0](3778 0 obj SESect Sect)/K[1](3781 0 obj SETOC TOC)/K[1](3792 0 obj SEP P)/K[47](3841 0 obj SETOCI TOCI)], locationContext=null, errorMessage=null], 
TestAssertion [ruleId=RuleId [specification=ISO 14289-1:2014, clause=7.2, testNumber=26], status=failed,
message=TOCI element should be contained in TOC element,
location=Location [level=CosDocument, context=root/document[0]/StructTreeRoot[0](3728 0 obj PDStructTreeRoot)/K[0](3730 0 obj SEDocument Document)/K[1](3745 0 obj SEPart Part)/K[0](3778 0 obj SESect Sect)/K[1](3781 0 obj SETOC TOC)/K[1](3792 0 obj SEP P)/K[48](3842 0 obj SETOCI TOCI)], locationContext=null, errorMessage=null], 
TestAssertion [ruleId=RuleId [specification=ISO 14289-1:2014, clause=7.2, testNumber=26], status=failed,
message=TOCI element should be contained in TOC element,
location=Location [level=CosDocument, context=root/document[0]/StructTreeRoot[0](3728 0 obj PDStructTreeRoot)/K[0](3730 0 obj SEDocument Document)/K[1](3745 0 obj SEPart Part)/K[0](3778 0 obj SESect Sect)/K[1](3781 0 obj SETOC TOC)/K[1](3792 0 obj SEP P)/K[49](3843 0 obj SETOCI TOCI)], locationContext=null, errorMessage=null], 
TestAssertion [ruleId=RuleId [specification=ISO 14289-1:2014, clause=7.2, testNumber=26], status=failed,
message=TOCI element should be contained in TOC element,
location=Location [level=CosDocument, context=root/document[0]/StructTreeRoot[0](3728 0 obj PDStructTreeRoot)/K[0](3730 0 obj SEDocument Document)/K[1](3745 0 obj SEPart Part)/K[0](3778 0 obj SESect Sect)/K[1](3781 0 obj SETOC TOC)/K[1](3792 0 obj SEP P)/K[50](3844 0 obj SETOCI TOCI)], locationContext=null, errorMessage=null], 
TestAssertion [ruleId=RuleId [specification=ISO 14289-1:2014, clause=7.2, testNumber=26], status=failed,
message=TOCI element should be contained in TOC element,
location=Location [level=CosDocument, context=root/document[0]/StructTreeRoot[0](3728 0 obj PDStructTreeRoot)/K[0](3730 0 obj SEDocument Document)/K[1](3745 0 obj SEPart Part)/K[0](3778 0 obj SESect Sect)/K[1](3781 0 obj SETOC TOC)/K[1](3792 0 obj SEP P)/K[51](3845 0 obj SETOCI TOCI)], locationContext=null, errorMessage=null], 
TestAssertion [ruleId=RuleId [specification=ISO 14289-1:2014, clause=7.2, testNumber=26], status=failed,
message=TOCI element should be contained in TOC element,
location=Location [level=CosDocument, context=root/document[0]/StructTreeRoot[0](3728 0 obj PDStructTreeRoot)/K[0](3730 0 obj SEDocument Document)/K[1](3745 0 obj SEPart Part)/K[0](3778 0 obj SESect Sect)/K[1](3781 0 obj SETOC TOC)/K[1](3792 0 obj SEP P)/K[52](3846 0 obj SETOCI TOCI)], locationContext=null, errorMessage=null], 
TestAssertion [ruleId=RuleId [specification=ISO 14289-1:2014, clause=7.2, testNumber=26], status=failed,
message=TOCI element should be contained in TOC element,
location=Location [level=CosDocument, context=root/document[0]/StructTreeRoot[0](3728 0 obj PDStructTreeRoot)/K[0](3730 0 obj SEDocument Document)/K[1](3745 0 obj SEPart Part)/K[0](3778 0 obj SESect Sect)/K[1](3781 0 obj SETOC TOC)/K[1](3792 0 obj SEP P)/K[53](3847 0 obj SETOCI TOCI)], locationContext=null, errorMessage=null], 
TestAssertion [ruleId=RuleId [specification=ISO 14289-1:2014, clause=7.2, testNumber=26], status=failed,
message=TOCI element should be contained in TOC element,
location=Location [level=CosDocument, context=root/document[0]/StructTreeRoot[0](3728 0 obj PDStructTreeRoot)/K[0](3730 0 obj SEDocument Document)/K[1](3745 0 obj SEPart Part)/K[0](3778 0 obj SESect Sect)/K[1](3781 0 obj SETOC TOC)/K[1](3792 0 obj SEP P)/K[54](3848 0 obj SETOCI TOCI)], locationContext=null, errorMessage=null], 
TestAssertion [ruleId=RuleId [specification=ISO 14289-1:2014, clause=7.2, testNumber=26], status=failed,
message=TOCI element should be contained in TOC element,
location=Location [level=CosDocument, context=root/document[0]/StructTreeRoot[0](3728 0 obj PDStructTreeRoot)/K[0](3730 0 obj SEDocument Document)/K[1](3745 0 obj SEPart Part)/K[0](3778 0 obj SESect Sect)/K[1](3781 0 obj SETOC TOC)/K[1](3792 0 obj SEP P)/K[55](3849 0 obj SETOCI TOCI)], locationContext=null, errorMessage=null], 
TestAssertion [ruleId=RuleId [specification=ISO 14289-1:2014, clause=7.2, testNumber=26], status=failed,
message=TOCI element should be contained in TOC element,
location=Location [level=CosDocument, context=root/document[0]/StructTreeRoot[0](3728 0 obj PDStructTreeRoot)/K[0](3730 0 obj SEDocument Document)/K[1](3745 0 obj SEPart Part)/K[0](3778 0 obj SESect Sect)/K[1](3781 0 obj SETOC TOC)/K[1](3792 0 obj SEP P)/K[56](3850 0 obj SETOCI TOCI)], locationContext=null, errorMessage=null], 
TestAssertion [ruleId=RuleId [specification=ISO 14289-1:2014, clause=7.2, testNumber=26], status=failed,
message=TOCI element should be contained in TOC element,
location=Location [level=CosDocument, context=root/document[0]/StructTreeRoot[0](3728 0 obj PDStructTreeRoot)/K[0](3730 0 obj SEDocument Document)/K[1](3745 0 obj SEPart Part)/K[0](3778 0 obj SESect Sect)/K[1](3781 0 obj SETOC TOC)/K[1](3792 0 obj SEP P)/K[57](3851 0 obj SETOCI TOCI)], locationContext=null, errorMessage=null], 
TestAssertion [ruleId=RuleId [specification=ISO 14289-1:2014, clause=7.2, testNumber=26], status=failed,
message=TOCI element should be contained in TOC element,
location=Location [level=CosDocument, context=root/document[0]/StructTreeRoot[0](3728 0 obj PDStructTreeRoot)/K[0](3730 0 obj SEDocument Document)/K[1](3745 0 obj SEPart Part)/K[0](3778 0 obj SESect Sect)/K[1](3781 0 obj SETOC TOC)/K[1](3792 0 obj SEP P)/K[58](3852 0 obj SETOCI TOCI)], locationContext=null, errorMessage=null], 
TestAssertion [ruleId=RuleId [specification=ISO 14289-1:2014, clause=7.2, testNumber=26], status=failed,
message=TOCI element should be contained in TOC element,
location=Location [level=CosDocument, context=root/document[0]/StructTreeRoot[0](3728 0 obj PDStructTreeRoot)/K[0](3730 0 obj SEDocument Document)/K[1](3745 0 obj SEPart Part)/K[0](3778 0 obj SESect Sect)/K[1](3781 0 obj SETOC TOC)/K[1](3792 0 obj SEP P)/K[59](3853 0 obj SETOCI TOCI)], locationContext=null, errorMessage=null], 
TestAssertion [ruleId=RuleId [specification=ISO 14289-1:2014, clause=7.2, testNumber=26], status=failed,
message=TOCI element should be contained in TOC element,
location=Location [level=CosDocument, context=root/document[0]/StructTreeRoot[0](3728 0 obj PDStructTreeRoot)/K[0](3730 0 obj SEDocument Document)/K[1](3745 0 obj SEPart Part)/K[0](3778 0 obj SESect Sect)/K[1](3781 0 obj SETOC TOC)/K[1](3792 0 obj SEP P)/K[60](3854 0 obj SETOCI TOCI)], locationContext=null, errorMessage=null], 
TestAssertion [ruleId=RuleId [specification=ISO 14289-1:2014, clause=7.2, testNumber=26], status=failed,
message=TOCI element should be contained in TOC element,
location=Location [level=CosDocument, context=root/document[0]/StructTreeRoot[0](3728 0 obj PDStructTreeRoot)/K[0](3730 0 obj SEDocument Document)/K[1](3745 0 obj SEPart Part)/K[0](3778 0 obj SESect Sect)/K[1](3781 0 obj SETOC TOC)/K[1](3792 0 obj SEP P)/K[61](3855 0 obj SETOCI TOCI)], locationContext=null, errorMessage=null], 
TestAssertion [ruleId=RuleId [specification=ISO 14289-1:2014, clause=7.2, testNumber=26], status=failed,
message=TOCI element should be contained in TOC element,
location=Location [level=CosDocument, context=root/document[0]/StructTreeRoot[0](3728 0 obj PDStructTreeRoot)/K[0](3730 0 obj SEDocument Document)/K[1](3745 0 obj SEPart Part)/K[0](3778 0 obj SESect Sect)/K[1](3781 0 obj SETOC TOC)/K[1](3792 0 obj SEP P)/K[62](3856 0 obj SETOCI TOCI)], locationContext=null, errorMessage=null], 
TestAssertion [ruleId=RuleId [specification=ISO 14289-1:2014, clause=7.2, testNumber=26], status=failed,
message=TOCI element should be contained in TOC element,
location=Location [level=CosDocument, context=root/document[0]/StructTreeRoot[0](3728 0 obj PDStructTreeRoot)/K[0](3730 0 obj SEDocument Document)/K[1](3745 0 obj SEPart Part)/K[0](3778 0 obj SESect Sect)/K[1](3781 0 obj SETOC TOC)/K[1](3792 0 obj SEP P)/K[63](3857 0 obj SETOCI TOCI)], locationContext=null, errorMessage=null], 
TestAssertion [ruleId=RuleId [specification=ISO 14289-1:2014, clause=7.2, testNumber=26], status=failed,
message=TOCI element should be contained in TOC element,
location=Location [level=CosDocument, context=root/document[0]/StructTreeRoot[0](3728 0 obj PDStructTreeRoot)/K[0](3730 0 obj SEDocument Document)/K[1](3745 0 obj SEPart Part)/K[0](3778 0 obj SESect Sect)/K[1](3781 0 obj SETOC TOC)/K[1](3792 0 obj SEP P)/K[64](3858 0 obj SETOCI TOCI)], locationContext=null, errorMessage=null], 
TestAssertion [ruleId=RuleId [specification=ISO 14289-1:2014, clause=7.2, testNumber=26], status=failed,
message=TOCI element should be contained in TOC element,
location=Location [level=CosDocument, context=root/document[0]/StructTreeRoot[0](3728 0 obj PDStructTreeRoot)/K[0](3730 0 obj SEDocument Document)/K[1](3745 0 obj SEPart Part)/K[0](3778 0 obj SESect Sect)/K[1](3781 0 obj SETOC TOC)/K[1](3792 0 obj SEP P)/K[65](3859 0 obj SETOCI TOCI)], locationContext=null, errorMessage=null], 
TestAssertion [ruleId=RuleId [specification=ISO 14289-1:2014, clause=7.2, testNumber=26], status=failed,
message=TOCI element should be contained in TOC element,
location=Location [level=CosDocument, context=root/document[0]/StructTreeRoot[0](3728 0 obj PDStructTreeRoot)/K[0](3730 0 obj SEDocument Document)/K[1](3745 0 obj SEPart Part)/K[0](3778 0 obj SESect Sect)/K[1](3781 0 obj SETOC TOC)/K[1](3792 0 obj SEP P)/K[66](3860 0 obj SETOCI TOCI)], locationContext=null, errorMessage=null], 
TestAssertion [ruleId=RuleId [specification=ISO 14289-1:2014, clause=7.2, testNumber=26], status=failed,
message=TOCI element should be contained in TOC element,
location=Location [level=CosDocument, context=root/document[0]/StructTreeRoot[0](3728 0 obj PDStructTreeRoot)/K[0](3730 0 obj SEDocument Document)/K[1](3745 0 obj SEPart Part)/K[0](3778 0 obj SESect Sect)/K[1](3781 0 obj SETOC TOC)/K[1](3792 0 obj SEP P)/K[67](3861 0 obj SETOCI TOCI)], locationContext=null, errorMessage=null], 
TestAssertion [ruleId=RuleId [specification=ISO 14289-1:2014, clause=7.2, testNumber=26], status=failed,
message=TOCI element should be contained in TOC element,
location=Location [level=CosDocument, context=root/document[0]/StructTreeRoot[0](3728 0 obj PDStructTreeRoot)/K[0](3730 0 obj SEDocument Document)/K[1](3745 0 obj SEPart Part)/K[0](3778 0 obj SESect Sect)/K[1](3781 0 obj SETOC TOC)/K[1](3792 0 obj SEP P)/K[68](3862 0 obj SETOCI TOCI)], locationContext=null, errorMessage=null], 
TestAssertion [ruleId=RuleId [specification=ISO 14289-1:2014, clause=7.2, testNumber=26], status=failed,
message=TOCI element should be contained in TOC element,
location=Location [level=CosDocument, context=root/document[0]/StructTreeRoot[0](3728 0 obj PDStructTreeRoot)/K[0](3730 0 obj SEDocument Document)/K[1](3745 0 obj SEPart Part)/K[0](3778 0 obj SESect Sect)/K[1](3781 0 obj SETOC TOC)/K[1](3792 0 obj SEP P)/K[69](3863 0 obj SETOCI TOCI)], locationContext=null, errorMessage=null], 
TestAssertion [ruleId=RuleId [specification=ISO 14289-1:2014, clause=7.2, testNumber=26], status=failed,
message=TOCI element should be contained in TOC element,
location=Location [level=CosDocument, context=root/document[0]/StructTreeRoot[0](3728 0 obj PDStructTreeRoot)/K[0](3730 0 obj SEDocument Document)/K[1](3745 0 obj SEPart Part)/K[0](3778 0 obj SESect Sect)/K[1](3781 0 obj SETOC TOC)/K[1](3792 0 obj SEP P)/K[70](3864 0 obj SETOCI TOCI)], locationContext=null, errorMessage=null], 
TestAssertion [ruleId=RuleId [specification=ISO 14289-1:2014, clause=7.2, testNumber=26], status=failed,
message=TOCI element should be contained in TOC element,
location=Location [level=CosDocument, context=root/document[0]/StructTreeRoot[0](3728 0 obj PDStructTreeRoot)/K[0](3730 0 obj SEDocument Document)/K[1](3745 0 obj SEPart Part)/K[0](3778 0 obj SESect Sect)/K[1](3781 0 obj SETOC TOC)/K[1](3792 0 obj SEP P)/K[71](3865 0 obj SETOCI TOCI)], locationContext=null, errorMessage=null], 
TestAssertion [ruleId=RuleId [specification=ISO 14289-1:2014, clause=7.2, testNumber=26], status=failed,
message=TOCI element should be contained in TOC element,
location=Location [level=CosDocument, context=root/document[0]/StructTreeRoot[0](3728 0 obj PDStructTreeRoot)/K[0](3730 0 obj SEDocument Document)/K[1](3745 0 obj SEPart Part)/K[0](3778 0 obj SESect Sect)/K[1](3781 0 obj SETOC TOC)/K[1](3792 0 obj SEP P)/K[72](3866 0 obj SETOCI TOCI)], locationContext=null, errorMessage=null], 
TestAssertion [ruleId=RuleId [specification=ISO 14289-1:2014, clause=7.2, testNumber=26], status=failed,
message=TOCI element should be contained in TOC element,
location=Location [level=CosDocument, context=root/document[0]/StructTreeRoot[0](3728 0 obj PDStructTreeRoot)/K[0](3730 0 obj SEDocument Document)/K[1](3745 0 obj SEPart Part)/K[0](3778 0 obj SESect Sect)/K[1](3781 0 obj SETOC TOC)/K[1](3792 0 obj SEP P)/K[73](3867 0 obj SETOCI TOCI)], locationContext=null, errorMessage=null], 
TestAssertion [ruleId=RuleId [specification=ISO 14289-1:2014, clause=7.2, testNumber=26], status=failed,
message=TOCI element should be contained in TOC element,
location=Location [level=CosDocument, context=root/document[0]/StructTreeRoot[0](3728 0 obj PDStructTreeRoot)/K[0](3730 0 obj SEDocument Document)/K[1](3745 0 obj SEPart Part)/K[0](3778 0 obj SESect Sect)/K[1](3781 0 obj SETOC TOC)/K[1](3792 0 obj SEP P)/K[74](3868 0 obj SETOCI TOCI)], locationContext=null, errorMessage=null], 
TestAssertion [ruleId=RuleId [specification=ISO 14289-1:2014, clause=7.2, testNumber=26], status=failed,
message=TOCI element should be contained in TOC element,
location=Location [level=CosDocument, context=root/document[0]/StructTreeRoot[0](3728 0 obj PDStructTreeRoot)/K[0](3730 0 obj SEDocument Document)/K[1](3745 0 obj SEPart Part)/K[0](3778 0 obj SESect Sect)/K[1](3781 0 obj SETOC TOC)/K[1](3792 0 obj SEP P)/K[75](3869 0 obj SETOCI TOCI)], locationContext=null, errorMessage=null], 
TestAssertion [ruleId=RuleId [specification=ISO 14289-1:2014, clause=7.2, testNumber=26], status=failed,
message=TOCI element should be contained in TOC element,
location=Location [level=CosDocument, context=root/document[0]/StructTreeRoot[0](3728 0 obj PDStructTreeRoot)/K[0](3730 0 obj SEDocument Document)/K[1](3745 0 obj SEPart Part)/K[0](3778 0 obj SESect Sect)/K[1](3781 0 obj SETOC TOC)/K[1](3792 0 obj SEP P)/K[76](3870 0 obj SETOCI TOCI)], locationContext=null, errorMessage=null], 
TestAssertion [ruleId=RuleId [specification=ISO 14289-1:2014, clause=7.2, testNumber=26], status=failed,
message=TOCI element should be contained in TOC element,
location=Location [level=CosDocument, context=root/document[0]/StructTreeRoot[0](3728 0 obj PDStructTreeRoot)/K[0](3730 0 obj SEDocument Document)/K[1](3745 0 obj SEPart Part)/K[0](3778 0 obj SESect Sect)/K[1](3781 0 obj SETOC TOC)/K[1](3792 0 obj SEP P)/K[77](3871 0 obj SETOCI TOCI)], locationContext=null, errorMessage=null], 
TestAssertion [ruleId=RuleId [specification=ISO 14289-1:2014, clause=7.2, testNumber=26], status=failed,
message=TOCI element should be contained in TOC element,
location=Location [level=CosDocument, context=root/document[0]/StructTreeRoot[0](3728 0 obj PDStructTreeRoot)/K[0](3730 0 obj SEDocument Document)/K[1](3745 0 obj SEPart Part)/K[0](3778 0 obj SESect Sect)/K[1](3781 0 obj SETOC TOC)/K[1](3792 0 obj SEP P)/K[78](3872 0 obj SETOCI TOCI)], locationContext=null, errorMessage=null], 
TestAssertion [ruleId=RuleId [specification=ISO 14289-1:2014, clause=7.2, testNumber=26], status=failed,
message=TOCI element should be contained in TOC element,
location=Location [level=CosDocument, context=root/document[0]/StructTreeRoot[0](3728 0 obj PDStructTreeRoot)/K[0](3730 0 obj SEDocument Document)/K[1](3745 0 obj SEPart Part)/K[0](3778 0 obj SESect Sect)/K[1](3781 0 obj SETOC TOC)/K[1](3792 0 obj SEP P)/K[79](3873 0 obj SETOCI TOCI)], locationContext=null, errorMessage=null], 
TestAssertion [ruleId=RuleId [specification=ISO 14289-1:2014, clause=7.2, testNumber=26], status=failed,
message=TOCI element should be contained in TOC element,
location=Location [level=CosDocument, context=root/document[0]/StructTreeRoot[0](3728 0 obj PDStructTreeRoot)/K[0](3730 0 obj SEDocument Document)/K[1](3745 0 obj SEPart Part)/K[0](3778 0 obj SESect Sect)/K[1](3781 0 obj SETOC TOC)/K[1](3792 0 obj SEP P)/K[80](3874 0 obj SETOCI TOCI)], locationContext=null, errorMessage=null], 
TestAssertion [ruleId=RuleId [specification=ISO 14289-1:2014, clause=7.2, testNumber=26], status=failed,
message=TOCI element should be contained in TOC element,
location=Location [level=CosDocument, context=root/document[0]/StructTreeRoot[0](3728 0 obj PDStructTreeRoot)/K[0](3730 0 obj SEDocument Document)/K[1](3745 0 obj SEPart Part)/K[0](3778 0 obj SESect Sect)/K[1](3781 0 obj SETOC TOC)/K[1](3792 0 obj SEP P)/K[81](3875 0 obj SETOCI TOCI)], locationContext=null, errorMessage=null], 
TestAssertion [ruleId=RuleId [specification=ISO 14289-1:2014, clause=7.2, testNumber=26], status=failed,
message=TOCI element should be contained in TOC element,
location=Location [level=CosDocument, context=root/document[0]/StructTreeRoot[0](3728 0 obj PDStructTreeRoot)/K[0](3730 0 obj SEDocument Document)/K[1](3745 0 obj SEPart Part)/K[0](3778 0 obj SESect Sect)/K[1](3781 0 obj SETOC TOC)/K[1](3792 0 obj SEP P)/K[82](3876 0 obj SETOCI TOCI)], locationContext=null, errorMessage=null], 
TestAssertion [ruleId=RuleId [specification=ISO 14289-1:2014, clause=7.2, testNumber=26], status=failed,
message=TOCI element should be contained in TOC element,
location=Location [level=CosDocument, context=root/document[0]/StructTreeRoot[0](3728 0 obj PDStructTreeRoot)/K[0](3730 0 obj SEDocument Document)/K[1](3745 0 obj SEPart Part)/K[0](3778 0 obj SESect Sect)/K[1](3781 0 obj SETOC TOC)/K[1](3792 0 obj SEP P)/K[83](3877 0 obj SETOCI TOCI)], locationContext=null, errorMessage=null], 
TestAssertion [ruleId=RuleId [specification=ISO 14289-1:2014, clause=7.2, testNumber=26], status=failed,
message=TOCI element should be contained in TOC element,
location=Location [level=CosDocument, context=root/document[0]/StructTreeRoot[0](3728 0 obj PDStructTreeRoot)/K[0](3730 0 obj SEDocument Document)/K[1](3745 0 obj SEPart Part)/K[0](3778 0 obj SESect Sect)/K[1](3781 0 obj SETOC TOC)/K[1](3792 0 obj SEP P)/K[84](3878 0 obj SETOCI TOCI)], locationContext=null, errorMessage=null], 
TestAssertion [ruleId=RuleId [specification=ISO 14289-1:2014, clause=7.2, testNumber=26], status=failed,
message=TOCI element should be contained in TOC element,
location=Location [level=CosDocument, context=root/document[0]/StructTreeRoot[0](3728 0 obj PDStructTreeRoot)/K[0](3730 0 obj SEDocument Document)/K[1](3745 0 obj SEPart Part)/K[0](3778 0 obj SESect Sect)/K[1](3781 0 obj SETOC TOC)/K[1](3792 0 obj SEP P)/K[85](3879 0 obj SETOCI TOCI)], locationContext=null, errorMessage=null], 
TestAssertion [ruleId=RuleId [specification=ISO 14289-1:2014, clause=7.2, testNumber=26], status=failed,
message=TOCI element should be contained in TOC element,
location=Location [level=CosDocument, context=root/document[0]/StructTreeRoot[0](3728 0 obj PDStructTreeRoot)/K[0](3730 0 obj SEDocument Document)/K[1](3745 0 obj SEPart Part)/K[0](3778 0 obj SESect Sect)/K[1](3781 0 obj SETOC TOC)/K[1](3792 0 obj SEP P)/K[86](3880 0 obj SETOCI TOCI)], locationContext=null, errorMessage=null], 
TestAssertion [ruleId=RuleId [specification=ISO 14289-1:2014, clause=7.2, testNumber=26], status=failed,
message=TOCI element should be contained in TOC element,
location=Location [level=CosDocument, context=root/document[0]/StructTreeRoot[0](3728 0 obj PDStructTreeRoot)/K[0](3730 0 obj SEDocument Document)/K[1](3745 0 obj SEPart Part)/K[0](3778 0 obj SESect Sect)/K[1](3781 0 obj SETOC TOC)/K[1](3792 0 obj SEP P)/K[87](3881 0 obj SETOCI TOCI)], locationContext=null, errorMessage=null], 
TestAssertion [ruleId=RuleId [specification=ISO 14289-1:2014, clause=7.2, testNumber=26], status=failed,
message=TOCI element should be contained in TOC element,
location=Location [level=CosDocument, context=root/document[0]/StructTreeRoot[0](3728 0 obj PDStructTreeRoot)/K[0](3730 0 obj SEDocument Document)/K[1](3745 0 obj SEPart Part)/K[0](3778 0 obj SESect Sect)/K[1](3781 0 obj SETOC TOC)/K[1](3792 0 obj SEP P)/K[88](3882 0 obj SETOCI TOCI)], locationContext=null, errorMessage=null], 
TestAssertion [ruleId=RuleId [specification=ISO 14289-1:2014, clause=7.2, testNumber=26], status=failed,
message=TOCI element should be contained in TOC element,
location=Location [level=CosDocument, context=root/document[0]/StructTreeRoot[0](3728 0 obj PDStructTreeRoot)/K[0](3730 0 obj SEDocument Document)/K[1](3745 0 obj SEPart Part)/K[0](3778 0 obj SESect Sect)/K[1](3781 0 obj SETOC TOC)/K[1](3792 0 obj SEP P)/K[89](3883 0 obj SETOCI TOCI)], locationContext=null, errorMessage=null], 
TestAssertion [ruleId=RuleId [specification=ISO 14289-1:2014, clause=7.2, testNumber=26], status=failed,
message=TOCI element should be contained in TOC element,
location=Location [level=CosDocument, context=root/document[0]/StructTreeRoot[0](3728 0 obj PDStructTreeRoot)/K[0](3730 0 obj SEDocument Document)/K[1](3745 0 obj SEPart Part)/K[0](3778 0 obj SESect Sect)/K[1](3781 0 obj SETOC TOC)/K[1](3792 0 obj SEP P)/K[90](3884 0 obj SETOCI TOCI)], locationContext=null, errorMessage=null], 
TestAssertion [ruleId=RuleId [specification=ISO 14289-1:2014, clause=7.2, testNumber=26], status=failed,
message=TOCI element should be contained in TOC element,
location=Location [level=CosDocument, context=root/document[0]/StructTreeRoot[0](3728 0 obj PDStructTreeRoot)/K[0](3730 0 obj SEDocument Document)/K[1](3745 0 obj SEPart Part)/K[0](3778 0 obj SESect Sect)/K[1](3781 0 obj SETOC TOC)/K[1](3792 0 obj SEP P)/K[91](3885 0 obj SETOCI TOCI)], locationContext=null, errorMessage=null], 
TestAssertion [ruleId=RuleId [specification=ISO 14289-1:2014, clause=7.2, testNumber=26], status=failed,
message=TOCI element should be contained in TOC element,
location=Location [level=CosDocument, context=root/document[0]/StructTreeRoot[0](3728 0 obj PDStructTreeRoot)/K[0](3730 0 obj SEDocument Document)/K[1](3745 0 obj SEPart Part)/K[0](3778 0 obj SESect Sect)/K[1](3781 0 obj SETOC TOC)/K[1](3792 0 obj SEP P)/K[92](3886 0 obj SETOCI TOCI)], locationContext=null, errorMessage=null], 
TestAssertion [ruleId=RuleId [specification=ISO 14289-1:2014, clause=7.2, testNumber=26], status=failed,
message=TOCI element should be contained in TOC element,
location=Location [level=CosDocument, context=root/document[0]/StructTreeRoot[0](3728 0 obj PDStructTreeRoot)/K[0](3730 0 obj SEDocument Document)/K[1](3745 0 obj SEPart Part)/K[0](3778 0 obj SESect Sect)/K[1](3781 0 obj SETOC TOC)/K[1](3792 0 obj SEP P)/K[93](3887 0 obj SETOCI TOCI)], locationContext=null, errorMessage=null], 
TestAssertion [ruleId=RuleId [specification=ISO 14289-1:2014, clause=7.2, testNumber=26], status=failed,
message=TOCI element should be contained in TOC element,
location=Location [level=CosDocument, context=root/document[0]/StructTreeRoot[0](3728 0 obj PDStructTreeRoot)/K[0](3730 0 obj SEDocument Document)/K[1](3745 0 obj SEPart Part)/K[0](3778 0 obj SESect Sect)/K[1](3781 0 obj SETOC TOC)/K[1](3792 0 obj SEP P)/K[94](3888 0 obj SETOCI TOCI)], locationContext=null, errorMessage=null], 
TestAssertion [ruleId=RuleId [specification=ISO 14289-1:2014, clause=7.2, testNumber=26], status=failed,
message=TOCI element should be contained in TOC element,
location=Location [level=CosDocument, context=root/document[0]/StructTreeRoot[0](3728 0 obj PDStructTreeRoot)/K[0](3730 0 obj SEDocument Document)/K[1](3745 0 obj SEPart Part)/K[0](3778 0 obj SESect Sect)/K[1](3781 0 obj SETOC TOC)/K[1](3792 0 obj SEP P)/K[95](3889 0 obj SETOCI TOCI)], locationContext=null, errorMessage=null], 
TestAssertion [ruleId=RuleId [specification=ISO 14289-1:2014, clause=7.2, testNumber=26], status=failed,
message=TOCI element should be contained in TOC element,
location=Location [level=CosDocument, context=root/document[0]/StructTreeRoot[0](3728 0 obj PDStructTreeRoot)/K[0](3730 0 obj SEDocument Document)/K[1](3745 0 obj SEPart Part)/K[0](3778 0 obj SESect Sect)/K[1](3781 0 obj SETOC TOC)/K[1](3792 0 obj SEP P)/K[96](3890 0 obj SETOCI TOCI)], locationContext=null, errorMessage=null], 
TestAssertion [ruleId=RuleId [specification=ISO 14289-1:2014, clause=7.2, testNumber=26], status=failed,
message=TOCI element should be contained in TOC element,
location=Location [level=CosDocument, context=root/document[0]/StructTreeRoot[0](3728 0 obj PDStructTreeRoot)/K[0](3730 0 obj SEDocument Document)/K[1](3745 0 obj SEPart Part)/K[0](3778 0 obj SESect Sect)/K[1](3781 0 obj SETOC TOC)/K[1](3792 0 obj SEP P)/K[97](3891 0 obj SETOCI TOCI)], locationContext=null, errorMessage=null], 
TestAssertion [ruleId=RuleId [specification=ISO 14289-1:2014, clause=7.2, testNumber=26], status=failed,
message=TOCI element should be contained in TOC element,
location=Location [level=CosDocument, context=root/document[0]/StructTreeRoot[0](3728 0 obj PDStructTreeRoot)/K[0](3730 0 obj SEDocument Document)/K[1](3745 0 obj SEPart Part)/K[0](3778 0 obj SESect Sect)/K[1](3781 0 obj SETOC TOC)/K[1](3792 0 obj SEP P)/K[98](3892 0 obj SETOCI TOCI)], locationContext=null, errorMessage=null], 
TestAssertion [ruleId=RuleId [specification=ISO 14289-1:2014, clause=7.2, testNumber=26], status=failed,
message=TOCI element should be contained in TOC element,
location=Location [level=CosDocument, context=root/document[0]/StructTreeRoot[0](3728 0 obj PDStructTreeRoot)/K[0](3730 0 obj SEDocument Document)/K[1](3745 0 obj SEPart Part)/K[0](3778 0 obj SESect Sect)/K[1](3781 0 obj SETOC TOC)/K[1](3792 0 obj SEP P)/K[99](3893 0 obj SETOCI TOCI)], locationContext=null, errorMessage=null]], isCompliant=false]
