The contents of fo:block line 1 exceed the available area in the inline-progression direction by 1924 millipoints. (See position 25:51298)
The contents of fo:region-body on page 46 exceed its viewport by 330 millipoints. (See position 1:2112)
PDF isn't valid PDF/UA-1:
ValidationResult [flavour=ua1, totalAssertions=737781, assertions=[
TestAssertion [ruleId=RuleId [specification=ISO 14289-1:2014, clause=7.2, testNumber=27], status=failed,
message=TOC element may contain only TOC, TOCI and Caption elements,
location=Location [level=CosDocument, context=root/document[0]/StructTreeRoot[0](5274 0 obj PDStructTreeRoot)/K[0](5276 0 obj SEDocument Document)/K[1](5306 0 obj SEPart Part)/K[0](5336 0 obj SESect Sect)/K[1](5339 0 obj SETOC TOC)], locationContext=null, errorMessage=null], 
TestAssertion [ruleId=RuleId [specification=ISO 14289-1:2014, clause=7.2, testNumber=26], status=failed,
message=TOCI element should be contained in TOC element,
location=Location [level=CosDocument, context=root/document[0]/StructTreeRoot[0](5274 0 obj PDStructTreeRoot)/K[0](5276 0 obj SEDocument Document)/K[1](5306 0 obj SEPart Part)/K[0](5336 0 obj SESect Sect)/K[1](5339 0 obj SETOC TOC)/K[1](5350 0 obj SEP P)/K[0](5352 0 obj SETOCI TOCI)], locationContext=null, errorMessage=null], 
TestAssertion [ruleId=RuleId [specification=ISO 14289-1:2014, clause=7.2, testNumber=26], status=failed,
message=TOCI element should be contained in TOC element,
location=Location [level=CosDocument, context=root/document[0]/StructTreeRoot[0](5274 0 obj PDStructTreeRoot)/K[0](5276 0 obj SEDocument Document)/K[1](5306 0 obj SEPart Part)/K[0](5336 0 obj SESect Sect)/K[1](5339 0 obj SETOC TOC)/K[1](5350 0 obj SEP P)/K[1](5353 0 obj SETOCI TOCI)], locationContext=null, errorMessage=null], 
TestAssertion [ruleId=RuleId [specification=ISO 14289-1:2014, clause=7.2, testNumber=26], status=failed,
message=TOCI element should be contained in TOC element,
location=Location [level=CosDocument, context=root/document[0]/StructTreeRoot[0](5274 0 obj PDStructTreeRoot)/K[0](5276 0 obj SEDocument Document)/K[1](5306 0 obj SEPart Part)/K[0](5336 0 obj SESect Sect)/K[1](5339 0 obj SETOC TOC)/K[1](5350 0 obj SEP P)/K[2](5354 0 obj SETOCI TOCI)], locationContext=null, errorMessage=null], 
TestAssertion [ruleId=RuleId [specification=ISO 14289-1:2014, clause=7.2, testNumber=26], status=failed,
message=TOCI element should be contained in TOC element,
location=Location [level=CosDocument, context=root/document[0]/StructTreeRoot[0](5274 0 obj PDStructTreeRoot)/K[0](5276 0 obj SEDocument Document)/K[1](5306 0 obj SEPart Part)/K[0](5336 0 obj SESect Sect)/K[1](5339 0 obj SETOC TOC)/K[1](5350 0 obj SEP P)/K[3](5355 0 obj SETOCI TOCI)], locationContext=null, errorMessage=null], 
TestAssertion [ruleId=RuleId [specification=ISO 14289-1:2014, clause=7.2, testNumber=26], status=failed,
message=TOCI element should be contained in TOC element,
location=Location [level=CosDocument, context=root/document[0]/StructTreeRoot[0](5274 0 obj PDStructTreeRoot)/K[0](5276 0 obj SEDocument Document)/K[1](5306 0 obj SEPart Part)/K[0](5336 0 obj SESect Sect)/K[1](5339 0 obj SETOC TOC)/K[1](5350 0 obj SEP P)/K[4](5356 0 obj SETOCI TOCI)], locationContext=null, errorMessage=null], 
TestAssertion [ruleId=RuleId [specification=ISO 14289-1:2014, clause=7.2, testNumber=26], status=failed,
message=TOCI element should be contained in TOC element,
location=Location [level=CosDocument, context=root/document[0]/StructTreeRoot[0](5274 0 obj PDStructTreeRoot)/K[0](5276 0 obj SEDocument Document)/K[1](5306 0 obj SEPart Part)/K[0](5336 0 obj SESect Sect)/K[1](5339 0 obj SETOC TOC)/K[1](5350 0 obj SEP P)/K[5](5357 0 obj SETOCI TOCI)], locationContext=null, errorMessage=null], 
TestAssertion [ruleId=RuleId [specification=ISO 14289-1:2014, clause=7.2, testNumber=26], status=failed,
message=TOCI element should be contained in TOC element,
location=Location [level=CosDocument, context=root/document[0]/StructTreeRoot[0](5274 0 obj PDStructTreeRoot)/K[0](5276 0 obj SEDocument Document)/K[1](5306 0 obj SEPart Part)/K[0](5336 0 obj SESect Sect)/K[1](5339 0 obj SETOC TOC)/K[1](5350 0 obj SEP P)/K[6](5358 0 obj SETOCI TOCI)], locationContext=null, errorMessage=null], 
TestAssertion [ruleId=RuleId [specification=ISO 14289-1:2014, clause=7.2, testNumber=26], status=failed,
message=TOCI element should be contained in TOC element,
location=Location [level=CosDocument, context=root/document[0]/StructTreeRoot[0](5274 0 obj PDStructTreeRoot)/K[0](5276 0 obj SEDocument Document)/K[1](5306 0 obj SEPart Part)/K[0](5336 0 obj SESect Sect)/K[1](5339 0 obj SETOC TOC)/K[1](5350 0 obj SEP P)/K[7](5359 0 obj SETOCI TOCI)], locationContext=null, errorMessage=null], 
TestAssertion [ruleId=RuleId [specification=ISO 14289-1:2014, clause=7.2, testNumber=26], status=failed,
message=TOCI element should be contained in TOC element,
location=Location [level=CosDocument, context=root/document[0]/StructTreeRoot[0](5274 0 obj PDStructTreeRoot)/K[0](5276 0 obj SEDocument Document)/K[1](5306 0 obj SEPart Part)/K[0](5336 0 obj SESect Sect)/K[1](5339 0 obj SETOC TOC)/K[1](5350 0 obj SEP P)/K[8](5360 0 obj SETOCI TOCI)], locationContext=null, errorMessage=null], 
TestAssertion [ruleId=RuleId [specification=ISO 14289-1:2014, clause=7.2, testNumber=26], status=failed,
message=TOCI element should be contained in TOC element,
location=Location [level=CosDocument, context=root/document[0]/StructTreeRoot[0](5274 0 obj PDStructTreeRoot)/K[0](5276 0 obj SEDocument Document)/K[1](5306 0 obj SEPart Part)/K[0](5336 0 obj SESect Sect)/K[1](5339 0 obj SETOC TOC)/K[1](5350 0 obj SEP P)/K[9](5361 0 obj SETOCI TOCI)], locationContext=null, errorMessage=null], 
TestAssertion [ruleId=RuleId [specification=ISO 14289-1:2014, clause=7.2, testNumber=26], status=failed,
message=TOCI element should be contained in TOC element,
location=Location [level=CosDocument, context=root/document[0]/StructTreeRoot[0](5274 0 obj PDStructTreeRoot)/K[0](5276 0 obj SEDocument Document)/K[1](5306 0 obj SEPart Part)/K[0](5336 0 obj SESect Sect)/K[1](5339 0 obj SETOC TOC)/K[1](5350 0 obj SEP P)/K[10](5362 0 obj SETOCI TOCI)], locationContext=null, errorMessage=null], 
TestAssertion [ruleId=RuleId [specification=ISO 14289-1:2014, clause=7.2, testNumber=26], status=failed,
message=TOCI element should be contained in TOC element,
location=Location [level=CosDocument, context=root/document[0]/StructTreeRoot[0](5274 0 obj PDStructTreeRoot)/K[0](5276 0 obj SEDocument Document)/K[1](5306 0 obj SEPart Part)/K[0](5336 0 obj SESect Sect)/K[1](5339 0 obj SETOC TOC)/K[1](5350 0 obj SEP P)/K[11](5363 0 obj SETOCI TOCI)], locationContext=null, errorMessage=null], 
TestAssertion [ruleId=RuleId [specification=ISO 14289-1:2014, clause=7.2, testNumber=26], status=failed,
message=TOCI element should be contained in TOC element,
location=Location [level=CosDocument, context=root/document[0]/StructTreeRoot[0](5274 0 obj PDStructTreeRoot)/K[0](5276 0 obj SEDocument Document)/K[1](5306 0 obj SEPart Part)/K[0](5336 0 obj SESect Sect)/K[1](5339 0 obj SETOC TOC)/K[1](5350 0 obj SEP P)/K[12](5364 0 obj SETOCI TOCI)], locationContext=null, errorMessage=null], 
TestAssertion [ruleId=RuleId [specification=ISO 14289-1:2014, clause=7.2, testNumber=26], status=failed,
message=TOCI element should be contained in TOC element,
location=Location [level=CosDocument, context=root/document[0]/StructTreeRoot[0](5274 0 obj PDStructTreeRoot)/K[0](5276 0 obj SEDocument Document)/K[1](5306 0 obj SEPart Part)/K[0](5336 0 obj SESect Sect)/K[1](5339 0 obj SETOC TOC)/K[1](5350 0 obj SEP P)/K[13](5365 0 obj SETOCI TOCI)], locationContext=null, errorMessage=null], 
TestAssertion [ruleId=RuleId [specification=ISO 14289-1:2014, clause=7.2, testNumber=26], status=failed,
message=TOCI element should be contained in TOC element,
location=Location [level=CosDocument, context=root/document[0]/StructTreeRoot[0](5274 0 obj PDStructTreeRoot)/K[0](5276 0 obj SEDocument Document)/K[1](5306 0 obj SEPart Part)/K[0](5336 0 obj SESect Sect)/K[1](5339 0 obj SETOC TOC)/K[1](5350 0 obj SEP P)/K[14](5366 0 obj SETOCI TOCI)], locationContext=null, errorMessage=null], 
TestAssertion [ruleId=RuleId [specification=ISO 14289-1:2014, clause=7.2, testNumber=26], status=failed,
message=TOCI element should be contained in TOC element,
location=Location [level=CosDocument, context=root/document[0]/StructTreeRoot[0](5274 0 obj PDStructTreeRoot)/K[0](5276 0 obj SEDocument Document)/K[1](5306 0 obj SEPart Part)/K[0](5336 0 obj SESect Sect)/K[1](5339 0 obj SETOC TOC)/K[1](5350 0 obj SEP P)/K[15](5367 0 obj SETOCI TOCI)], locationContext=null, errorMessage=null], 
TestAssertion [ruleId=RuleId [specification=ISO 14289-1:2014, clause=7.2, testNumber=26], status=failed,
message=TOCI element should be contained in TOC element,
location=Location [level=CosDocument, context=root/document[0]/StructTreeRoot[0](5274 0 obj PDStructTreeRoot)/K[0](5276 0 obj SEDocument Document)/K[1](5306 0 obj SEPart Part)/K[0](5336 0 obj SESect Sect)/K[1](5339 0 obj SETOC TOC)/K[1](5350 0 obj SEP P)/K[16](5368 0 obj SETOCI TOCI)], locationContext=null, errorMessage=null], 
TestAssertion [ruleId=RuleId [specification=ISO 14289-1:2014, clause=7.2, testNumber=26], status=failed,
message=TOCI element should be contained in TOC element,
location=Location [level=CosDocument, context=root/document[0]/StructTreeRoot[0](5274 0 obj PDStructTreeRoot)/K[0](5276 0 obj SEDocument Document)/K[1](5306 0 obj SEPart Part)/K[0](5336 0 obj SESect Sect)/K[1](5339 0 obj SETOC TOC)/K[1](5350 0 obj SEP P)/K[17](5369 0 obj SETOCI TOCI)], locationContext=null, errorMessage=null], 
TestAssertion [ruleId=RuleId [specification=ISO 14289-1:2014, clause=7.2, testNumber=26], status=failed,
message=TOCI element should be contained in TOC element,
location=Location [level=CosDocument, context=root/document[0]/StructTreeRoot[0](5274 0 obj PDStructTreeRoot)/K[0](5276 0 obj SEDocument Document)/K[1](5306 0 obj SEPart Part)/K[0](5336 0 obj SESect Sect)/K[1](5339 0 obj SETOC TOC)/K[1](5350 0 obj SEP P)/K[18](5370 0 obj SETOCI TOCI)], locationContext=null, errorMessage=null], 
TestAssertion [ruleId=RuleId [specification=ISO 14289-1:2014, clause=7.2, testNumber=26], status=failed,
message=TOCI element should be contained in TOC element,
location=Location [level=CosDocument, context=root/document[0]/StructTreeRoot[0](5274 0 obj PDStructTreeRoot)/K[0](5276 0 obj SEDocument Document)/K[1](5306 0 obj SEPart Part)/K[0](5336 0 obj SESect Sect)/K[1](5339 0 obj SETOC TOC)/K[1](5350 0 obj SEP P)/K[19](5371 0 obj SETOCI TOCI)], locationContext=null, errorMessage=null], 
TestAssertion [ruleId=RuleId [specification=ISO 14289-1:2014, clause=7.2, testNumber=26], status=failed,
message=TOCI element should be contained in TOC element,
location=Location [level=CosDocument, context=root/document[0]/StructTreeRoot[0](5274 0 obj PDStructTreeRoot)/K[0](5276 0 obj SEDocument Document)/K[1](5306 0 obj SEPart Part)/K[0](5336 0 obj SESect Sect)/K[1](5339 0 obj SETOC TOC)/K[1](5350 0 obj SEP P)/K[20](5372 0 obj SETOCI TOCI)], locationContext=null, errorMessage=null], 
TestAssertion [ruleId=RuleId [specification=ISO 14289-1:2014, clause=7.2, testNumber=26], status=failed,
message=TOCI element should be contained in TOC element,
location=Location [level=CosDocument, context=root/document[0]/StructTreeRoot[0](5274 0 obj PDStructTreeRoot)/K[0](5276 0 obj SEDocument Document)/K[1](5306 0 obj SEPart Part)/K[0](5336 0 obj SESect Sect)/K[1](5339 0 obj SETOC TOC)/K[1](5350 0 obj SEP P)/K[21](5373 0 obj SETOCI TOCI)], locationContext=null, errorMessage=null], 
TestAssertion [ruleId=RuleId [specification=ISO 14289-1:2014, clause=7.2, testNumber=26], status=failed,
message=TOCI element should be contained in TOC element,
location=Location [level=CosDocument, context=root/document[0]/StructTreeRoot[0](5274 0 obj PDStructTreeRoot)/K[0](5276 0 obj SEDocument Document)/K[1](5306 0 obj SEPart Part)/K[0](5336 0 obj SESect Sect)/K[1](5339 0 obj SETOC TOC)/K[1](5350 0 obj SEP P)/K[22](5374 0 obj SETOCI TOCI)], locationContext=null, errorMessage=null], 
TestAssertion [ruleId=RuleId [specification=ISO 14289-1:2014, clause=7.2, testNumber=26], status=failed,
message=TOCI element should be contained in TOC element,
location=Location [level=CosDocument, context=root/document[0]/StructTreeRoot[0](5274 0 obj PDStructTreeRoot)/K[0](5276 0 obj SEDocument Document)/K[1](5306 0 obj SEPart Part)/K[0](5336 0 obj SESect Sect)/K[1](5339 0 obj SETOC TOC)/K[1](5350 0 obj SEP P)/K[23](5375 0 obj SETOCI TOCI)], locationContext=null, errorMessage=null], 
TestAssertion [ruleId=RuleId [specification=ISO 14289-1:2014, clause=7.2, testNumber=26], status=failed,
message=TOCI element should be contained in TOC element,
location=Location [level=CosDocument, context=root/document[0]/StructTreeRoot[0](5274 0 obj PDStructTreeRoot)/K[0](5276 0 obj SEDocument Document)/K[1](5306 0 obj SEPart Part)/K[0](5336 0 obj SESect Sect)/K[1](5339 0 obj SETOC TOC)/K[1](5350 0 obj SEP P)/K[24](5376 0 obj SETOCI TOCI)], locationContext=null, errorMessage=null], 
TestAssertion [ruleId=RuleId [specification=ISO 14289-1:2014, clause=7.2, testNumber=26], status=failed,
message=TOCI element should be contained in TOC element,
location=Location [level=CosDocument, context=root/document[0]/StructTreeRoot[0](5274 0 obj PDStructTreeRoot)/K[0](5276 0 obj SEDocument Document)/K[1](5306 0 obj SEPart Part)/K[0](5336 0 obj SESect Sect)/K[1](5339 0 obj SETOC TOC)/K[1](5350 0 obj SEP P)/K[25](5377 0 obj SETOCI TOCI)], locationContext=null, errorMessage=null], 
TestAssertion [ruleId=RuleId [specification=ISO 14289-1:2014, clause=7.2, testNumber=26], status=failed,
message=TOCI element should be contained in TOC element,
location=Location [level=CosDocument, context=root/document[0]/StructTreeRoot[0](5274 0 obj PDStructTreeRoot)/K[0](5276 0 obj SEDocument Document)/K[1](5306 0 obj SEPart Part)/K[0](5336 0 obj SESect Sect)/K[1](5339 0 obj SETOC TOC)/K[1](5350 0 obj SEP P)/K[26](5378 0 obj SETOCI TOCI)], locationContext=null, errorMessage=null], 
TestAssertion [ruleId=RuleId [specification=ISO 14289-1:2014, clause=7.2, testNumber=26], status=failed,
message=TOCI element should be contained in TOC element,
location=Location [level=CosDocument, context=root/document[0]/StructTreeRoot[0](5274 0 obj PDStructTreeRoot)/K[0](5276 0 obj SEDocument Document)/K[1](5306 0 obj SEPart Part)/K[0](5336 0 obj SESect Sect)/K[1](5339 0 obj SETOC TOC)/K[1](5350 0 obj SEP P)/K[27](5379 0 obj SETOCI TOCI)], locationContext=null, errorMessage=null], 
TestAssertion [ruleId=RuleId [specification=ISO 14289-1:2014, clause=7.2, testNumber=26], status=failed,
message=TOCI element should be contained in TOC element,
location=Location [level=CosDocument, context=root/document[0]/StructTreeRoot[0](5274 0 obj PDStructTreeRoot)/K[0](5276 0 obj SEDocument Document)/K[1](5306 0 obj SEPart Part)/K[0](5336 0 obj SESect Sect)/K[1](5339 0 obj SETOC TOC)/K[1](5350 0 obj SEP P)/K[28](5380 0 obj SETOCI TOCI)], locationContext=null, errorMessage=null], 
TestAssertion [ruleId=RuleId [specification=ISO 14289-1:2014, clause=7.2, testNumber=26], status=failed,
message=TOCI element should be contained in TOC element,
location=Location [level=CosDocument, context=root/document[0]/StructTreeRoot[0](5274 0 obj PDStructTreeRoot)/K[0](5276 0 obj SEDocument Document)/K[1](5306 0 obj SEPart Part)/K[0](5336 0 obj SESect Sect)/K[1](5339 0 obj SETOC TOC)/K[1](5350 0 obj SEP P)/K[29](5381 0 obj SETOCI TOCI)], locationContext=null, errorMessage=null], 
TestAssertion [ruleId=RuleId [specification=ISO 14289-1:2014, clause=7.2, testNumber=26], status=failed,
message=TOCI element should be contained in TOC element,
location=Location [level=CosDocument, context=root/document[0]/StructTreeRoot[0](5274 0 obj PDStructTreeRoot)/K[0](5276 0 obj SEDocument Document)/K[1](5306 0 obj SEPart Part)/K[0](5336 0 obj SESect Sect)/K[1](5339 0 obj SETOC TOC)/K[1](5350 0 obj SEP P)/K[30](5382 0 obj SETOCI TOCI)], locationContext=null, errorMessage=null], 
TestAssertion [ruleId=RuleId [specification=ISO 14289-1:2014, clause=7.2, testNumber=26], status=failed,
message=TOCI element should be contained in TOC element,
location=Location [level=CosDocument, context=root/document[0]/StructTreeRoot[0](5274 0 obj PDStructTreeRoot)/K[0](5276 0 obj SEDocument Document)/K[1](5306 0 obj SEPart Part)/K[0](5336 0 obj SESect Sect)/K[1](5339 0 obj SETOC TOC)/K[1](5350 0 obj SEP P)/K[31](5383 0 obj SETOCI TOCI)], locationContext=null, errorMessage=null], 
TestAssertion [ruleId=RuleId [specification=ISO 14289-1:2014, clause=7.2, testNumber=26], status=failed,
message=TOCI element should be contained in TOC element,
location=Location [level=CosDocument, context=root/document[0]/StructTreeRoot[0](5274 0 obj PDStructTreeRoot)/K[0](5276 0 obj SEDocument Document)/K[1](5306 0 obj SEPart Part)/K[0](5336 0 obj SESect Sect)/K[1](5339 0 obj SETOC TOC)/K[1](5350 0 obj SEP P)/K[32](5384 0 obj SETOCI TOCI)], locationContext=null, errorMessage=null], 
TestAssertion [ruleId=RuleId [specification=ISO 14289-1:2014, clause=7.2, testNumber=26], status=failed,
message=TOCI element should be contained in TOC element,
location=Location [level=CosDocument, context=root/document[0]/StructTreeRoot[0](5274 0 obj PDStructTreeRoot)/K[0](5276 0 obj SEDocument Document)/K[1](5306 0 obj SEPart Part)/K[0](5336 0 obj SESect Sect)/K[1](5339 0 obj SETOC TOC)/K[1](5350 0 obj SEP P)/K[33](5385 0 obj SETOCI TOCI)], locationContext=null, errorMessage=null], 
TestAssertion [ruleId=RuleId [specification=ISO 14289-1:2014, clause=7.2, testNumber=26], status=failed,
message=TOCI element should be contained in TOC element,
location=Location [level=CosDocument, context=root/document[0]/StructTreeRoot[0](5274 0 obj PDStructTreeRoot)/K[0](5276 0 obj SEDocument Document)/K[1](5306 0 obj SEPart Part)/K[0](5336 0 obj SESect Sect)/K[1](5339 0 obj SETOC TOC)/K[1](5350 0 obj SEP P)/K[34](5386 0 obj SETOCI TOCI)], locationContext=null, errorMessage=null], 
TestAssertion [ruleId=RuleId [specification=ISO 14289-1:2014, clause=7.2, testNumber=26], status=failed,
message=TOCI element should be contained in TOC element,
location=Location [level=CosDocument, context=root/document[0]/StructTreeRoot[0](5274 0 obj PDStructTreeRoot)/K[0](5276 0 obj SEDocument Document)/K[1](5306 0 obj SEPart Part)/K[0](5336 0 obj SESect Sect)/K[1](5339 0 obj SETOC TOC)/K[1](5350 0 obj SEP P)/K[35](5387 0 obj SETOCI TOCI)], locationContext=null, errorMessage=null], 
TestAssertion [ruleId=RuleId [specification=ISO 14289-1:2014, clause=7.2, testNumber=26], status=failed,
message=TOCI element should be contained in TOC element,
location=Location [level=CosDocument, context=root/document[0]/StructTreeRoot[0](5274 0 obj PDStructTreeRoot)/K[0](5276 0 obj SEDocument Document)/K[1](5306 0 obj SEPart Part)/K[0](5336 0 obj SESect Sect)/K[1](5339 0 obj SETOC TOC)/K[1](5350 0 obj SEP P)/K[36](5388 0 obj SETOCI TOCI)], locationContext=null, errorMessage=null], 
TestAssertion [ruleId=RuleId [specification=ISO 14289-1:2014, clause=7.2, testNumber=26], status=failed,
message=TOCI element should be contained in TOC element,
location=Location [level=CosDocument, context=root/document[0]/StructTreeRoot[0](5274 0 obj PDStructTreeRoot)/K[0](5276 0 obj SEDocument Document)/K[1](5306 0 obj SEPart Part)/K[0](5336 0 obj SESect Sect)/K[1](5339 0 obj SETOC TOC)/K[1](5350 0 obj SEP P)/K[37](5389 0 obj SETOCI TOCI)], locationContext=null, errorMessage=null], 
TestAssertion [ruleId=RuleId [specification=ISO 14289-1:2014, clause=7.2, testNumber=26], status=failed,
message=TOCI element should be contained in TOC element,
location=Location [level=CosDocument, context=root/document[0]/StructTreeRoot[0](5274 0 obj PDStructTreeRoot)/K[0](5276 0 obj SEDocument Document)/K[1](5306 0 obj SEPart Part)/K[0](5336 0 obj SESect Sect)/K[1](5339 0 obj SETOC TOC)/K[1](5350 0 obj SEP P)/K[38](5390 0 obj SETOCI TOCI)], locationContext=null, errorMessage=null], 
TestAssertion [ruleId=RuleId [specification=ISO 14289-1:2014, clause=7.2, testNumber=26], status=failed,
message=TOCI element should be contained in TOC element,
location=Location [level=CosDocument, context=root/document[0]/StructTreeRoot[0](5274 0 obj PDStructTreeRoot)/K[0](5276 0 obj SEDocument Document)/K[1](5306 0 obj SEPart Part)/K[0](5336 0 obj SESect Sect)/K[1](5339 0 obj SETOC TOC)/K[1](5350 0 obj SEP P)/K[39](5391 0 obj SETOCI TOCI)], locationContext=null, errorMessage=null], 
TestAssertion [ruleId=RuleId [specification=ISO 14289-1:2014, clause=7.2, testNumber=26], status=failed,
message=TOCI element should be contained in TOC element,
location=Location [level=CosDocument, context=root/document[0]/StructTreeRoot[0](5274 0 obj PDStructTreeRoot)/K[0](5276 0 obj SEDocument Document)/K[1](5306 0 obj SEPart Part)/K[0](5336 0 obj SESect Sect)/K[1](5339 0 obj SETOC TOC)/K[1](5350 0 obj SEP P)/K[40](5392 0 obj SETOCI TOCI)], locationContext=null, errorMessage=null], 
TestAssertion [ruleId=RuleId [specification=ISO 14289-1:2014, clause=7.2, testNumber=26], status=failed,
message=TOCI element should be contained in TOC element,
location=Location [level=CosDocument, context=root/document[0]/StructTreeRoot[0](5274 0 obj PDStructTreeRoot)/K[0](5276 0 obj SEDocument Document)/K[1](5306 0 obj SEPart Part)/K[0](5336 0 obj SESect Sect)/K[1](5339 0 obj SETOC TOC)/K[1](5350 0 obj SEP P)/K[41](5393 0 obj SETOCI TOCI)], locationContext=null, errorMessage=null], 
TestAssertion [ruleId=RuleId [specification=ISO 14289-1:2014, clause=7.2, testNumber=26], status=failed,
message=TOCI element should be contained in TOC element,
location=Location [level=CosDocument, context=root/document[0]/StructTreeRoot[0](5274 0 obj PDStructTreeRoot)/K[0](5276 0 obj SEDocument Document)/K[1](5306 0 obj SEPart Part)/K[0](5336 0 obj SESect Sect)/K[1](5339 0 obj SETOC TOC)/K[1](5350 0 obj SEP P)/K[42](5394 0 obj SETOCI TOCI)], locationContext=null, errorMessage=null], 
TestAssertion [ruleId=RuleId [specification=ISO 14289-1:2014, clause=7.2, testNumber=26], status=failed,
message=TOCI element should be contained in TOC element,
location=Location [level=CosDocument, context=root/document[0]/StructTreeRoot[0](5274 0 obj PDStructTreeRoot)/K[0](5276 0 obj SEDocument Document)/K[1](5306 0 obj SEPart Part)/K[0](5336 0 obj SESect Sect)/K[1](5339 0 obj SETOC TOC)/K[1](5350 0 obj SEP P)/K[43](5395 0 obj SETOCI TOCI)], locationContext=null, errorMessage=null], 
TestAssertion [ruleId=RuleId [specification=ISO 14289-1:2014, clause=7.2, testNumber=26], status=failed,
message=TOCI element should be contained in TOC element,
location=Location [level=CosDocument, context=root/document[0]/StructTreeRoot[0](5274 0 obj PDStructTreeRoot)/K[0](5276 0 obj SEDocument Document)/K[1](5306 0 obj SEPart Part)/K[0](5336 0 obj SESect Sect)/K[1](5339 0 obj SETOC TOC)/K[1](5350 0 obj SEP P)/K[44](5396 0 obj SETOCI TOCI)], locationContext=null, errorMessage=null], 
TestAssertion [ruleId=RuleId [specification=ISO 14289-1:2014, clause=7.2, testNumber=26], status=failed,
message=TOCI element should be contained in TOC element,
location=Location [level=CosDocument, context=root/document[0]/StructTreeRoot[0](5274 0 obj PDStructTreeRoot)/K[0](5276 0 obj SEDocument Document)/K[1](5306 0 obj SEPart Part)/K[0](5336 0 obj SESect Sect)/K[1](5339 0 obj SETOC TOC)/K[1](5350 0 obj SEP P)/K[45](5397 0 obj SETOCI TOCI)], locationContext=null, errorMessage=null], 
TestAssertion [ruleId=RuleId [specification=ISO 14289-1:2014, clause=7.2, testNumber=26], status=failed,
message=TOCI element should be contained in TOC element,
location=Location [level=CosDocument, context=root/document[0]/StructTreeRoot[0](5274 0 obj PDStructTreeRoot)/K[0](5276 0 obj SEDocument Document)/K[1](5306 0 obj SEPart Part)/K[0](5336 0 obj SESect Sect)/K[1](5339 0 obj SETOC TOC)/K[1](5350 0 obj SEP P)/K[46](5398 0 obj SETOCI TOCI)], locationContext=null, errorMessage=null], 
TestAssertion [ruleId=RuleId [specification=ISO 14289-1:2014, clause=7.2, testNumber=26], status=failed,
message=TOCI element should be contained in TOC element,
location=Location [level=CosDocument, context=root/document[0]/StructTreeRoot[0](5274 0 obj PDStructTreeRoot)/K[0](5276 0 obj SEDocument Document)/K[1](5306 0 obj SEPart Part)/K[0](5336 0 obj SESect Sect)/K[1](5339 0 obj SETOC TOC)/K[1](5350 0 obj SEP P)/K[47](5399 0 obj SETOCI TOCI)], locationContext=null, errorMessage=null], 
TestAssertion [ruleId=RuleId [specification=ISO 14289-1:2014, clause=7.2, testNumber=26], status=failed,
message=TOCI element should be contained in TOC element,
location=Location [level=CosDocument, context=root/document[0]/StructTreeRoot[0](5274 0 obj PDStructTreeRoot)/K[0](5276 0 obj SEDocument Document)/K[1](5306 0 obj SEPart Part)/K[0](5336 0 obj SESect Sect)/K[1](5339 0 obj SETOC TOC)/K[1](5350 0 obj SEP P)/K[48](5400 0 obj SETOCI TOCI)], locationContext=null, errorMessage=null], 
TestAssertion [ruleId=RuleId [specification=ISO 14289-1:2014, clause=7.2, testNumber=26], status=failed,
message=TOCI element should be contained in TOC element,
location=Location [level=CosDocument, context=root/document[0]/StructTreeRoot[0](5274 0 obj PDStructTreeRoot)/K[0](5276 0 obj SEDocument Document)/K[1](5306 0 obj SEPart Part)/K[0](5336 0 obj SESect Sect)/K[1](5339 0 obj SETOC TOC)/K[1](5350 0 obj SEP P)/K[49](5401 0 obj SETOCI TOCI)], locationContext=null, errorMessage=null], 
TestAssertion [ruleId=RuleId [specification=ISO 14289-1:2014, clause=7.2, testNumber=26], status=failed,
message=TOCI element should be contained in TOC element,
location=Location [level=CosDocument, context=root/document[0]/StructTreeRoot[0](5274 0 obj PDStructTreeRoot)/K[0](5276 0 obj SEDocument Document)/K[1](5306 0 obj SEPart Part)/K[0](5336 0 obj SESect Sect)/K[1](5339 0 obj SETOC TOC)/K[1](5350 0 obj SEP P)/K[50](5402 0 obj SETOCI TOCI)], locationContext=null, errorMessage=null], 
TestAssertion [ruleId=RuleId [specification=ISO 14289-1:2014, clause=7.2, testNumber=26], status=failed,
message=TOCI element should be contained in TOC element,
location=Location [level=CosDocument, context=root/document[0]/StructTreeRoot[0](5274 0 obj PDStructTreeRoot)/K[0](5276 0 obj SEDocument Document)/K[1](5306 0 obj SEPart Part)/K[0](5336 0 obj SESect Sect)/K[1](5339 0 obj SETOC TOC)/K[1](5350 0 obj SEP P)/K[51](5403 0 obj SETOCI TOCI)], locationContext=null, errorMessage=null], 
TestAssertion [ruleId=RuleId [specification=ISO 14289-1:2014, clause=7.2, testNumber=26], status=failed,
message=TOCI element should be contained in TOC element,
location=Location [level=CosDocument, context=root/document[0]/StructTreeRoot[0](5274 0 obj PDStructTreeRoot)/K[0](5276 0 obj SEDocument Document)/K[1](5306 0 obj SEPart Part)/K[0](5336 0 obj SESect Sect)/K[1](5339 0 obj SETOC TOC)/K[1](5350 0 obj SEP P)/K[52](5404 0 obj SETOCI TOCI)], locationContext=null, errorMessage=null], 
TestAssertion [ruleId=RuleId [specification=ISO 14289-1:2014, clause=7.2, testNumber=26], status=failed,
message=TOCI element should be contained in TOC element,
location=Location [level=CosDocument, context=root/document[0]/StructTreeRoot[0](5274 0 obj PDStructTreeRoot)/K[0](5276 0 obj SEDocument Document)/K[1](5306 0 obj SEPart Part)/K[0](5336 0 obj SESect Sect)/K[1](5339 0 obj SETOC TOC)/K[1](5350 0 obj SEP P)/K[53](5405 0 obj SETOCI TOCI)], locationContext=null, errorMessage=null], 
TestAssertion [ruleId=RuleId [specification=ISO 14289-1:2014, clause=7.2, testNumber=26], status=failed,
message=TOCI element should be contained in TOC element,
location=Location [level=CosDocument, context=root/document[0]/StructTreeRoot[0](5274 0 obj PDStructTreeRoot)/K[0](5276 0 obj SEDocument Document)/K[1](5306 0 obj SEPart Part)/K[0](5336 0 obj SESect Sect)/K[1](5339 0 obj SETOC TOC)/K[1](5350 0 obj SEP P)/K[54](5406 0 obj SETOCI TOCI)], locationContext=null, errorMessage=null], 
TestAssertion [ruleId=RuleId [specification=ISO 14289-1:2014, clause=7.2, testNumber=26], status=failed,
message=TOCI element should be contained in TOC element,
location=Location [level=CosDocument, context=root/document[0]/StructTreeRoot[0](5274 0 obj PDStructTreeRoot)/K[0](5276 0 obj SEDocument Document)/K[1](5306 0 obj SEPart Part)/K[0](5336 0 obj SESect Sect)/K[1](5339 0 obj SETOC TOC)/K[1](5350 0 obj SEP P)/K[55](5407 0 obj SETOCI TOCI)], locationContext=null, errorMessage=null], 
TestAssertion [ruleId=RuleId [specification=ISO 14289-1:2014, clause=7.2, testNumber=26], status=failed,
message=TOCI element should be contained in TOC element,
location=Location [level=CosDocument, context=root/document[0]/StructTreeRoot[0](5274 0 obj PDStructTreeRoot)/K[0](5276 0 obj SEDocument Document)/K[1](5306 0 obj SEPart Part)/K[0](5336 0 obj SESect Sect)/K[1](5339 0 obj SETOC TOC)/K[1](5350 0 obj SEP P)/K[56](5408 0 obj SETOCI TOCI)], locationContext=null, errorMessage=null], 
TestAssertion [ruleId=RuleId [specification=ISO 14289-1:2014, clause=7.2, testNumber=26], status=failed,
message=TOCI element should be contained in TOC element,
location=Location [level=CosDocument, context=root/document[0]/StructTreeRoot[0](5274 0 obj PDStructTreeRoot)/K[0](5276 0 obj SEDocument Document)/K[1](5306 0 obj SEPart Part)/K[0](5336 0 obj SESect Sect)/K[1](5339 0 obj SETOC TOC)/K[1](5350 0 obj SEP P)/K[57](5409 0 obj SETOCI TOCI)], locationContext=null, errorMessage=null], 
TestAssertion [ruleId=RuleId [specification=ISO 14289-1:2014, clause=7.2, testNumber=26], status=failed,
message=TOCI element should be contained in TOC element,
location=Location [level=CosDocument, context=root/document[0]/StructTreeRoot[0](5274 0 obj PDStructTreeRoot)/K[0](5276 0 obj SEDocument Document)/K[1](5306 0 obj SEPart Part)/K[0](5336 0 obj SESect Sect)/K[1](5339 0 obj SETOC TOC)/K[1](5350 0 obj SEP P)/K[58](5410 0 obj SETOCI TOCI)], locationContext=null, errorMessage=null], 
TestAssertion [ruleId=RuleId [specification=ISO 14289-1:2014, clause=7.2, testNumber=26], status=failed,
message=TOCI element should be contained in TOC element,
location=Location [level=CosDocument, context=root/document[0]/StructTreeRoot[0](5274 0 obj PDStructTreeRoot)/K[0](5276 0 obj SEDocument Document)/K[1](5306 0 obj SEPart Part)/K[0](5336 0 obj SESect Sect)/K[1](5339 0 obj SETOC TOC)/K[1](5350 0 obj SEP P)/K[59](5411 0 obj SETOCI TOCI)], locationContext=null, errorMessage=null], 
TestAssertion [ruleId=RuleId [specification=ISO 14289-1:2014, clause=7.2, testNumber=26], status=failed,
message=TOCI element should be contained in TOC element,
location=Location [level=CosDocument, context=root/document[0]/StructTreeRoot[0](5274 0 obj PDStructTreeRoot)/K[0](5276 0 obj SEDocument Document)/K[1](5306 0 obj SEPart Part)/K[0](5336 0 obj SESect Sect)/K[1](5339 0 obj SETOC TOC)/K[1](5350 0 obj SEP P)/K[60](5412 0 obj SETOCI TOCI)], locationContext=null, errorMessage=null], 
TestAssertion [ruleId=RuleId [specification=ISO 14289-1:2014, clause=7.2, testNumber=26], status=failed,
message=TOCI element should be contained in TOC element,
location=Location [level=CosDocument, context=root/document[0]/StructTreeRoot[0](5274 0 obj PDStructTreeRoot)/K[0](5276 0 obj SEDocument Document)/K[1](5306 0 obj SEPart Part)/K[0](5336 0 obj SESect Sect)/K[1](5339 0 obj SETOC TOC)/K[1](5350 0 obj SEP P)/K[61](5413 0 obj SETOCI TOCI)], locationContext=null, errorMessage=null], 
TestAssertion [ruleId=RuleId [specification=ISO 14289-1:2014, clause=7.2, testNumber=26], status=failed,
message=TOCI element should be contained in TOC element,
location=Location [level=CosDocument, context=root/document[0]/StructTreeRoot[0](5274 0 obj PDStructTreeRoot)/K[0](5276 0 obj SEDocument Document)/K[1](5306 0 obj SEPart Part)/K[0](5336 0 obj SESect Sect)/K[1](5339 0 obj SETOC TOC)/K[1](5350 0 obj SEP P)/K[62](5414 0 obj SETOCI TOCI)], locationContext=null, errorMessage=null], 
TestAssertion [ruleId=RuleId [specification=ISO 14289-1:2014, clause=7.2, testNumber=26], status=failed,
message=TOCI element should be contained in TOC element,
location=Location [level=CosDocument, context=root/document[0]/StructTreeRoot[0](5274 0 obj PDStructTreeRoot)/K[0](5276 0 obj SEDocument Document)/K[1](5306 0 obj SEPart Part)/K[0](5336 0 obj SESect Sect)/K[1](5339 0 obj SETOC TOC)/K[1](5350 0 obj SEP P)/K[63](5415 0 obj SETOCI TOCI)], locationContext=null, errorMessage=null], 
TestAssertion [ruleId=RuleId [specification=ISO 14289-1:2014, clause=7.2, testNumber=26], status=failed,
message=TOCI element should be contained in TOC element,
location=Location [level=CosDocument, context=root/document[0]/StructTreeRoot[0](5274 0 obj PDStructTreeRoot)/K[0](5276 0 obj SEDocument Document)/K[1](5306 0 obj SEPart Part)/K[0](5336 0 obj SESect Sect)/K[1](5339 0 obj SETOC TOC)/K[1](5350 0 obj SEP P)/K[64](5416 0 obj SETOCI TOCI)], locationContext=null, errorMessage=null], 
TestAssertion [ruleId=RuleId [specification=ISO 14289-1:2014, clause=7.2, testNumber=26], status=failed,
message=TOCI element should be contained in TOC element,
location=Location [level=CosDocument, context=root/document[0]/StructTreeRoot[0](5274 0 obj PDStructTreeRoot)/K[0](5276 0 obj SEDocument Document)/K[1](5306 0 obj SEPart Part)/K[0](5336 0 obj SESect Sect)/K[1](5339 0 obj SETOC TOC)/K[1](5350 0 obj SEP P)/K[65](5417 0 obj SETOCI TOCI)], locationContext=null, errorMessage=null], 
TestAssertion [ruleId=RuleId [specification=ISO 14289-1:2014, clause=7.2, testNumber=26], status=failed,
message=TOCI element should be contained in TOC element,
location=Location [level=CosDocument, context=root/document[0]/StructTreeRoot[0](5274 0 obj PDStructTreeRoot)/K[0](5276 0 obj SEDocument Document)/K[1](5306 0 obj SEPart Part)/K[0](5336 0 obj SESect Sect)/K[1](5339 0 obj SETOC TOC)/K[1](5350 0 obj SEP P)/K[66](5418 0 obj SETOCI TOCI)], locationContext=null, errorMessage=null], 
TestAssertion [ruleId=RuleId [specification=ISO 14289-1:2014, clause=7.2, testNumber=26], status=failed,
message=TOCI element should be contained in TOC element,
location=Location [level=CosDocument, context=root/document[0]/StructTreeRoot[0](5274 0 obj PDStructTreeRoot)/K[0](5276 0 obj SEDocument Document)/K[1](5306 0 obj SEPart Part)/K[0](5336 0 obj SESect Sect)/K[1](5339 0 obj SETOC TOC)/K[1](5350 0 obj SEP P)/K[67](5419 0 obj SETOCI TOCI)], locationContext=null, errorMessage=null], 
TestAssertion [ruleId=RuleId [specification=ISO 14289-1:2014, clause=7.2, testNumber=26], status=failed,
message=TOCI element should be contained in TOC element,
location=Location [level=CosDocument, context=root/document[0]/StructTreeRoot[0](5274 0 obj PDStructTreeRoot)/K[0](5276 0 obj SEDocument Document)/K[1](5306 0 obj SEPart Part)/K[0](5336 0 obj SESect Sect)/K[1](5339 0 obj SETOC TOC)/K[1](5350 0 obj SEP P)/K[68](5420 0 obj SETOCI TOCI)], locationContext=null, errorMessage=null], 
TestAssertion [ruleId=RuleId [specification=ISO 14289-1:2014, clause=7.2, testNumber=26], status=failed,
message=TOCI element should be contained in TOC element,
location=Location [level=CosDocument, context=root/document[0]/StructTreeRoot[0](5274 0 obj PDStructTreeRoot)/K[0](5276 0 obj SEDocument Document)/K[1](5306 0 obj SEPart Part)/K[0](5336 0 obj SESect Sect)/K[1](5339 0 obj SETOC TOC)/K[1](5350 0 obj SEP P)/K[69](5421 0 obj SETOCI TOCI)], locationContext=null, errorMessage=null], 
TestAssertion [ruleId=RuleId [specification=ISO 14289-1:2014, clause=7.2, testNumber=26], status=failed,
message=TOCI element should be contained in TOC element,
location=Location [level=CosDocument, context=root/document[0]/StructTreeRoot[0](5274 0 obj PDStructTreeRoot)/K[0](5276 0 obj SEDocument Document)/K[1](5306 0 obj SEPart Part)/K[0](5336 0 obj SESect Sect)/K[1](5339 0 obj SETOC TOC)/K[1](5350 0 obj SEP P)/K[70](5422 0 obj SETOCI TOCI)], locationContext=null, errorMessage=null], 
TestAssertion [ruleId=RuleId [specification=ISO 14289-1:2014, clause=7.2, testNumber=26], status=failed,
message=TOCI element should be contained in TOC element,
location=Location [level=CosDocument, context=root/document[0]/StructTreeRoot[0](5274 0 obj PDStructTreeRoot)/K[0](5276 0 obj SEDocument Document)/K[1](5306 0 obj SEPart Part)/K[0](5336 0 obj SESect Sect)/K[1](5339 0 obj SETOC TOC)/K[1](5350 0 obj SEP P)/K[71](5423 0 obj SETOCI TOCI)], locationContext=null, errorMessage=null], 
TestAssertion [ruleId=RuleId [specification=ISO 14289-1:2014, clause=7.2, testNumber=26], status=failed,
message=TOCI element should be contained in TOC element,
location=Location [level=CosDocument, context=root/document[0]/StructTreeRoot[0](5274 0 obj PDStructTreeRoot)/K[0](5276 0 obj SEDocument Document)/K[1](5306 0 obj SEPart Part)/K[0](5336 0 obj SESect Sect)/K[1](5339 0 obj SETOC TOC)/K[1](5350 0 obj SEP P)/K[72](5424 0 obj SETOCI TOCI)], locationContext=null, errorMessage=null], 
TestAssertion [ruleId=RuleId [specification=ISO 14289-1:2014, clause=7.2, testNumber=26], status=failed,
message=TOCI element should be contained in TOC element,
location=Location [level=CosDocument, context=root/document[0]/StructTreeRoot[0](5274 0 obj PDStructTreeRoot)/K[0](5276 0 obj SEDocument Document)/K[1](5306 0 obj SEPart Part)/K[0](5336 0 obj SESect Sect)/K[1](5339 0 obj SETOC TOC)/K[1](5350 0 obj SEP P)/K[73](5425 0 obj SETOCI TOCI)], locationContext=null, errorMessage=null], 
TestAssertion [ruleId=RuleId [specification=ISO 14289-1:2014, clause=7.2, testNumber=26], status=failed,
message=TOCI element should be contained in TOC element,
location=Location [level=CosDocument, context=root/document[0]/StructTreeRoot[0](5274 0 obj PDStructTreeRoot)/K[0](5276 0 obj SEDocument Document)/K[1](5306 0 obj SEPart Part)/K[0](5336 0 obj SESect Sect)/K[1](5339 0 obj SETOC TOC)/K[1](5350 0 obj SEP P)/K[74](5426 0 obj SETOCI TOCI)], locationContext=null, errorMessage=null], 
TestAssertion [ruleId=RuleId [specification=ISO 14289-1:2014, clause=7.2, testNumber=26], status=failed,
message=TOCI element should be contained in TOC element,
location=Location [level=CosDocument, context=root/document[0]/StructTreeRoot[0](5274 0 obj PDStructTreeRoot)/K[0](5276 0 obj SEDocument Document)/K[1](5306 0 obj SEPart Part)/K[0](5336 0 obj SESect Sect)/K[1](5339 0 obj SETOC TOC)/K[1](5350 0 obj SEP P)/K[75](5427 0 obj SETOCI TOCI)], locationContext=null, errorMessage=null], 
TestAssertion [ruleId=RuleId [specification=ISO 14289-1:2014, clause=7.2, testNumber=26], status=failed,
message=TOCI element should be contained in TOC element,
location=Location [level=CosDocument, context=root/document[0]/StructTreeRoot[0](5274 0 obj PDStructTreeRoot)/K[0](5276 0 obj SEDocument Document)/K[1](5306 0 obj SEPart Part)/K[0](5336 0 obj SESect Sect)/K[1](5339 0 obj SETOC TOC)/K[1](5350 0 obj SEP P)/K[76](5428 0 obj SETOCI TOCI)], locationContext=null, errorMessage=null], 
TestAssertion [ruleId=RuleId [specification=ISO 14289-1:2014, clause=7.2, testNumber=26], status=failed,
message=TOCI element should be contained in TOC element,
location=Location [level=CosDocument, context=root/document[0]/StructTreeRoot[0](5274 0 obj PDStructTreeRoot)/K[0](5276 0 obj SEDocument Document)/K[1](5306 0 obj SEPart Part)/K[0](5336 0 obj SESect Sect)/K[1](5339 0 obj SETOC TOC)/K[1](5350 0 obj SEP P)/K[77](5429 0 obj SETOCI TOCI)], locationContext=null, errorMessage=null], 
TestAssertion [ruleId=RuleId [specification=ISO 14289-1:2014, clause=7.2, testNumber=26], status=failed,
message=TOCI element should be contained in TOC element,
location=Location [level=CosDocument, context=root/document[0]/StructTreeRoot[0](5274 0 obj PDStructTreeRoot)/K[0](5276 0 obj SEDocument Document)/K[1](5306 0 obj SEPart Part)/K[0](5336 0 obj SESect Sect)/K[1](5339 0 obj SETOC TOC)/K[1](5350 0 obj SEP P)/K[78](5430 0 obj SETOCI TOCI)], locationContext=null, errorMessage=null], 
TestAssertion [ruleId=RuleId [specification=ISO 14289-1:2014, clause=7.2, testNumber=26], status=failed,
message=TOCI element should be contained in TOC element,
location=Location [level=CosDocument, context=root/document[0]/StructTreeRoot[0](5274 0 obj PDStructTreeRoot)/K[0](5276 0 obj SEDocument Document)/K[1](5306 0 obj SEPart Part)/K[0](5336 0 obj SESect Sect)/K[1](5339 0 obj SETOC TOC)/K[1](5350 0 obj SEP P)/K[79](5431 0 obj SETOCI TOCI)], locationContext=null, errorMessage=null], 
TestAssertion [ruleId=RuleId [specification=ISO 14289-1:2014, clause=7.2, testNumber=26], status=failed,
message=TOCI element should be contained in TOC element,
location=Location [level=CosDocument, context=root/document[0]/StructTreeRoot[0](5274 0 obj PDStructTreeRoot)/K[0](5276 0 obj SEDocument Document)/K[1](5306 0 obj SEPart Part)/K[0](5336 0 obj SESect Sect)/K[1](5339 0 obj SETOC TOC)/K[1](5350 0 obj SEP P)/K[80](5432 0 obj SETOCI TOCI)], locationContext=null, errorMessage=null], 
TestAssertion [ruleId=RuleId [specification=ISO 14289-1:2014, clause=7.2, testNumber=26], status=failed,
message=TOCI element should be contained in TOC element,
location=Location [level=CosDocument, context=root/document[0]/StructTreeRoot[0](5274 0 obj PDStructTreeRoot)/K[0](5276 0 obj SEDocument Document)/K[1](5306 0 obj SEPart Part)/K[0](5336 0 obj SESect Sect)/K[1](5339 0 obj SETOC TOC)/K[1](5350 0 obj SEP P)/K[81](5433 0 obj SETOCI TOCI)], locationContext=null, errorMessage=null], 
TestAssertion [ruleId=RuleId [specification=ISO 14289-1:2014, clause=7.2, testNumber=26], status=failed,
message=TOCI element should be contained in TOC element,
location=Location [level=CosDocument, context=root/document[0]/StructTreeRoot[0](5274 0 obj PDStructTreeRoot)/K[0](5276 0 obj SEDocument Document)/K[1](5306 0 obj SEPart Part)/K[0](5336 0 obj SESect Sect)/K[1](5339 0 obj SETOC TOC)/K[1](5350 0 obj SEP P)/K[82](5434 0 obj SETOCI TOCI)], locationContext=null, errorMessage=null], 
TestAssertion [ruleId=RuleId [specification=ISO 14289-1:2014, clause=7.2, testNumber=26], status=failed,
message=TOCI element should be contained in TOC element,
location=Location [level=CosDocument, context=root/document[0]/StructTreeRoot[0](5274 0 obj PDStructTreeRoot)/K[0](5276 0 obj SEDocument Document)/K[1](5306 0 obj SEPart Part)/K[0](5336 0 obj SESect Sect)/K[1](5339 0 obj SETOC TOC)/K[1](5350 0 obj SEP P)/K[83](5435 0 obj SETOCI TOCI)], locationContext=null, errorMessage=null], 
TestAssertion [ruleId=RuleId [specification=ISO 14289-1:2014, clause=7.2, testNumber=26], status=failed,
message=TOCI element should be contained in TOC element,
location=Location [level=CosDocument, context=root/document[0]/StructTreeRoot[0](5274 0 obj PDStructTreeRoot)/K[0](5276 0 obj SEDocument Document)/K[1](5306 0 obj SEPart Part)/K[0](5336 0 obj SESect Sect)/K[1](5339 0 obj SETOC TOC)/K[1](5350 0 obj SEP P)/K[84](5436 0 obj SETOCI TOCI)], locationContext=null, errorMessage=null], 
TestAssertion [ruleId=RuleId [specification=ISO 14289-1:2014, clause=7.2, testNumber=26], status=failed,
message=TOCI element should be contained in TOC element,
location=Location [level=CosDocument, context=root/document[0]/StructTreeRoot[0](5274 0 obj PDStructTreeRoot)/K[0](5276 0 obj SEDocument Document)/K[1](5306 0 obj SEPart Part)/K[0](5336 0 obj SESect Sect)/K[1](5339 0 obj SETOC TOC)/K[1](5350 0 obj SEP P)/K[85](5437 0 obj SETOCI TOCI)], locationContext=null, errorMessage=null], 
TestAssertion [ruleId=RuleId [specification=ISO 14289-1:2014, clause=7.2, testNumber=26], status=failed,
message=TOCI element should be contained in TOC element,
location=Location [level=CosDocument, context=root/document[0]/StructTreeRoot[0](5274 0 obj PDStructTreeRoot)/K[0](5276 0 obj SEDocument Document)/K[1](5306 0 obj SEPart Part)/K[0](5336 0 obj SESect Sect)/K[1](5339 0 obj SETOC TOC)/K[1](5350 0 obj SEP P)/K[86](5438 0 obj SETOCI TOCI)], locationContext=null, errorMessage=null], 
TestAssertion [ruleId=RuleId [specification=ISO 14289-1:2014, clause=7.2, testNumber=26], status=failed,
message=TOCI element should be contained in TOC element,
location=Location [level=CosDocument, context=root/document[0]/StructTreeRoot[0](5274 0 obj PDStructTreeRoot)/K[0](5276 0 obj SEDocument Document)/K[1](5306 0 obj SEPart Part)/K[0](5336 0 obj SESect Sect)/K[1](5339 0 obj SETOC TOC)/K[1](5350 0 obj SEP P)/K[87](5439 0 obj SETOCI TOCI)], locationContext=null, errorMessage=null], 
TestAssertion [ruleId=RuleId [specification=ISO 14289-1:2014, clause=7.2, testNumber=26], status=failed,
message=TOCI element should be contained in TOC element,
location=Location [level=CosDocument, context=root/document[0]/StructTreeRoot[0](5274 0 obj PDStructTreeRoot)/K[0](5276 0 obj SEDocument Document)/K[1](5306 0 obj SEPart Part)/K[0](5336 0 obj SESect Sect)/K[1](5339 0 obj SETOC TOC)/K[1](5350 0 obj SEP P)/K[88](5440 0 obj SETOCI TOCI)], locationContext=null, errorMessage=null], 
TestAssertion [ruleId=RuleId [specification=ISO 14289-1:2014, clause=7.2, testNumber=26], status=failed,
message=TOCI element should be contained in TOC element,
location=Location [level=CosDocument, context=root/document[0]/StructTreeRoot[0](5274 0 obj PDStructTreeRoot)/K[0](5276 0 obj SEDocument Document)/K[1](5306 0 obj SEPart Part)/K[0](5336 0 obj SESect Sect)/K[1](5339 0 obj SETOC TOC)/K[1](5350 0 obj SEP P)/K[89](5441 0 obj SETOCI TOCI)], locationContext=null, errorMessage=null], 
TestAssertion [ruleId=RuleId [specification=ISO 14289-1:2014, clause=7.2, testNumber=26], status=failed,
message=TOCI element should be contained in TOC element,
location=Location [level=CosDocument, context=root/document[0]/StructTreeRoot[0](5274 0 obj PDStructTreeRoot)/K[0](5276 0 obj SEDocument Document)/K[1](5306 0 obj SEPart Part)/K[0](5336 0 obj SESect Sect)/K[1](5339 0 obj SETOC TOC)/K[1](5350 0 obj SEP P)/K[90](5442 0 obj SETOCI TOCI)], locationContext=null, errorMessage=null], 
TestAssertion [ruleId=RuleId [specification=ISO 14289-1:2014, clause=7.2, testNumber=26], status=failed,
message=TOCI element should be contained in TOC element,
location=Location [level=CosDocument, context=root/document[0]/StructTreeRoot[0](5274 0 obj PDStructTreeRoot)/K[0](5276 0 obj SEDocument Document)/K[1](5306 0 obj SEPart Part)/K[0](5336 0 obj SESect Sect)/K[1](5339 0 obj SETOC TOC)/K[1](5350 0 obj SEP P)/K[91](5443 0 obj SETOCI TOCI)], locationContext=null, errorMessage=null], 
TestAssertion [ruleId=RuleId [specification=ISO 14289-1:2014, clause=7.2, testNumber=26], status=failed,
message=TOCI element should be contained in TOC element,
location=Location [level=CosDocument, context=root/document[0]/StructTreeRoot[0](5274 0 obj PDStructTreeRoot)/K[0](5276 0 obj SEDocument Document)/K[1](5306 0 obj SEPart Part)/K[0](5336 0 obj SESect Sect)/K[1](5339 0 obj SETOC TOC)/K[1](5350 0 obj SEP P)/K[92](5444 0 obj SETOCI TOCI)], locationContext=null, errorMessage=null], 
TestAssertion [ruleId=RuleId [specification=ISO 14289-1:2014, clause=7.2, testNumber=26], status=failed,
message=TOCI element should be contained in TOC element,
location=Location [level=CosDocument, context=root/document[0]/StructTreeRoot[0](5274 0 obj PDStructTreeRoot)/K[0](5276 0 obj SEDocument Document)/K[1](5306 0 obj SEPart Part)/K[0](5336 0 obj SESect Sect)/K[1](5339 0 obj SETOC TOC)/K[1](5350 0 obj SEP P)/K[93](5445 0 obj SETOCI TOCI)], locationContext=null, errorMessage=null], 
TestAssertion [ruleId=RuleId [specification=ISO 14289-1:2014, clause=7.2, testNumber=26], status=failed,
message=TOCI element should be contained in TOC element,
location=Location [level=CosDocument, context=root/document[0]/StructTreeRoot[0](5274 0 obj PDStructTreeRoot)/K[0](5276 0 obj SEDocument Document)/K[1](5306 0 obj SEPart Part)/K[0](5336 0 obj SESect Sect)/K[1](5339 0 obj SETOC TOC)/K[1](5350 0 obj SEP P)/K[94](5446 0 obj SETOCI TOCI)], locationContext=null, errorMessage=null], 
TestAssertion [ruleId=RuleId [specification=ISO 14289-1:2014, clause=7.2, testNumber=26], status=failed,
message=TOCI element should be contained in TOC element,
location=Location [level=CosDocument, context=root/document[0]/StructTreeRoot[0](5274 0 obj PDStructTreeRoot)/K[0](5276 0 obj SEDocument Document)/K[1](5306 0 obj SEPart Part)/K[0](5336 0 obj SESect Sect)/K[1](5339 0 obj SETOC TOC)/K[1](5350 0 obj SEP P)/K[95](5447 0 obj SETOCI TOCI)], locationContext=null, errorMessage=null]], isCompliant=false]
