PDF isn't valid PDF/UA-1:
ValidationResult [flavour=ua1, totalAssertions=214494, assertions=[
TestAssertion [ruleId=RuleId [specification=ISO 14289-1:2014, clause=7.2, testNumber=27], status=failed,
message=TOC element may contain only TOC, TOCI and Caption elements,
location=Location [level=CosDocument, context=root/document[0]/StructTreeRoot[0](1705 0 obj PDStructTreeRoot)/K[0](1707 0 obj SEDocument Document)/K[1](1712 0 obj SEPart Part)/K[0](1741 0 obj SESect Sect)/K[1](1744 0 obj SETOC TOC)], locationContext=null, errorMessage=null], 
TestAssertion [ruleId=RuleId [specification=ISO 14289-1:2014, clause=7.2, testNumber=26], status=failed,
message=TOCI element should be contained in TOC element,
location=Location [level=CosDocument, context=root/document[0]/StructTreeRoot[0](1705 0 obj PDStructTreeRoot)/K[0](1707 0 obj SEDocument Document)/K[1](1712 0 obj SEPart Part)/K[0](1741 0 obj SESect Sect)/K[1](1744 0 obj SETOC TOC)/K[1](1773 0 obj SEP P)/K[0](1775 0 obj SETOCI TOCI)], locationContext=null, errorMessage=null], 
TestAssertion [ruleId=RuleId [specification=ISO 14289-1:2014, clause=7.2, testNumber=26], status=failed,
message=TOCI element should be contained in TOC element,
location=Location [level=CosDocument, context=root/document[0]/StructTreeRoot[0](1705 0 obj PDStructTreeRoot)/K[0](1707 0 obj SEDocument Document)/K[1](1712 0 obj SEPart Part)/K[0](1741 0 obj SESect Sect)/K[1](1744 0 obj SETOC TOC)/K[1](1773 0 obj SEP P)/K[1](1776 0 obj SETOCI TOCI)], locationContext=null, errorMessage=null], 
TestAssertion [ruleId=RuleId [specification=ISO 14289-1:2014, clause=7.2, testNumber=26], status=failed,
message=TOCI element should be contained in TOC element,
location=Location [level=CosDocument, context=root/document[0]/StructTreeRoot[0](1705 0 obj PDStructTreeRoot)/K[0](1707 0 obj SEDocument Document)/K[1](1712 0 obj SEPart Part)/K[0](1741 0 obj SESect Sect)/K[1](1744 0 obj SETOC TOC)/K[1](1773 0 obj SEP P)/K[2](1777 0 obj SETOCI TOCI)], locationContext=null, errorMessage=null], 
TestAssertion [ruleId=RuleId [specification=ISO 14289-1:2014, clause=7.2, testNumber=26], status=failed,
message=TOCI element should be contained in TOC element,
location=Location [level=CosDocument, context=root/document[0]/StructTreeRoot[0](1705 0 obj PDStructTreeRoot)/K[0](1707 0 obj SEDocument Document)/K[1](1712 0 obj SEPart Part)/K[0](1741 0 obj SESect Sect)/K[1](1744 0 obj SETOC TOC)/K[1](1773 0 obj SEP P)/K[3](1778 0 obj SETOCI TOCI)], locationContext=null, errorMessage=null], 
TestAssertion [ruleId=RuleId [specification=ISO 14289-1:2014, clause=7.2, testNumber=26], status=failed,
message=TOCI element should be contained in TOC element,
location=Location [level=CosDocument, context=root/document[0]/StructTreeRoot[0](1705 0 obj PDStructTreeRoot)/K[0](1707 0 obj SEDocument Document)/K[1](1712 0 obj SEPart Part)/K[0](1741 0 obj SESect Sect)/K[1](1744 0 obj SETOC TOC)/K[1](1773 0 obj SEP P)/K[4](1779 0 obj SETOCI TOCI)], locationContext=null, errorMessage=null], 
TestAssertion [ruleId=RuleId [specification=ISO 14289-1:2014, clause=7.2, testNumber=26], status=failed,
message=TOCI element should be contained in TOC element,
location=Location [level=CosDocument, context=root/document[0]/StructTreeRoot[0](1705 0 obj PDStructTreeRoot)/K[0](1707 0 obj SEDocument Document)/K[1](1712 0 obj SEPart Part)/K[0](1741 0 obj SESect Sect)/K[1](1744 0 obj SETOC TOC)/K[1](1773 0 obj SEP P)/K[5](1780 0 obj SETOCI TOCI)], locationContext=null, errorMessage=null], 
TestAssertion [ruleId=RuleId [specification=ISO 14289-1:2014, clause=7.2, testNumber=26], status=failed,
message=TOCI element should be contained in TOC element,
location=Location [level=CosDocument, context=root/document[0]/StructTreeRoot[0](1705 0 obj PDStructTreeRoot)/K[0](1707 0 obj SEDocument Document)/K[1](1712 0 obj SEPart Part)/K[0](1741 0 obj SESect Sect)/K[1](1744 0 obj SETOC TOC)/K[1](1773 0 obj SEP P)/K[6](1781 0 obj SETOCI TOCI)], locationContext=null, errorMessage=null], 
TestAssertion [ruleId=RuleId [specification=ISO 14289-1:2014, clause=7.2, testNumber=26], status=failed,
message=TOCI element should be contained in TOC element,
location=Location [level=CosDocument, context=root/document[0]/StructTreeRoot[0](1705 0 obj PDStructTreeRoot)/K[0](1707 0 obj SEDocument Document)/K[1](1712 0 obj SEPart Part)/K[0](1741 0 obj SESect Sect)/K[1](1744 0 obj SETOC TOC)/K[1](1773 0 obj SEP P)/K[7](1782 0 obj SETOCI TOCI)], locationContext=null, errorMessage=null], 
TestAssertion [ruleId=RuleId [specification=ISO 14289-1:2014, clause=7.2, testNumber=26], status=failed,
message=TOCI element should be contained in TOC element,
location=Location [level=CosDocument, context=root/document[0]/StructTreeRoot[0](1705 0 obj PDStructTreeRoot)/K[0](1707 0 obj SEDocument Document)/K[1](1712 0 obj SEPart Part)/K[0](1741 0 obj SESect Sect)/K[1](1744 0 obj SETOC TOC)/K[1](1773 0 obj SEP P)/K[8](1783 0 obj SETOCI TOCI)], locationContext=null, errorMessage=null], 
TestAssertion [ruleId=RuleId [specification=ISO 14289-1:2014, clause=7.2, testNumber=26], status=failed,
message=TOCI element should be contained in TOC element,
location=Location [level=CosDocument, context=root/document[0]/StructTreeRoot[0](1705 0 obj PDStructTreeRoot)/K[0](1707 0 obj SEDocument Document)/K[1](1712 0 obj SEPart Part)/K[0](1741 0 obj SESect Sect)/K[1](1744 0 obj SETOC TOC)/K[1](1773 0 obj SEP P)/K[9](1784 0 obj SETOCI TOCI)], locationContext=null, errorMessage=null], 
TestAssertion [ruleId=RuleId [specification=ISO 14289-1:2014, clause=7.2, testNumber=26], status=failed,
message=TOCI element should be contained in TOC element,
location=Location [level=CosDocument, context=root/document[0]/StructTreeRoot[0](1705 0 obj PDStructTreeRoot)/K[0](1707 0 obj SEDocument Document)/K[1](1712 0 obj SEPart Part)/K[0](1741 0 obj SESect Sect)/K[1](1744 0 obj SETOC TOC)/K[1](1773 0 obj SEP P)/K[10](1785 0 obj SETOCI TOCI)], locationContext=null, errorMessage=null], 
TestAssertion [ruleId=RuleId [specification=ISO 14289-1:2014, clause=7.2, testNumber=26], status=failed,
message=TOCI element should be contained in TOC element,
location=Location [level=CosDocument, context=root/document[0]/StructTreeRoot[0](1705 0 obj PDStructTreeRoot)/K[0](1707 0 obj SEDocument Document)/K[1](1712 0 obj SEPart Part)/K[0](1741 0 obj SESect Sect)/K[1](1744 0 obj SETOC TOC)/K[1](1773 0 obj SEP P)/K[11](1786 0 obj SETOCI TOCI)], locationContext=null, errorMessage=null], 
TestAssertion [ruleId=RuleId [specification=ISO 14289-1:2014, clause=7.2, testNumber=26], status=failed,
message=TOCI element should be contained in TOC element,
location=Location [level=CosDocument, context=root/document[0]/StructTreeRoot[0](1705 0 obj PDStructTreeRoot)/K[0](1707 0 obj SEDocument Document)/K[1](1712 0 obj SEPart Part)/K[0](1741 0 obj SESect Sect)/K[1](1744 0 obj SETOC TOC)/K[1](1773 0 obj SEP P)/K[12](1787 0 obj SETOCI TOCI)], locationContext=null, errorMessage=null], 
TestAssertion [ruleId=RuleId [specification=ISO 14289-1:2014, clause=7.2, testNumber=26], status=failed,
message=TOCI element should be contained in TOC element,
location=Location [level=CosDocument, context=root/document[0]/StructTreeRoot[0](1705 0 obj PDStructTreeRoot)/K[0](1707 0 obj SEDocument Document)/K[1](1712 0 obj SEPart Part)/K[0](1741 0 obj SESect Sect)/K[1](1744 0 obj SETOC TOC)/K[1](1773 0 obj SEP P)/K[13](1788 0 obj SETOCI TOCI)], locationContext=null, errorMessage=null], 
TestAssertion [ruleId=RuleId [specification=ISO 14289-1:2014, clause=7.2, testNumber=26], status=failed,
message=TOCI element should be contained in TOC element,
location=Location [level=CosDocument, context=root/document[0]/StructTreeRoot[0](1705 0 obj PDStructTreeRoot)/K[0](1707 0 obj SEDocument Document)/K[1](1712 0 obj SEPart Part)/K[0](1741 0 obj SESect Sect)/K[1](1744 0 obj SETOC TOC)/K[1](1773 0 obj SEP P)/K[14](1789 0 obj SETOCI TOCI)], locationContext=null, errorMessage=null], 
TestAssertion [ruleId=RuleId [specification=ISO 14289-1:2014, clause=7.2, testNumber=26], status=failed,
message=TOCI element should be contained in TOC element,
location=Location [level=CosDocument, context=root/document[0]/StructTreeRoot[0](1705 0 obj PDStructTreeRoot)/K[0](1707 0 obj SEDocument Document)/K[1](1712 0 obj SEPart Part)/K[0](1741 0 obj SESect Sect)/K[1](1744 0 obj SETOC TOC)/K[1](1773 0 obj SEP P)/K[15](1790 0 obj SETOCI TOCI)], locationContext=null, errorMessage=null], 
TestAssertion [ruleId=RuleId [specification=ISO 14289-1:2014, clause=7.2, testNumber=26], status=failed,
message=TOCI element should be contained in TOC element,
location=Location [level=CosDocument, context=root/document[0]/StructTreeRoot[0](1705 0 obj PDStructTreeRoot)/K[0](1707 0 obj SEDocument Document)/K[1](1712 0 obj SEPart Part)/K[0](1741 0 obj SESect Sect)/K[1](1744 0 obj SETOC TOC)/K[1](1773 0 obj SEP P)/K[16](1791 0 obj SETOCI TOCI)], locationContext=null, errorMessage=null], 
TestAssertion [ruleId=RuleId [specification=ISO 14289-1:2014, clause=7.2, testNumber=26], status=failed,
message=TOCI element should be contained in TOC element,
location=Location [level=CosDocument, context=root/document[0]/StructTreeRoot[0](1705 0 obj PDStructTreeRoot)/K[0](1707 0 obj SEDocument Document)/K[1](1712 0 obj SEPart Part)/K[0](1741 0 obj SESect Sect)/K[1](1744 0 obj SETOC TOC)/K[1](1773 0 obj SEP P)/K[17](1792 0 obj SETOCI TOCI)], locationContext=null, errorMessage=null], 
TestAssertion [ruleId=RuleId [specification=ISO 14289-1:2014, clause=7.2, testNumber=26], status=failed,
message=TOCI element should be contained in TOC element,
location=Location [level=CosDocument, context=root/document[0]/StructTreeRoot[0](1705 0 obj PDStructTreeRoot)/K[0](1707 0 obj SEDocument Document)/K[1](1712 0 obj SEPart Part)/K[0](1741 0 obj SESect Sect)/K[1](1744 0 obj SETOC TOC)/K[1](1773 0 obj SEP P)/K[18](1793 0 obj SETOCI TOCI)], locationContext=null, errorMessage=null], 
TestAssertion [ruleId=RuleId [specification=ISO 14289-1:2014, clause=7.2, testNumber=26], status=failed,
message=TOCI element should be contained in TOC element,
location=Location [level=CosDocument, context=root/document[0]/StructTreeRoot[0](1705 0 obj PDStructTreeRoot)/K[0](1707 0 obj SEDocument Document)/K[1](1712 0 obj SEPart Part)/K[0](1741 0 obj SESect Sect)/K[1](1744 0 obj SETOC TOC)/K[1](1773 0 obj SEP P)/K[19](1794 0 obj SETOCI TOCI)], locationContext=null, errorMessage=null], 
TestAssertion [ruleId=RuleId [specification=ISO 14289-1:2014, clause=7.2, testNumber=26], status=failed,
message=TOCI element should be contained in TOC element,
location=Location [level=CosDocument, context=root/document[0]/StructTreeRoot[0](1705 0 obj PDStructTreeRoot)/K[0](1707 0 obj SEDocument Document)/K[1](1712 0 obj SEPart Part)/K[0](1741 0 obj SESect Sect)/K[1](1744 0 obj SETOC TOC)/K[1](1773 0 obj SEP P)/K[20](1795 0 obj SETOCI TOCI)], locationContext=null, errorMessage=null], 
TestAssertion [ruleId=RuleId [specification=ISO 14289-1:2014, clause=7.2, testNumber=26], status=failed,
message=TOCI element should be contained in TOC element,
location=Location [level=CosDocument, context=root/document[0]/StructTreeRoot[0](1705 0 obj PDStructTreeRoot)/K[0](1707 0 obj SEDocument Document)/K[1](1712 0 obj SEPart Part)/K[0](1741 0 obj SESect Sect)/K[1](1744 0 obj SETOC TOC)/K[1](1773 0 obj SEP P)/K[21](1796 0 obj SETOCI TOCI)], locationContext=null, errorMessage=null], 
TestAssertion [ruleId=RuleId [specification=ISO 14289-1:2014, clause=7.2, testNumber=26], status=failed,
message=TOCI element should be contained in TOC element,
location=Location [level=CosDocument, context=root/document[0]/StructTreeRoot[0](1705 0 obj PDStructTreeRoot)/K[0](1707 0 obj SEDocument Document)/K[1](1712 0 obj SEPart Part)/K[0](1741 0 obj SESect Sect)/K[1](1744 0 obj SETOC TOC)/K[1](1773 0 obj SEP P)/K[22](1797 0 obj SETOCI TOCI)], locationContext=null, errorMessage=null]], isCompliant=false]
