Content overflows the viewport of an fo:block-container in block-progression direction by 34673 millipoints. (See position 1:30536)
PDF isn't valid PDF/UA-1:
ValidationResult [flavour=ua1, totalAssertions=259384, assertions=[
TestAssertion [ruleId=RuleId [specification=ISO 14289-1:2014, clause=7.2, testNumber=27], status=failed,
message=TOC element may contain only TOC, TOCI and Caption elements,
location=Location [level=CosDocument, context=root/document[0]/StructTreeRoot[0](1808 0 obj PDStructTreeRoot)/K[0](1810 0 obj SEDocument Document)/K[1](1815 0 obj SEPart Part)/K[0](1845 0 obj SESect Sect)/K[1](1848 0 obj SETOC TOC)], locationContext=null, errorMessage=null], 
TestAssertion [ruleId=RuleId [specification=ISO 14289-1:2014, clause=7.2, testNumber=26], status=failed,
message=TOCI element should be contained in TOC element,
location=Location [level=CosDocument, context=root/document[0]/StructTreeRoot[0](1808 0 obj PDStructTreeRoot)/K[0](1810 0 obj SEDocument Document)/K[1](1815 0 obj SEPart Part)/K[0](1845 0 obj SESect Sect)/K[1](1848 0 obj SETOC TOC)/K[1](1860 0 obj SEP P)/K[0](1862 0 obj SETOCI TOCI)], locationContext=null, errorMessage=null], 
TestAssertion [ruleId=RuleId [specification=ISO 14289-1:2014, clause=7.2, testNumber=26], status=failed,
message=TOCI element should be contained in TOC element,
location=Location [level=CosDocument, context=root/document[0]/StructTreeRoot[0](1808 0 obj PDStructTreeRoot)/K[0](1810 0 obj SEDocument Document)/K[1](1815 0 obj SEPart Part)/K[0](1845 0 obj SESect Sect)/K[1](1848 0 obj SETOC TOC)/K[1](1860 0 obj SEP P)/K[1](1863 0 obj SETOCI TOCI)], locationContext=null, errorMessage=null], 
TestAssertion [ruleId=RuleId [specification=ISO 14289-1:2014, clause=7.2, testNumber=26], status=failed,
message=TOCI element should be contained in TOC element,
location=Location [level=CosDocument, context=root/document[0]/StructTreeRoot[0](1808 0 obj PDStructTreeRoot)/K[0](1810 0 obj SEDocument Document)/K[1](1815 0 obj SEPart Part)/K[0](1845 0 obj SESect Sect)/K[1](1848 0 obj SETOC TOC)/K[1](1860 0 obj SEP P)/K[2](1864 0 obj SETOCI TOCI)], locationContext=null, errorMessage=null], 
TestAssertion [ruleId=RuleId [specification=ISO 14289-1:2014, clause=7.2, testNumber=26], status=failed,
message=TOCI element should be contained in TOC element,
location=Location [level=CosDocument, context=root/document[0]/StructTreeRoot[0](1808 0 obj PDStructTreeRoot)/K[0](1810 0 obj SEDocument Document)/K[1](1815 0 obj SEPart Part)/K[0](1845 0 obj SESect Sect)/K[1](1848 0 obj SETOC TOC)/K[1](1860 0 obj SEP P)/K[3](1865 0 obj SETOCI TOCI)], locationContext=null, errorMessage=null], 
TestAssertion [ruleId=RuleId [specification=ISO 14289-1:2014, clause=7.2, testNumber=26], status=failed,
message=TOCI element should be contained in TOC element,
location=Location [level=CosDocument, context=root/document[0]/StructTreeRoot[0](1808 0 obj PDStructTreeRoot)/K[0](1810 0 obj SEDocument Document)/K[1](1815 0 obj SEPart Part)/K[0](1845 0 obj SESect Sect)/K[1](1848 0 obj SETOC TOC)/K[1](1860 0 obj SEP P)/K[4](1866 0 obj SETOCI TOCI)], locationContext=null, errorMessage=null], 
TestAssertion [ruleId=RuleId [specification=ISO 14289-1:2014, clause=7.2, testNumber=26], status=failed,
message=TOCI element should be contained in TOC element,
location=Location [level=CosDocument, context=root/document[0]/StructTreeRoot[0](1808 0 obj PDStructTreeRoot)/K[0](1810 0 obj SEDocument Document)/K[1](1815 0 obj SEPart Part)/K[0](1845 0 obj SESect Sect)/K[1](1848 0 obj SETOC TOC)/K[1](1860 0 obj SEP P)/K[5](1867 0 obj SETOCI TOCI)], locationContext=null, errorMessage=null], 
TestAssertion [ruleId=RuleId [specification=ISO 14289-1:2014, clause=7.2, testNumber=26], status=failed,
message=TOCI element should be contained in TOC element,
location=Location [level=CosDocument, context=root/document[0]/StructTreeRoot[0](1808 0 obj PDStructTreeRoot)/K[0](1810 0 obj SEDocument Document)/K[1](1815 0 obj SEPart Part)/K[0](1845 0 obj SESect Sect)/K[1](1848 0 obj SETOC TOC)/K[1](1860 0 obj SEP P)/K[6](1868 0 obj SETOCI TOCI)], locationContext=null, errorMessage=null], 
TestAssertion [ruleId=RuleId [specification=ISO 14289-1:2014, clause=7.2, testNumber=26], status=failed,
message=TOCI element should be contained in TOC element,
location=Location [level=CosDocument, context=root/document[0]/StructTreeRoot[0](1808 0 obj PDStructTreeRoot)/K[0](1810 0 obj SEDocument Document)/K[1](1815 0 obj SEPart Part)/K[0](1845 0 obj SESect Sect)/K[1](1848 0 obj SETOC TOC)/K[1](1860 0 obj SEP P)/K[7](1869 0 obj SETOCI TOCI)], locationContext=null, errorMessage=null], 
TestAssertion [ruleId=RuleId [specification=ISO 14289-1:2014, clause=7.2, testNumber=26], status=failed,
message=TOCI element should be contained in TOC element,
location=Location [level=CosDocument, context=root/document[0]/StructTreeRoot[0](1808 0 obj PDStructTreeRoot)/K[0](1810 0 obj SEDocument Document)/K[1](1815 0 obj SEPart Part)/K[0](1845 0 obj SESect Sect)/K[1](1848 0 obj SETOC TOC)/K[1](1860 0 obj SEP P)/K[8](1870 0 obj SETOCI TOCI)], locationContext=null, errorMessage=null], 
TestAssertion [ruleId=RuleId [specification=ISO 14289-1:2014, clause=7.2, testNumber=26], status=failed,
message=TOCI element should be contained in TOC element,
location=Location [level=CosDocument, context=root/document[0]/StructTreeRoot[0](1808 0 obj PDStructTreeRoot)/K[0](1810 0 obj SEDocument Document)/K[1](1815 0 obj SEPart Part)/K[0](1845 0 obj SESect Sect)/K[1](1848 0 obj SETOC TOC)/K[1](1860 0 obj SEP P)/K[9](1871 0 obj SETOCI TOCI)], locationContext=null, errorMessage=null], 
TestAssertion [ruleId=RuleId [specification=ISO 14289-1:2014, clause=7.2, testNumber=26], status=failed,
message=TOCI element should be contained in TOC element,
location=Location [level=CosDocument, context=root/document[0]/StructTreeRoot[0](1808 0 obj PDStructTreeRoot)/K[0](1810 0 obj SEDocument Document)/K[1](1815 0 obj SEPart Part)/K[0](1845 0 obj SESect Sect)/K[1](1848 0 obj SETOC TOC)/K[1](1860 0 obj SEP P)/K[10](1872 0 obj SETOCI TOCI)], locationContext=null, errorMessage=null], 
TestAssertion [ruleId=RuleId [specification=ISO 14289-1:2014, clause=7.2, testNumber=26], status=failed,
message=TOCI element should be contained in TOC element,
location=Location [level=CosDocument, context=root/document[0]/StructTreeRoot[0](1808 0 obj PDStructTreeRoot)/K[0](1810 0 obj SEDocument Document)/K[1](1815 0 obj SEPart Part)/K[0](1845 0 obj SESect Sect)/K[1](1848 0 obj SETOC TOC)/K[1](1860 0 obj SEP P)/K[11](1873 0 obj SETOCI TOCI)], locationContext=null, errorMessage=null], 
TestAssertion [ruleId=RuleId [specification=ISO 14289-1:2014, clause=7.2, testNumber=26], status=failed,
message=TOCI element should be contained in TOC element,
location=Location [level=CosDocument, context=root/document[0]/StructTreeRoot[0](1808 0 obj PDStructTreeRoot)/K[0](1810 0 obj SEDocument Document)/K[1](1815 0 obj SEPart Part)/K[0](1845 0 obj SESect Sect)/K[1](1848 0 obj SETOC TOC)/K[1](1860 0 obj SEP P)/K[12](1874 0 obj SETOCI TOCI)], locationContext=null, errorMessage=null], 
TestAssertion [ruleId=RuleId [specification=ISO 14289-1:2014, clause=7.2, testNumber=26], status=failed,
message=TOCI element should be contained in TOC element,
location=Location [level=CosDocument, context=root/document[0]/StructTreeRoot[0](1808 0 obj PDStructTreeRoot)/K[0](1810 0 obj SEDocument Document)/K[1](1815 0 obj SEPart Part)/K[0](1845 0 obj SESect Sect)/K[1](1848 0 obj SETOC TOC)/K[1](1860 0 obj SEP P)/K[13](1875 0 obj SETOCI TOCI)], locationContext=null, errorMessage=null], 
TestAssertion [ruleId=RuleId [specification=ISO 14289-1:2014, clause=7.2, testNumber=26], status=failed,
message=TOCI element should be contained in TOC element,
location=Location [level=CosDocument, context=root/document[0]/StructTreeRoot[0](1808 0 obj PDStructTreeRoot)/K[0](1810 0 obj SEDocument Document)/K[1](1815 0 obj SEPart Part)/K[0](1845 0 obj SESect Sect)/K[1](1848 0 obj SETOC TOC)/K[1](1860 0 obj SEP P)/K[14](1876 0 obj SETOCI TOCI)], locationContext=null, errorMessage=null], 
TestAssertion [ruleId=RuleId [specification=ISO 14289-1:2014, clause=7.2, testNumber=26], status=failed,
message=TOCI element should be contained in TOC element,
location=Location [level=CosDocument, context=root/document[0]/StructTreeRoot[0](1808 0 obj PDStructTreeRoot)/K[0](1810 0 obj SEDocument Document)/K[1](1815 0 obj SEPart Part)/K[0](1845 0 obj SESect Sect)/K[1](1848 0 obj SETOC TOC)/K[1](1860 0 obj SEP P)/K[15](1877 0 obj SETOCI TOCI)], locationContext=null, errorMessage=null], 
TestAssertion [ruleId=RuleId [specification=ISO 14289-1:2014, clause=7.2, testNumber=26], status=failed,
message=TOCI element should be contained in TOC element,
location=Location [level=CosDocument, context=root/document[0]/StructTreeRoot[0](1808 0 obj PDStructTreeRoot)/K[0](1810 0 obj SEDocument Document)/K[1](1815 0 obj SEPart Part)/K[0](1845 0 obj SESect Sect)/K[1](1848 0 obj SETOC TOC)/K[1](1860 0 obj SEP P)/K[16](1878 0 obj SETOCI TOCI)], locationContext=null, errorMessage=null], 
TestAssertion [ruleId=RuleId [specification=ISO 14289-1:2014, clause=7.2, testNumber=26], status=failed,
message=TOCI element should be contained in TOC element,
location=Location [level=CosDocument, context=root/document[0]/StructTreeRoot[0](1808 0 obj PDStructTreeRoot)/K[0](1810 0 obj SEDocument Document)/K[1](1815 0 obj SEPart Part)/K[0](1845 0 obj SESect Sect)/K[1](1848 0 obj SETOC TOC)/K[1](1860 0 obj SEP P)/K[17](1879 0 obj SETOCI TOCI)], locationContext=null, errorMessage=null], 
TestAssertion [ruleId=RuleId [specification=ISO 14289-1:2014, clause=7.2, testNumber=26], status=failed,
message=TOCI element should be contained in TOC element,
location=Location [level=CosDocument, context=root/document[0]/StructTreeRoot[0](1808 0 obj PDStructTreeRoot)/K[0](1810 0 obj SEDocument Document)/K[1](1815 0 obj SEPart Part)/K[0](1845 0 obj SESect Sect)/K[1](1848 0 obj SETOC TOC)/K[1](1860 0 obj SEP P)/K[18](1880 0 obj SETOCI TOCI)], locationContext=null, errorMessage=null], 
TestAssertion [ruleId=RuleId [specification=ISO 14289-1:2014, clause=7.2, testNumber=26], status=failed,
message=TOCI element should be contained in TOC element,
location=Location [level=CosDocument, context=root/document[0]/StructTreeRoot[0](1808 0 obj PDStructTreeRoot)/K[0](1810 0 obj SEDocument Document)/K[1](1815 0 obj SEPart Part)/K[0](1845 0 obj SESect Sect)/K[1](1848 0 obj SETOC TOC)/K[1](1860 0 obj SEP P)/K[19](1881 0 obj SETOCI TOCI)], locationContext=null, errorMessage=null], 
TestAssertion [ruleId=RuleId [specification=ISO 14289-1:2014, clause=7.2, testNumber=26], status=failed,
message=TOCI element should be contained in TOC element,
location=Location [level=CosDocument, context=root/document[0]/StructTreeRoot[0](1808 0 obj PDStructTreeRoot)/K[0](1810 0 obj SEDocument Document)/K[1](1815 0 obj SEPart Part)/K[0](1845 0 obj SESect Sect)/K[1](1848 0 obj SETOC TOC)/K[1](1860 0 obj SEP P)/K[20](1882 0 obj SETOCI TOCI)], locationContext=null, errorMessage=null], 
TestAssertion [ruleId=RuleId [specification=ISO 14289-1:2014, clause=7.2, testNumber=26], status=failed,
message=TOCI element should be contained in TOC element,
location=Location [level=CosDocument, context=root/document[0]/StructTreeRoot[0](1808 0 obj PDStructTreeRoot)/K[0](1810 0 obj SEDocument Document)/K[1](1815 0 obj SEPart Part)/K[0](1845 0 obj SESect Sect)/K[1](1848 0 obj SETOC TOC)/K[1](1860 0 obj SEP P)/K[21](1883 0 obj SETOCI TOCI)], locationContext=null, errorMessage=null], 
TestAssertion [ruleId=RuleId [specification=ISO 14289-1:2014, clause=7.2, testNumber=26], status=failed,
message=TOCI element should be contained in TOC element,
location=Location [level=CosDocument, context=root/document[0]/StructTreeRoot[0](1808 0 obj PDStructTreeRoot)/K[0](1810 0 obj SEDocument Document)/K[1](1815 0 obj SEPart Part)/K[0](1845 0 obj SESect Sect)/K[1](1848 0 obj SETOC TOC)/K[1](1860 0 obj SEP P)/K[22](1884 0 obj SETOCI TOCI)], locationContext=null, errorMessage=null], 
TestAssertion [ruleId=RuleId [specification=ISO 14289-1:2014, clause=7.2, testNumber=26], status=failed,
message=TOCI element should be contained in TOC element,
location=Location [level=CosDocument, context=root/document[0]/StructTreeRoot[0](1808 0 obj PDStructTreeRoot)/K[0](1810 0 obj SEDocument Document)/K[1](1815 0 obj SEPart Part)/K[0](1845 0 obj SESect Sect)/K[1](1848 0 obj SETOC TOC)/K[1](1860 0 obj SEP P)/K[23](1885 0 obj SETOCI TOCI)], locationContext=null, errorMessage=null], 
TestAssertion [ruleId=RuleId [specification=ISO 14289-1:2014, clause=7.2, testNumber=26], status=failed,
message=TOCI element should be contained in TOC element,
location=Location [level=CosDocument, context=root/document[0]/StructTreeRoot[0](1808 0 obj PDStructTreeRoot)/K[0](1810 0 obj SEDocument Document)/K[1](1815 0 obj SEPart Part)/K[0](1845 0 obj SESect Sect)/K[1](1848 0 obj SETOC TOC)/K[1](1860 0 obj SEP P)/K[24](1886 0 obj SETOCI TOCI)], locationContext=null, errorMessage=null], 
TestAssertion [ruleId=RuleId [specification=ISO 14289-1:2014, clause=7.2, testNumber=26], status=failed,
message=TOCI element should be contained in TOC element,
location=Location [level=CosDocument, context=root/document[0]/StructTreeRoot[0](1808 0 obj PDStructTreeRoot)/K[0](1810 0 obj SEDocument Document)/K[1](1815 0 obj SEPart Part)/K[0](1845 0 obj SESect Sect)/K[1](1848 0 obj SETOC TOC)/K[1](1860 0 obj SEP P)/K[25](1887 0 obj SETOCI TOCI)], locationContext=null, errorMessage=null], 
TestAssertion [ruleId=RuleId [specification=ISO 14289-1:2014, clause=7.2, testNumber=26], status=failed,
message=TOCI element should be contained in TOC element,
location=Location [level=CosDocument, context=root/document[0]/StructTreeRoot[0](1808 0 obj PDStructTreeRoot)/K[0](1810 0 obj SEDocument Document)/K[1](1815 0 obj SEPart Part)/K[0](1845 0 obj SESect Sect)/K[1](1848 0 obj SETOC TOC)/K[1](1860 0 obj SEP P)/K[26](1888 0 obj SETOCI TOCI)], locationContext=null, errorMessage=null], 
TestAssertion [ruleId=RuleId [specification=ISO 14289-1:2014, clause=7.2, testNumber=26], status=failed,
message=TOCI element should be contained in TOC element,
location=Location [level=CosDocument, context=root/document[0]/StructTreeRoot[0](1808 0 obj PDStructTreeRoot)/K[0](1810 0 obj SEDocument Document)/K[1](1815 0 obj SEPart Part)/K[0](1845 0 obj SESect Sect)/K[1](1848 0 obj SETOC TOC)/K[1](1860 0 obj SEP P)/K[27](1889 0 obj SETOCI TOCI)], locationContext=null, errorMessage=null], 
TestAssertion [ruleId=RuleId [specification=ISO 14289-1:2014, clause=7.2, testNumber=26], status=failed,
message=TOCI element should be contained in TOC element,
location=Location [level=CosDocument, context=root/document[0]/StructTreeRoot[0](1808 0 obj PDStructTreeRoot)/K[0](1810 0 obj SEDocument Document)/K[1](1815 0 obj SEPart Part)/K[0](1845 0 obj SESect Sect)/K[1](1848 0 obj SETOC TOC)/K[1](1860 0 obj SEP P)/K[28](1890 0 obj SETOCI TOCI)], locationContext=null, errorMessage=null], 
TestAssertion [ruleId=RuleId [specification=ISO 14289-1:2014, clause=7.2, testNumber=26], status=failed,
message=TOCI element should be contained in TOC element,
location=Location [level=CosDocument, context=root/document[0]/StructTreeRoot[0](1808 0 obj PDStructTreeRoot)/K[0](1810 0 obj SEDocument Document)/K[1](1815 0 obj SEPart Part)/K[0](1845 0 obj SESect Sect)/K[1](1848 0 obj SETOC TOC)/K[1](1860 0 obj SEP P)/K[29](1891 0 obj SETOCI TOCI)], locationContext=null, errorMessage=null], 
TestAssertion [ruleId=RuleId [specification=ISO 14289-1:2014, clause=7.2, testNumber=26], status=failed,
message=TOCI element should be contained in TOC element,
location=Location [level=CosDocument, context=root/document[0]/StructTreeRoot[0](1808 0 obj PDStructTreeRoot)/K[0](1810 0 obj SEDocument Document)/K[1](1815 0 obj SEPart Part)/K[0](1845 0 obj SESect Sect)/K[1](1848 0 obj SETOC TOC)/K[1](1860 0 obj SEP P)/K[30](1892 0 obj SETOCI TOCI)], locationContext=null, errorMessage=null], 
TestAssertion [ruleId=RuleId [specification=ISO 14289-1:2014, clause=7.2, testNumber=26], status=failed,
message=TOCI element should be contained in TOC element,
location=Location [level=CosDocument, context=root/document[0]/StructTreeRoot[0](1808 0 obj PDStructTreeRoot)/K[0](1810 0 obj SEDocument Document)/K[1](1815 0 obj SEPart Part)/K[0](1845 0 obj SESect Sect)/K[1](1848 0 obj SETOC TOC)/K[1](1860 0 obj SEP P)/K[31](1893 0 obj SETOCI TOCI)], locationContext=null, errorMessage=null], 
TestAssertion [ruleId=RuleId [specification=ISO 14289-1:2014, clause=7.2, testNumber=26], status=failed,
message=TOCI element should be contained in TOC element,
location=Location [level=CosDocument, context=root/document[0]/StructTreeRoot[0](1808 0 obj PDStructTreeRoot)/K[0](1810 0 obj SEDocument Document)/K[1](1815 0 obj SEPart Part)/K[0](1845 0 obj SESect Sect)/K[1](1848 0 obj SETOC TOC)/K[1](1860 0 obj SEP P)/K[32](1894 0 obj SETOCI TOCI)], locationContext=null, errorMessage=null], 
TestAssertion [ruleId=RuleId [specification=ISO 14289-1:2014, clause=7.2, testNumber=26], status=failed,
message=TOCI element should be contained in TOC element,
location=Location [level=CosDocument, context=root/document[0]/StructTreeRoot[0](1808 0 obj PDStructTreeRoot)/K[0](1810 0 obj SEDocument Document)/K[1](1815 0 obj SEPart Part)/K[0](1845 0 obj SESect Sect)/K[1](1848 0 obj SETOC TOC)/K[1](1860 0 obj SEP P)/K[33](1895 0 obj SETOCI TOCI)], locationContext=null, errorMessage=null], 
TestAssertion [ruleId=RuleId [specification=ISO 14289-1:2014, clause=7.2, testNumber=26], status=failed,
message=TOCI element should be contained in TOC element,
location=Location [level=CosDocument, context=root/document[0]/StructTreeRoot[0](1808 0 obj PDStructTreeRoot)/K[0](1810 0 obj SEDocument Document)/K[1](1815 0 obj SEPart Part)/K[0](1845 0 obj SESect Sect)/K[1](1848 0 obj SETOC TOC)/K[1](1860 0 obj SEP P)/K[34](1896 0 obj SETOCI TOCI)], locationContext=null, errorMessage=null], 
TestAssertion [ruleId=RuleId [specification=ISO 14289-1:2014, clause=7.2, testNumber=26], status=failed,
message=TOCI element should be contained in TOC element,
location=Location [level=CosDocument, context=root/document[0]/StructTreeRoot[0](1808 0 obj PDStructTreeRoot)/K[0](1810 0 obj SEDocument Document)/K[1](1815 0 obj SEPart Part)/K[0](1845 0 obj SESect Sect)/K[1](1848 0 obj SETOC TOC)/K[1](1860 0 obj SEP P)/K[35](1897 0 obj SETOCI TOCI)], locationContext=null, errorMessage=null], 
TestAssertion [ruleId=RuleId [specification=ISO 14289-1:2014, clause=7.2, testNumber=26], status=failed,
message=TOCI element should be contained in TOC element,
location=Location [level=CosDocument, context=root/document[0]/StructTreeRoot[0](1808 0 obj PDStructTreeRoot)/K[0](1810 0 obj SEDocument Document)/K[1](1815 0 obj SEPart Part)/K[0](1845 0 obj SESect Sect)/K[1](1848 0 obj SETOC TOC)/K[1](1860 0 obj SEP P)/K[36](1898 0 obj SETOCI TOCI)], locationContext=null, errorMessage=null], 
TestAssertion [ruleId=RuleId [specification=ISO 14289-1:2014, clause=7.2, testNumber=26], status=failed,
message=TOCI element should be contained in TOC element,
location=Location [level=CosDocument, context=root/document[0]/StructTreeRoot[0](1808 0 obj PDStructTreeRoot)/K[0](1810 0 obj SEDocument Document)/K[1](1815 0 obj SEPart Part)/K[0](1845 0 obj SESect Sect)/K[1](1848 0 obj SETOC TOC)/K[1](1860 0 obj SEP P)/K[37](1899 0 obj SETOCI TOCI)], locationContext=null, errorMessage=null]], isCompliant=false]
